<?xml version="1.0" encoding="UTF-8"?>
<coverage generated="1608526033">
  <project timestamp="1608526033">
    <package name="App\Broadcasting\Channels">
      <file name="/build/framgia/ci-v3/api/app/Broadcasting/Channels/JobChannel.php">
        <class name="App\Broadcasting\Channels\JobChannel" namespace="App\Broadcasting\Channels">
          <metrics complexity="1" methods="1" coveredmethods="0" conditionals="0" coveredconditionals="0" statements="2" coveredstatements="0" elements="3" coveredelements="0"/>
        </class>
        <line num="17" type="method" name="join" visibility="public" complexity="1" crap="2" count="0"/>
        <line num="19" type="stmt" count="0"/>
        <line num="21" type="stmt" count="0"/>
        <metrics loc="23" ncloc="16" classes="1" methods="1" coveredmethods="0" conditionals="0" coveredconditionals="0" statements="2" coveredstatements="0" elements="3" coveredelements="0"/>
      </file>
    </package>
    <package name="App\Broadcasting\Events\Jobs">
      <file name="/build/framgia/ci-v3/api/app/Broadcasting/Events/Jobs/NewLog.php">
        <class name="App\Broadcasting\Events\Jobs\NewLog" namespace="App\Broadcasting\Events\Jobs">
          <metrics complexity="3" methods="3" coveredmethods="3" conditionals="0" coveredconditionals="0" statements="5" coveredstatements="5" elements="8" coveredelements="8"/>
        </class>
        <line num="26" type="method" name="__construct" visibility="public" complexity="1" crap="1" count="1"/>
        <line num="28" type="stmt" count="1"/>
        <line num="29" type="stmt" count="1"/>
        <line num="30" type="stmt" count="1"/>
        <line num="37" type="method" name="broadcastOn" visibility="public" complexity="1" crap="1" count="1"/>
        <line num="39" type="stmt" count="1"/>
        <line num="47" type="method" name="broadcastWith" visibility="public" complexity="1" crap="1" count="1"/>
        <line num="49" type="stmt" count="1"/>
        <metrics loc="51" ncloc="35" classes="1" methods="3" coveredmethods="3" conditionals="0" coveredconditionals="0" statements="5" coveredstatements="5" elements="8" coveredelements="8"/>
      </file>
    </package>
    <package name="App\CI\Badges">
      <file name="/build/framgia/ci-v3/api/app/CI/Badges/Badge.php">
        <class name="App\CI\Badges\Badge" namespace="App\CI\Badges">
          <metrics complexity="3" methods="1" coveredmethods="1" conditionals="0" coveredconditionals="0" statements="5" coveredstatements="5" elements="6" coveredelements="6"/>
        </class>
        <line num="20" type="method" name="render" visibility="public" complexity="1" crap="1" count="17"/>
        <line num="22" type="stmt" count="17"/>
        <line num="23" type="stmt" count="17"/>
        <line num="24" type="stmt" count="17"/>
        <line num="26" type="stmt" count="17"/>
        <line num="27" type="stmt" count="17"/>
        <metrics loc="30" ncloc="30" classes="1" methods="1" coveredmethods="1" conditionals="0" coveredconditionals="0" statements="5" coveredstatements="5" elements="6" coveredelements="6"/>
      </file>
      <file name="/build/framgia/ci-v3/api/app/CI/Badges/Coverage.php">
        <class name="App\CI\Badges\Coverage" namespace="App\CI\Badges">
          <metrics complexity="10" methods="6" coveredmethods="6" conditionals="0" coveredconditionals="0" statements="18" coveredstatements="18" elements="24" coveredelements="24"/>
        </class>
        <line num="16" type="method" name="__construct" visibility="public" complexity="2" crap="2" count="7"/>
        <line num="18" type="stmt" count="7"/>
        <line num="19" type="stmt" count="7"/>
        <line num="20" type="stmt" count="7"/>
        <line num="21" type="stmt" count="7"/>
        <line num="23" type="method" name="getView" visibility="protected" complexity="1" crap="1" count="7"/>
        <line num="25" type="stmt" count="7"/>
        <line num="28" type="method" name="getViewData" visibility="protected" complexity="1" crap="1" count="7"/>
        <line num="31" type="stmt" count="7"/>
        <line num="32" type="stmt" count="7"/>
        <line num="33" type="stmt" count="7"/>
        <line num="34" type="stmt" count="7"/>
        <line num="38" type="method" name="getName" visibility="protected" complexity="2" crap="2" count="7"/>
        <line num="40" type="stmt" count="7"/>
        <line num="41" type="stmt" count="1"/>
        <line num="44" type="stmt" count="7"/>
        <line num="47" type="method" name="getText" visibility="protected" complexity="2" crap="2" count="7"/>
        <line num="49" type="stmt" count="7"/>
        <line num="50" type="stmt" count="3"/>
        <line num="51" type="stmt" count="7"/>
        <line num="54" type="method" name="getColor" visibility="protected" complexity="2" crap="2" count="7"/>
        <line num="56" type="stmt" count="7"/>
        <line num="57" type="stmt" count="3"/>
        <line num="58" type="stmt" count="7"/>
        <metrics loc="60" ncloc="57" classes="1" methods="6" coveredmethods="6" conditionals="0" coveredconditionals="0" statements="18" coveredstatements="18" elements="24" coveredelements="24"/>
      </file>
      <file name="/build/framgia/ci-v3/api/app/CI/Badges/Status.php">
        <class name="App\CI\Badges\Status" namespace="App\CI\Badges">
          <metrics complexity="15" methods="5" coveredmethods="5" conditionals="0" coveredconditionals="0" statements="25" coveredstatements="25" elements="30" coveredelements="30"/>
        </class>
        <line num="15" type="method" name="__construct" visibility="public" complexity="1" crap="1" count="10"/>
        <line num="17" type="stmt" count="10"/>
        <line num="18" type="stmt" count="10"/>
        <line num="19" type="stmt" count="10"/>
        <line num="21" type="method" name="getView" visibility="protected" complexity="1" crap="1" count="10"/>
        <line num="23" type="stmt" count="10"/>
        <line num="26" type="method" name="getViewData" visibility="protected" complexity="1" crap="1" count="10"/>
        <line num="29" type="stmt" count="10"/>
        <line num="30" type="stmt" count="10"/>
        <line num="31" type="stmt" count="10"/>
        <line num="35" type="method" name="getColor" visibility="protected" complexity="6" crap="6" count="10"/>
        <line num="37" type="stmt" count="10"/>
        <line num="38" type="stmt" count="1"/>
        <line num="41" type="stmt" count="9"/>
        <line num="42" type="stmt" count="1"/>
        <line num="45" type="stmt" count="8"/>
        <line num="46" type="stmt" count="4"/>
        <line num="49" type="stmt" count="5"/>
        <line num="50" type="stmt" count="1"/>
        <line num="53" type="stmt" count="4"/>
        <line num="56" type="method" name="getText" visibility="protected" complexity="6" crap="6" count="10"/>
        <line num="58" type="stmt" count="10"/>
        <line num="59" type="stmt" count="1"/>
        <line num="62" type="stmt" count="9"/>
        <line num="63" type="stmt" count="1"/>
        <line num="66" type="stmt" count="8"/>
        <line num="67" type="stmt" count="4"/>
        <line num="70" type="stmt" count="5"/>
        <line num="71" type="stmt" count="1"/>
        <line num="74" type="stmt" count="4"/>
        <metrics loc="76" ncloc="74" classes="1" methods="5" coveredmethods="5" conditionals="0" coveredconditionals="0" statements="25" coveredstatements="25" elements="30" coveredelements="30"/>
      </file>
    </package>
    <package name="App\CI\Coverage">
      <file name="/build/framgia/ci-v3/api/app/CI/Coverage/Clover.php">
        <class name="App\CI\Coverage\Clover" namespace="App\CI\Coverage">
          <metrics complexity="2" methods="1" coveredmethods="1" conditionals="0" coveredconditionals="0" statements="6" coveredstatements="6" elements="7" coveredelements="7"/>
        </class>
        <line num="12" type="method" name="parse" visibility="public" complexity="2" crap="2" count="1"/>
        <line num="14" type="stmt" count="1"/>
        <line num="15" type="stmt" count="1"/>
        <line num="16" type="stmt" count="1"/>
        <line num="17" type="stmt" count="1"/>
        <line num="18" type="stmt" count="1"/>
        <line num="20" type="stmt" count="1"/>
        <metrics loc="22" ncloc="17" classes="1" methods="1" coveredmethods="1" conditionals="0" coveredconditionals="0" statements="6" coveredstatements="6" elements="7" coveredelements="7"/>
      </file>
      <file name="/build/framgia/ci-v3/api/app/CI/Coverage/Cobertura.php">
        <class name="App\CI\Coverage\Cobertura" namespace="App\CI\Coverage">
          <metrics complexity="2" methods="1" coveredmethods="0" conditionals="0" coveredconditionals="0" statements="6" coveredstatements="0" elements="7" coveredelements="0"/>
        </class>
        <line num="14" type="method" name="parse" visibility="public" complexity="2" crap="6" count="0"/>
        <line num="16" type="stmt" count="0"/>
        <line num="17" type="stmt" count="0"/>
        <line num="18" type="stmt" count="0"/>
        <line num="19" type="stmt" count="0"/>
        <line num="20" type="stmt" count="0"/>
        <line num="22" type="stmt" count="0"/>
        <metrics loc="24" ncloc="19" classes="1" methods="1" coveredmethods="0" conditionals="0" coveredconditionals="0" statements="6" coveredstatements="0" elements="7" coveredelements="0"/>
      </file>
      <file name="/build/framgia/ci-v3/api/app/CI/Coverage/Jacoco.php">
        <class name="App\CI\Coverage\Jacoco" namespace="App\CI\Coverage">
          <metrics complexity="2" methods="1" coveredmethods="1" conditionals="0" coveredconditionals="0" statements="8" coveredstatements="8" elements="9" coveredelements="9"/>
        </class>
        <line num="14" type="method" name="parse" visibility="public" complexity="2" crap="2" count="1"/>
        <line num="16" type="stmt" count="1"/>
        <line num="18" type="stmt" count="1"/>
        <line num="19" type="stmt" count="1"/>
        <line num="21" type="stmt" count="1"/>
        <line num="22" type="stmt" count="1"/>
        <line num="23" type="stmt" count="1"/>
        <line num="24" type="stmt" count="1"/>
        <line num="26" type="stmt" count="1"/>
        <metrics loc="28" ncloc="23" classes="1" methods="1" coveredmethods="1" conditionals="0" coveredconditionals="0" statements="8" coveredstatements="8" elements="9" coveredelements="9"/>
      </file>
      <file name="/build/framgia/ci-v3/api/app/CI/Coverage/ParserFactory.php">
        <class name="App\CI\Coverage\ParserFactory" namespace="App\CI\Coverage">
          <metrics complexity="3" methods="2" coveredmethods="1" conditionals="0" coveredconditionals="0" statements="5" coveredstatements="1" elements="7" coveredelements="2"/>
        </class>
        <line num="11" type="method" name="driver" visibility="public" complexity="2" crap="6" count="0"/>
        <line num="13" type="stmt" count="0"/>
        <line num="14" type="stmt" count="0"/>
        <line num="17" type="stmt" count="0"/>
        <line num="19" type="stmt" count="0"/>
        <line num="22" type="method" name="isSupportedDriver" visibility="public" complexity="1" crap="1" count="8"/>
        <line num="24" type="stmt" count="8"/>
        <metrics loc="26" ncloc="26" classes="1" methods="2" coveredmethods="1" conditionals="0" coveredconditionals="0" statements="5" coveredstatements="1" elements="7" coveredelements="2"/>
      </file>
    </package>
    <file name="/build/framgia/ci-v3/api/app/CI/Coverage/Parser.php">
      <metrics loc="13" ncloc="8" classes="0" methods="0" coveredmethods="0" conditionals="0" coveredconditionals="0" statements="0" coveredstatements="0" elements="0" coveredelements="0"/>
    </file>
    <package name="App\CI">
      <file name="/build/framgia/ci-v3/api/app/CI/JobConfig.php">
        <class name="App\CI\JobConfig" namespace="App\CI">
          <metrics complexity="6" methods="4" coveredmethods="2" conditionals="0" coveredconditionals="0" statements="10" coveredstatements="3" elements="14" coveredelements="5"/>
        </class>
        <line num="17" type="method" name="__construct" visibility="public" complexity="1" crap="1" count="3"/>
        <line num="19" type="stmt" count="3"/>
        <line num="20" type="stmt" count="3"/>
        <line num="22" type="method" name="toArray" visibility="public" complexity="1" crap="1" count="3"/>
        <line num="24" type="stmt" count="3"/>
        <line num="27" type="method" name="expandVariables" visibility="public" complexity="3" crap="12" count="0"/>
        <line num="29" type="stmt" count="0"/>
        <line num="30" type="stmt" count="0"/>
        <line num="32" type="stmt" count="0"/>
        <line num="33" type="stmt" count="0"/>
        <line num="36" type="stmt" count="0"/>
        <line num="39" type="method" name="expandable" visibility="protected" complexity="1" crap="2" count="0"/>
        <line num="42" type="stmt" count="0"/>
        <line num="43" type="stmt" count="0"/>
        <metrics loc="45" ncloc="44" classes="1" methods="4" coveredmethods="2" conditionals="0" coveredconditionals="0" statements="10" coveredstatements="3" elements="14" coveredelements="5"/>
      </file>
      <file name="/build/framgia/ci-v3/api/app/CI/JobFilter.php">
        <class name="App\CI\JobFilter" namespace="App\CI">
          <metrics complexity="11" methods="8" coveredmethods="8" conditionals="0" coveredconditionals="0" statements="21" coveredstatements="21" elements="29" coveredelements="29"/>
        </class>
        <line num="19" type="method" name="__construct" visibility="public" complexity="1" crap="1" count="14"/>
        <line num="21" type="stmt" count="14"/>
        <line num="22" type="stmt" count="14"/>
        <line num="24" type="method" name="filter" visibility="public" complexity="1" crap="1" count="14"/>
        <line num="27" type="stmt" count="14"/>
        <line num="28" type="stmt" count="14"/>
        <line num="37" type="method" name="shouldRun" visibility="protected" complexity="2" crap="2" count="14"/>
        <line num="39" type="stmt" count="14"/>
        <line num="40" type="stmt" count="14"/>
        <line num="42" type="stmt" count="14"/>
        <line num="43" type="stmt" count="14"/>
        <line num="46" type="stmt" count="14"/>
        <line num="55" type="method" name="check" visibility="protected" complexity="3" crap="3" count="14"/>
        <line num="58" type="stmt" count="11"/>
        <line num="59" type="stmt" count="1"/>
        <line num="62" type="stmt" count="10"/>
        <line num="64" type="stmt" count="10"/>
        <line num="65" type="stmt" count="1"/>
        <line num="68" type="stmt" count="9"/>
        <line num="69" type="stmt" count="14"/>
        <line num="78" type="method" name="checkBranches" visibility="protected" complexity="1" crap="1" count="6"/>
        <line num="80" type="stmt" count="6"/>
        <line num="89" type="method" name="checkEvents" visibility="protected" complexity="1" crap="1" count="6"/>
        <line num="91" type="stmt" count="6"/>
        <line num="100" type="method" name="checkTriggers" visibility="protected" complexity="1" crap="1" count="1"/>
        <line num="102" type="stmt" count="1"/>
        <line num="111" type="method" name="checkMessages" visibility="protected" complexity="1" crap="1" count="1"/>
        <line num="114" type="stmt" count="1"/>
        <line num="115" type="stmt" count="1"/>
        <metrics loc="117" ncloc="73" classes="1" methods="8" coveredmethods="8" conditionals="0" coveredconditionals="0" statements="21" coveredstatements="21" elements="29" coveredelements="29"/>
      </file>
      <file name="/build/framgia/ci-v3/api/app/CI/MaintenanceMode.php">
        <class name="App\CI\MaintenanceMode" namespace="App\CI">
          <metrics complexity="4" methods="4" coveredmethods="4" conditionals="0" coveredconditionals="0" statements="5" coveredstatements="5" elements="9" coveredelements="9"/>
        </class>
        <line num="12" type="method" name="__construct" visibility="public" complexity="1" crap="1" count="11"/>
        <line num="14" type="stmt" count="11"/>
        <line num="15" type="stmt" count="11"/>
        <line num="17" type="method" name="isDown" visibility="public" complexity="1" crap="1" count="10"/>
        <line num="19" type="stmt" count="10"/>
        <line num="22" type="method" name="down" visibility="public" complexity="1" crap="1" count="1"/>
        <line num="24" type="stmt" count="1"/>
        <line num="27" type="method" name="up" visibility="public" complexity="1" crap="1" count="1"/>
        <line num="29" type="stmt" count="1"/>
        <metrics loc="31" ncloc="30" classes="1" methods="4" coveredmethods="4" conditionals="0" coveredconditionals="0" statements="5" coveredstatements="5" elements="9" coveredelements="9"/>
      </file>
      <file name="/build/framgia/ci-v3/api/app/CI/ProcessArtifacts.php">
        <class name="App\CI\ProcessArtifacts" namespace="App\CI">
          <metrics complexity="4" methods="1" coveredmethods="0" conditionals="0" coveredconditionals="0" statements="15" coveredstatements="0" elements="16" coveredelements="0"/>
        </class>
        <line num="20" type="method" name="saveCoverage" visibility="public" complexity="4" crap="20" count="0"/>
        <line num="22" type="stmt" count="0"/>
        <line num="23" type="stmt" count="0"/>
        <line num="24" type="stmt" count="0"/>
        <line num="26" type="stmt" count="0"/>
        <line num="27" type="stmt" count="0"/>
        <line num="28" type="stmt" count="0"/>
        <line num="32" type="stmt" count="0"/>
        <line num="34" type="stmt" count="0"/>
        <line num="35" type="stmt" count="0"/>
        <line num="38" type="stmt" count="0"/>
        <line num="39" type="stmt" count="0"/>
        <line num="41" type="stmt" count="0"/>
        <line num="42" type="stmt" count="0"/>
        <line num="44" type="stmt" count="0"/>
        <line num="47" type="stmt" count="0"/>
        <metrics loc="48" ncloc="42" classes="1" methods="1" coveredmethods="0" conditionals="0" coveredconditionals="0" statements="15" coveredstatements="0" elements="16" coveredelements="0"/>
      </file>
      <file name="/build/framgia/ci-v3/api/app/CI/SunCIYaml.php">
        <class name="App\CI\SunCIYaml" namespace="App\CI">
          <metrics complexity="19" methods="10" coveredmethods="9" conditionals="0" coveredconditionals="0" statements="40" coveredstatements="39" elements="50" coveredelements="48"/>
        </class>
        <line num="29" type="method" name="__construct" visibility="public" complexity="3" crap="3" count="17"/>
        <line num="31" type="stmt" count="17"/>
        <line num="32" type="stmt" count="17"/>
        <line num="33" type="stmt" count="17"/>
        <line num="34" type="stmt" count="17"/>
        <line num="37" type="stmt" count="17"/>
        <line num="39" type="stmt" count="15"/>
        <line num="40" type="stmt" count="15"/>
        <line num="42" type="stmt" count="15"/>
        <line num="43" type="stmt" count="2"/>
        <line num="44" type="stmt" count="1"/>
        <line num="45" type="stmt" count="1"/>
        <line num="46" type="stmt" count="1"/>
        <line num="47" type="stmt" count="1"/>
        <line num="48" type="stmt" count="1"/>
        <line num="50" type="stmt" count="17"/>
        <line num="57" type="method" name="getRaw" visibility="public" complexity="1" crap="1" count="1"/>
        <line num="59" type="stmt" count="1"/>
        <line num="67" type="method" name="getParsed" visibility="public" complexity="1" crap="1" count="1"/>
        <line num="69" type="stmt" count="1"/>
        <line num="77" type="method" name="hasErrors" visibility="public" complexity="2" crap="2" count="2"/>
        <line num="79" type="stmt" count="2"/>
        <line num="87" type="method" name="hasWarnings" visibility="public" complexity="1" crap="2" count="0"/>
        <line num="89" type="stmt" count="0"/>
        <line num="97" type="method" name="hasSyntaxError" visibility="public" complexity="1" crap="1" count="3"/>
        <line num="99" type="stmt" count="3"/>
        <line num="107" type="method" name="getErrors" visibility="public" complexity="2" crap="2" count="2"/>
        <line num="109" type="stmt" count="2"/>
        <line num="117" type="method" name="useSharedWorkspace" visibility="public" complexity="3" crap="3" count="7"/>
        <line num="119" type="stmt" count="7"/>
        <line num="121" type="stmt" count="7"/>
        <line num="122" type="stmt" count="7"/>
        <line num="123" type="stmt" count="7"/>
        <line num="135" type="method" name="getStages" visibility="public" complexity="4" crap="4" count="8"/>
        <line num="137" type="stmt" count="8"/>
        <line num="139" type="stmt" count="8"/>
        <line num="141" type="stmt" count="8"/>
        <line num="142" type="stmt" count="6"/>
        <line num="143" type="stmt" count="6"/>
        <line num="145" type="stmt" count="6"/>
        <line num="153" type="stmt" count="8"/>
        <line num="156" type="stmt" count="7"/>
        <line num="157" type="stmt" count="7"/>
        <line num="158" type="stmt" count="7"/>
        <line num="160" type="stmt" count="8"/>
        <line num="169" type="method" name="getJobs" visibility="protected" complexity="1" crap="1" count="8"/>
        <line num="171" type="stmt" count="8"/>
        <line num="172" type="stmt" count="8"/>
        <line num="173" type="stmt" count="8"/>
        <line num="175" type="stmt" count="8"/>
        <metrics loc="177" ncloc="122" classes="1" methods="10" coveredmethods="9" conditionals="0" coveredconditionals="0" statements="40" coveredstatements="39" elements="50" coveredelements="48"/>
      </file>
      <file name="/build/framgia/ci-v3/api/app/CI/Variables.php">
        <class name="App\CI\Variables" namespace="App\CI">
          <metrics complexity="11" methods="6" coveredmethods="5" conditionals="0" coveredconditionals="0" statements="42" coveredstatements="39" elements="48" coveredelements="44"/>
        </class>
        <line num="14" type="method" name="__construct" visibility="public" complexity="1" crap="1" count="14"/>
        <line num="16" type="stmt" count="14"/>
        <line num="17" type="stmt" count="14"/>
        <line num="19" type="method" name="fromJob" visibility="public" complexity="4" crap="4.03" count="2"/>
        <line num="21" type="stmt" count="2"/>
        <line num="23" type="stmt" count="2"/>
        <line num="24" type="stmt" count="2"/>
        <line num="26" type="stmt" count="0"/>
        <line num="27" type="stmt" count="0"/>
        <line num="28" type="stmt" count="0"/>
        <line num="32" type="stmt" count="2"/>
        <line num="33" type="stmt" count="2"/>
        <line num="34" type="stmt" count="2"/>
        <line num="35" type="stmt" count="2"/>
        <line num="36" type="stmt" count="2"/>
        <line num="37" type="stmt" count="2"/>
        <line num="38" type="stmt" count="2"/>
        <line num="39" type="stmt" count="2"/>
        <line num="40" type="stmt" count="2"/>
        <line num="41" type="stmt" count="2"/>
        <line num="42" type="stmt" count="2"/>
        <line num="43" type="stmt" count="2"/>
        <line num="44" type="stmt" count="2"/>
        <line num="45" type="stmt" count="2"/>
        <line num="46" type="stmt" count="2"/>
        <line num="47" type="stmt" count="2"/>
        <line num="48" type="stmt" count="2"/>
        <line num="49" type="stmt" count="2"/>
        <line num="50" type="stmt" count="2"/>
        <line num="54" type="method" name="fromWebhook" visibility="public" complexity="1" crap="1" count="9"/>
        <line num="56" type="stmt" count="9"/>
        <line num="57" type="stmt" count="9"/>
        <line num="58" type="stmt" count="9"/>
        <line num="59" type="stmt" count="9"/>
        <line num="60" type="stmt" count="9"/>
        <line num="61" type="stmt" count="9"/>
        <line num="62" type="stmt" count="9"/>
        <line num="63" type="stmt" count="9"/>
        <line num="64" type="stmt" count="9"/>
        <line num="74" type="method" name="expand" visibility="public" complexity="1" crap="1" count="2"/>
        <line num="76" type="stmt" count="2"/>
        <line num="85" type="method" name="expandAll" visibility="public" complexity="1" crap="1" count="1"/>
        <line num="87" type="stmt" count="1"/>
        <line num="95" type="method" name="toArray" visibility="public" complexity="3" crap="3" count="12"/>
        <line num="98" type="stmt" count="12"/>
        <line num="99" type="stmt" count="1"/>
        <line num="102" type="stmt" count="12"/>
        <line num="103" type="stmt" count="12"/>
        <metrics loc="105" ncloc="87" classes="1" methods="6" coveredmethods="5" conditionals="0" coveredconditionals="0" statements="42" coveredstatements="39" elements="48" coveredelements="44"/>
      </file>
    </package>
    <package name="App\CI\Logs">
      <file name="/build/framgia/ci-v3/api/app/CI/Logs/DatabaseLogger.php">
        <class name="App\CI\Logs\DatabaseLogger" namespace="App\CI\Logs">
          <metrics complexity="9" methods="6" coveredmethods="2" conditionals="0" coveredconditionals="0" statements="23" coveredstatements="10" elements="29" coveredelements="12"/>
        </class>
        <line num="18" type="method" name="create" visibility="public" complexity="1" crap="1" count="1"/>
        <line num="20" type="stmt" count="1"/>
        <line num="21" type="stmt" count="1"/>
        <line num="22" type="stmt" count="1"/>
        <line num="34" type="method" name="chunk" visibility="public" complexity="3" crap="12" count="0"/>
        <line num="36" type="stmt" count="0"/>
        <line num="38" type="stmt" count="0"/>
        <line num="39" type="stmt" count="0"/>
        <line num="40" type="stmt" count="0"/>
        <line num="41" type="stmt" count="0"/>
        <line num="50" type="method" name="chunkLog" visibility="public" complexity="1" crap="2" count="0"/>
        <line num="52" type="stmt" count="0"/>
        <line num="54" type="stmt" count="0"/>
        <line num="55" type="stmt" count="0"/>
        <line num="56" type="stmt" count="0"/>
        <line num="57" type="stmt" count="0"/>
        <line num="58" type="stmt" count="0"/>
        <line num="66" type="method" name="delete" visibility="public" complexity="1" crap="2" count="0"/>
        <line num="68" type="stmt" count="0"/>
        <line num="76" type="method" name="getDefaultChunkSize" visibility="protected" complexity="1" crap="2" count="0"/>
        <line num="78" type="stmt" count="0"/>
        <line num="87" type="method" name="getNextChunkNumber" visibility="protected" complexity="2" crap="2" count="1"/>
        <line num="89" type="stmt" count="1"/>
        <line num="90" type="stmt" count="1"/>
        <line num="91" type="stmt" count="1"/>
        <line num="92" type="stmt" count="1"/>
        <line num="94" type="stmt" count="1"/>
        <line num="95" type="stmt" count="1"/>
        <line num="98" type="stmt" count="1"/>
        <metrics loc="100" ncloc="61" classes="1" methods="6" coveredmethods="2" conditionals="0" coveredconditionals="0" statements="23" coveredstatements="10" elements="29" coveredelements="12"/>
      </file>
      <file name="/build/framgia/ci-v3/api/app/CI/Logs/RedisLogger.php">
        <class name="App\CI\Logs\RedisLogger" namespace="App\CI\Logs">
          <metrics complexity="17" methods="9" coveredmethods="4" conditionals="0" coveredconditionals="0" statements="27" coveredstatements="11" elements="36" coveredelements="15"/>
        </class>
        <line num="18" type="method" name="__construct" visibility="public" complexity="1" crap="1" count="22"/>
        <line num="20" type="stmt" count="22"/>
        <line num="21" type="stmt" count="22"/>
        <line num="30" type="method" name="append" visibility="public" complexity="1" crap="1" count="1"/>
        <line num="32" type="stmt" count="1"/>
        <line num="41" type="method" name="get" visibility="public" complexity="1" crap="2" count="0"/>
        <line num="43" type="stmt" count="0"/>
        <line num="54" type="method" name="getRange" visibility="public" complexity="1" crap="2" count="0"/>
        <line num="56" type="stmt" count="0"/>
        <line num="67" type="method" name="chunk" visibility="public" complexity="4" crap="20" count="0"/>
        <line num="69" type="stmt" count="0"/>
        <line num="70" type="stmt" count="0"/>
        <line num="73" type="stmt" count="0"/>
        <line num="74" type="stmt" count="0"/>
        <line num="76" type="stmt" count="0"/>
        <line num="77" type="stmt" count="0"/>
        <line num="78" type="stmt" count="0"/>
        <line num="80" type="stmt" count="0"/>
        <line num="89" type="method" name="read" visibility="public" complexity="3" crap="3" count="1"/>
        <line num="91" type="stmt" count="1"/>
        <line num="92" type="stmt" count="1"/>
        <line num="95" type="stmt" count="1"/>
        <line num="96" type="stmt" count="1"/>
        <line num="97" type="stmt" count="1"/>
        <line num="99" type="stmt" count="1"/>
        <line num="110" type="method" name="readAll" visibility="public" complexity="4" crap="20" count="0"/>
        <line num="112" type="stmt" count="0"/>
        <line num="113" type="stmt" count="0"/>
        <line num="116" type="stmt" count="0"/>
        <line num="117" type="stmt" count="0"/>
        <line num="119" type="stmt" count="0"/>
        <line num="127" type="method" name="delete" visibility="public" complexity="1" crap="2" count="0"/>
        <line num="129" type="stmt" count="0"/>
        <line num="138" type="method" name="deleteMany" visibility="public" complexity="1" crap="1" count="3"/>
        <line num="140" type="stmt" count="3"/>
        <line num="142" type="stmt" count="3"/>
        <metrics loc="144" ncloc="83" classes="1" methods="9" coveredmethods="4" conditionals="0" coveredconditionals="0" statements="27" coveredstatements="11" elements="36" coveredelements="15"/>
      </file>
      <file name="/build/framgia/ci-v3/api/app/CI/Logs/StorageLogger.php">
        <class name="App\CI\Logs\StorageLogger" namespace="App\CI\Logs">
          <metrics complexity="5" methods="4" coveredmethods="0" conditionals="0" coveredconditionals="0" statements="6" coveredstatements="0" elements="10" coveredelements="0"/>
        </class>
        <line num="17" type="method" name="stream" visibility="public" complexity="2" crap="6" count="0"/>
        <line num="20" type="stmt" count="0"/>
        <line num="21" type="stmt" count="0"/>
        <line num="22" type="stmt" count="0"/>
        <line num="33" type="method" name="append" visibility="public" complexity="1" crap="2" count="0"/>
        <line num="35" type="stmt" count="0"/>
        <line num="44" type="method" name="exists" visibility="public" complexity="1" crap="2" count="0"/>
        <line num="46" type="stmt" count="0"/>
        <line num="55" type="method" name="delete" visibility="public" complexity="1" crap="2" count="0"/>
        <line num="57" type="stmt" count="0"/>
        <metrics loc="59" ncloc="34" classes="1" methods="4" coveredmethods="0" conditionals="0" coveredconditionals="0" statements="6" coveredstatements="0" elements="10" coveredelements="0"/>
      </file>
    </package>
    <package name="App\CI\Yaml">
      <file name="/build/framgia/ci-v3/api/app/CI/Yaml/DeprecationValidator.php">
        <class name="App\CI\Yaml\DeprecationValidator" namespace="App\CI\Yaml">
          <metrics complexity="5" methods="2" coveredmethods="2" conditionals="0" coveredconditionals="0" statements="10" coveredstatements="10" elements="12" coveredelements="12"/>
        </class>
        <line num="18" type="method" name="validate" visibility="public" complexity="3" crap="3" count="20"/>
        <line num="20" type="stmt" count="20"/>
        <line num="21" type="stmt" count="5"/>
        <line num="24" type="stmt" count="20"/>
        <line num="25" type="stmt" count="1"/>
        <line num="28" type="stmt" count="19"/>
        <line num="29" type="stmt" count="19"/>
        <line num="30" type="stmt" count="19"/>
        <line num="39" type="method" name="makeWorkspaceRules" visibility="protected" complexity="2" crap="2" count="19"/>
        <line num="42" type="stmt" count="13"/>
        <line num="43" type="stmt" count="13"/>
        <line num="45" type="stmt" count="19"/>
        <metrics loc="47" ncloc="35" classes="1" methods="2" coveredmethods="2" conditionals="0" coveredconditionals="0" statements="10" coveredstatements="10" elements="12" coveredelements="12"/>
      </file>
      <file name="/build/framgia/ci-v3/api/app/CI/Yaml/JobParser.php">
        <class name="App\CI\Yaml\JobParser" namespace="App\CI\Yaml">
          <metrics complexity="32" methods="12" coveredmethods="11" conditionals="0" coveredconditionals="0" statements="81" coveredstatements="80" elements="93" coveredelements="91"/>
        </class>
        <line num="40" type="method" name="getConfig" visibility="public" complexity="4" crap="4" count="7"/>
        <line num="42" type="stmt" count="7"/>
        <line num="44" type="stmt" count="7"/>
        <line num="45" type="stmt" count="1"/>
        <line num="49" type="stmt" count="6"/>
        <line num="51" type="stmt" count="6"/>
        <line num="53" type="stmt" count="6"/>
        <line num="54" type="stmt" count="6"/>
        <line num="56" type="stmt" count="5"/>
        <line num="57" type="stmt" count="5"/>
        <line num="61" type="stmt" count="5"/>
        <line num="62" type="stmt" count="5"/>
        <line num="72" type="stmt" count="3"/>
        <line num="73" type="stmt" count="2"/>
        <line num="74" type="stmt" count="1"/>
        <line num="75" type="stmt" count="1"/>
        <line num="79" type="method" name="getJob" visibility="public" complexity="3" crap="3" count="8"/>
        <line num="81" type="stmt" count="8"/>
        <line num="83" type="stmt" count="8"/>
        <line num="84" type="stmt" count="1"/>
        <line num="85" type="stmt" count="8"/>
        <line num="96" type="method" name="getCoalescedValues" visibility="protected" complexity="3" crap="3.03" count="5"/>
        <line num="100" type="stmt" count="5"/>
        <line num="102" type="stmt" count="5"/>
        <line num="104" type="stmt" count="5"/>
        <line num="105" type="stmt" count="2"/>
        <line num="106" type="stmt" count="2"/>
        <line num="108" type="stmt" count="0"/>
        <line num="112" type="stmt" count="5"/>
        <line num="126" type="method" name="mergeDefaultConfig" visibility="protected" complexity="2" crap="2" count="5"/>
        <line num="129" type="stmt" count="5"/>
        <line num="131" type="stmt" count="5"/>
        <line num="132" type="stmt" count="5"/>
        <line num="133" type="stmt" count="5"/>
        <line num="135" type="stmt" count="5"/>
        <line num="136" type="stmt" count="5"/>
        <line num="137" type="stmt" count="5"/>
        <line num="141" type="stmt" count="5"/>
        <line num="145" type="stmt" count="5"/>
        <line num="148" type="stmt" count="5"/>
        <line num="150" type="stmt" count="5"/>
        <line num="161" type="method" name="getValue" visibility="protected" complexity="2" crap="2" count="5"/>
        <line num="163" type="stmt" count="5"/>
        <line num="164" type="stmt" count="5"/>
        <line num="166" type="stmt" count="5"/>
        <line num="169" type="method" name="parseEntrypoint" visibility="protected" complexity="1" crap="1" count="5"/>
        <line num="171" type="stmt" count="5"/>
        <line num="178" type="method" name="parseArgs" visibility="protected" complexity="5" crap="5" count="5"/>
        <line num="180" type="stmt" count="5"/>
        <line num="181" type="stmt" count="4"/>
        <line num="184" type="stmt" count="4"/>
        <line num="185" type="stmt" count="3"/>
        <line num="188" type="stmt" count="1"/>
        <line num="197" type="method" name="parseEnvironment" visibility="protected" complexity="2" crap="2" count="5"/>
        <line num="199" type="stmt" count="5"/>
        <line num="200" type="stmt" count="3"/>
        <line num="204" type="stmt" count="2"/>
        <line num="206" type="stmt" count="2"/>
        <line num="207" type="stmt" count="2"/>
        <line num="210" type="stmt" count="2"/>
        <line num="212" type="stmt" count="5"/>
        <line num="221" type="method" name="parseServices" visibility="protected" complexity="1" crap="1" count="5"/>
        <line num="224" type="stmt" count="4"/>
        <line num="225" type="stmt" count="5"/>
        <line num="234" type="method" name="parseService" visibility="protected" complexity="4" crap="4" count="4"/>
        <line num="236" type="stmt" count="4"/>
        <line num="237" type="stmt" count="2"/>
        <line num="240" type="stmt" count="2"/>
        <line num="241" type="stmt" count="2"/>
        <line num="244" type="stmt" count="2"/>
        <line num="248" type="stmt" count="3"/>
        <line num="249" type="stmt" count="2"/>
        <line num="250" type="stmt" count="2"/>
        <line num="251" type="stmt" count="2"/>
        <line num="252" type="stmt" count="2"/>
        <line num="253" type="stmt" count="1"/>
        <line num="256" type="stmt" count="1"/>
        <line num="257" type="stmt" count="1"/>
        <line num="258" type="stmt" count="1"/>
        <line num="259" type="stmt" count="1"/>
        <line num="260" type="stmt" count="1"/>
        <line num="264" type="stmt" count="1"/>
        <line num="273" type="method" name="resolveServiceName" visibility="protected" complexity="2" crap="2" count="3"/>
        <line num="275" type="stmt" count="3"/>
        <line num="276" type="stmt" count="3"/>
        <line num="278" type="stmt" count="3"/>
        <line num="279" type="stmt" count="3"/>
        <line num="280" type="stmt" count="3"/>
        <line num="290" type="method" name="mergeValues" visibility="protected" complexity="3" crap="3" count="5"/>
        <line num="292" type="stmt" count="5"/>
        <line num="293" type="stmt" count="5"/>
        <line num="294" type="stmt" count="5"/>
        <line num="297" type="stmt" count="5"/>
        <metrics loc="299" ncloc="226" classes="1" methods="12" coveredmethods="11" conditionals="0" coveredconditionals="0" statements="81" coveredstatements="80" elements="93" coveredelements="91"/>
      </file>
      <file name="/build/framgia/ci-v3/api/app/CI/Yaml/Parser.php">
        <class name="App\CI\Yaml\Parser" namespace="App\CI\Yaml">
          <metrics complexity="7" methods="4" coveredmethods="4" conditionals="0" coveredconditionals="0" statements="20" coveredstatements="20" elements="24" coveredelements="24"/>
        </class>
        <line num="22" type="method" name="parse" visibility="public" complexity="3" crap="3" count="26"/>
        <line num="24" type="stmt" count="26"/>
        <line num="25" type="stmt" count="26"/>
        <line num="28" type="stmt" count="25"/>
        <line num="29" type="stmt" count="2"/>
        <line num="32" type="stmt" count="23"/>
        <line num="44" type="method" name="getStages" visibility="public" complexity="1" crap="1" count="9"/>
        <line num="46" type="stmt" count="9"/>
        <line num="48" type="stmt" count="9"/>
        <line num="61" type="method" name="getJobs" visibility="public" complexity="2" crap="2" count="9"/>
        <line num="63" type="stmt" count="9"/>
        <line num="64" type="stmt" count="9"/>
        <line num="65" type="stmt" count="9"/>
        <line num="69" type="stmt" count="9"/>
        <line num="70" type="stmt" count="9"/>
        <line num="71" type="stmt" count="9"/>
        <line num="72" type="stmt" count="9"/>
        <line num="73" type="stmt" count="9"/>
        <line num="74" type="stmt" count="9"/>
        <line num="75" type="stmt" count="9"/>
        <line num="77" type="stmt" count="9"/>
        <line num="91" type="method" name="getJobConfig" visibility="public" complexity="1" crap="1" count="1"/>
        <line num="93" type="stmt" count="1"/>
        <line num="95" type="stmt" count="1"/>
        <metrics loc="97" ncloc="58" classes="1" methods="4" coveredmethods="4" conditionals="0" coveredconditionals="0" statements="20" coveredstatements="20" elements="24" coveredelements="24"/>
      </file>
      <file name="/build/framgia/ci-v3/api/app/CI/Yaml/Validator.php">
        <class name="App\CI\Yaml\Validator" namespace="App\CI\Yaml">
          <metrics complexity="29" methods="12" coveredmethods="11" conditionals="0" coveredconditionals="0" statements="113" coveredstatements="110" elements="125" coveredelements="121"/>
        </class>
        <line num="25" type="method" name="validate" visibility="public" complexity="3" crap="3" count="33"/>
        <line num="27" type="stmt" count="33"/>
        <line num="28" type="stmt" count="20"/>
        <line num="31" type="stmt" count="33"/>
        <line num="32" type="stmt" count="4"/>
        <line num="35" type="stmt" count="29"/>
        <line num="36" type="stmt" count="29"/>
        <line num="38" type="stmt" count="29"/>
        <line num="47" type="method" name="validateStructure" visibility="protected" complexity="1" crap="1" count="29"/>
        <line num="49" type="stmt" count="29"/>
        <line num="50" type="stmt" count="29"/>
        <line num="51" type="stmt" count="29"/>
        <line num="52" type="stmt" count="29"/>
        <line num="53" type="stmt" count="29"/>
        <line num="54" type="stmt" count="29"/>
        <line num="55" type="stmt" count="29"/>
        <line num="56" type="stmt" count="29"/>
        <line num="57" type="stmt" count="29"/>
        <line num="58" type="stmt" count="29"/>
        <line num="59" type="stmt" count="29"/>
        <line num="60" type="stmt" count="29"/>
        <line num="61" type="stmt" count="29"/>
        <line num="62" type="stmt" count="29"/>
        <line num="63" type="stmt" count="29"/>
        <line num="64" type="stmt" count="29"/>
        <line num="65" type="stmt" count="29"/>
        <line num="66" type="stmt" count="29"/>
        <line num="67" type="stmt" count="29"/>
        <line num="68" type="stmt" count="29"/>
        <line num="69" type="stmt" count="29"/>
        <line num="70" type="stmt" count="29"/>
        <line num="71" type="stmt" count="29"/>
        <line num="72" type="stmt" count="29"/>
        <line num="73" type="stmt" count="29"/>
        <line num="74" type="stmt" count="29"/>
        <line num="75" type="stmt" count="29"/>
        <line num="76" type="stmt" count="29"/>
        <line num="77" type="stmt" count="29"/>
        <line num="78" type="stmt" count="29"/>
        <line num="79" type="stmt" count="29"/>
        <line num="80" type="stmt" count="29"/>
        <line num="81" type="stmt" count="29"/>
        <line num="82" type="stmt" count="29"/>
        <line num="83" type="stmt" count="29"/>
        <line num="84" type="stmt" count="29"/>
        <line num="85" type="stmt" count="29"/>
        <line num="86" type="stmt" count="29"/>
        <line num="87" type="stmt" count="29"/>
        <line num="88" type="stmt" count="29"/>
        <line num="89" type="stmt" count="29"/>
        <line num="90" type="stmt" count="29"/>
        <line num="91" type="stmt" count="29"/>
        <line num="92" type="stmt" count="29"/>
        <line num="93" type="stmt" count="29"/>
        <line num="94" type="stmt" count="29"/>
        <line num="95" type="stmt" count="29"/>
        <line num="96" type="stmt" count="29"/>
        <line num="97" type="stmt" count="29"/>
        <line num="98" type="stmt" count="29"/>
        <line num="99" type="stmt" count="29"/>
        <line num="100" type="stmt" count="29"/>
        <line num="109" type="method" name="validateJobs" visibility="protected" complexity="3" crap="3" count="29"/>
        <line num="111" type="stmt" count="29"/>
        <line num="112" type="stmt" count="29"/>
        <line num="114" type="stmt" count="29"/>
        <line num="115" type="stmt" count="27"/>
        <line num="118" type="stmt" count="29"/>
        <line num="119" type="stmt" count="28"/>
        <line num="122" type="stmt" count="29"/>
        <line num="132" type="method" name="makeJobRules" visibility="protected" complexity="2" crap="2" count="28"/>
        <line num="134" type="stmt" count="28"/>
        <line num="135" type="stmt" count="28"/>
        <line num="137" type="stmt" count="28"/>
        <line num="139" type="stmt" count="28"/>
        <line num="140" type="stmt" count="28"/>
        <line num="141" type="stmt" count="13"/>
        <line num="143" type="stmt" count="13"/>
        <line num="146" type="stmt" count="27"/>
        <line num="156" type="method" name="makeJobServicesRules" visibility="protected" complexity="2" crap="2" count="13"/>
        <line num="158" type="stmt" count="13"/>
        <line num="160" type="stmt" count="1"/>
        <line num="164" type="stmt" count="13"/>
        <line num="166" type="stmt" count="13"/>
        <line num="167" type="stmt" count="13"/>
        <line num="177" type="method" name="makeServiceRules" visibility="protected" complexity="3" crap="3" count="13"/>
        <line num="179" type="stmt" count="13"/>
        <line num="180" type="stmt" count="10"/>
        <line num="183" type="stmt" count="3"/>
        <line num="184" type="stmt" count="3"/>
        <line num="185" type="stmt" count="3"/>
        <line num="186" type="stmt" count="3"/>
        <line num="188" type="stmt" count="3"/>
        <line num="190" type="stmt" count="3"/>
        <line num="191" type="stmt" count="3"/>
        <line num="200" type="stmt" count="1"/>
        <line num="211" type="method" name="makeEnvironmentRules" visibility="protected" complexity="2" crap="2" count="28"/>
        <line num="213" type="stmt" count="28"/>
        <line num="215" type="stmt" count="1"/>
        <line num="220" type="stmt" count="28"/>
        <line num="231" type="method" name="makeArgsRule" visibility="protected" complexity="4" crap="4" count="28"/>
        <line num="233" type="stmt" count="28"/>
        <line num="234" type="stmt" count="6"/>
        <line num="237" type="stmt" count="28"/>
        <line num="239" type="stmt" count="22"/>
        <line num="244" type="stmt" count="6"/>
        <line num="245" type="stmt" count="6"/>
        <line num="254" type="method" name="makeCoverageTypeRule" visibility="protected" complexity="3" crap="3" count="29"/>
        <line num="257" type="stmt" count="8"/>
        <line num="258" type="stmt" count="1"/>
        <line num="261" type="stmt" count="8"/>
        <line num="262" type="stmt" count="1"/>
        <line num="264" type="stmt" count="29"/>
        <line num="272" type="method" name="makeWorkspaceRule" visibility="protected" complexity="3" crap="3" count="29"/>
        <line num="275" type="stmt" count="13"/>
        <line num="276" type="stmt" count="8"/>
        <line num="279" type="stmt" count="5"/>
        <line num="280" type="stmt" count="29"/>
        <line num="283" type="method" name="makeRegistryRule" visibility="protected" complexity="2" crap="3.69" count="29"/>
        <line num="286" type="stmt" count="0"/>
        <line num="287" type="stmt" count="0"/>
        <line num="290" type="stmt" count="0"/>
        <line num="291" type="stmt" count="29"/>
        <line num="300" type="method" name="fail" visibility="protected" complexity="1" crap="1" count="22"/>
        <line num="304" type="stmt" count="3"/>
        <line num="305" type="stmt" count="22"/>
        <metrics loc="307" ncloc="234" classes="1" methods="12" coveredmethods="11" conditionals="0" coveredconditionals="0" statements="113" coveredstatements="110" elements="125" coveredelements="121"/>
      </file>
    </package>
    <package name="App\Console\Commands">
      <file name="/build/framgia/ci-v3/api/app/Console/Commands/ClearArtifactsCommand.php">
        <class name="App\Console\Commands\ClearArtifactsCommand" namespace="App\Console\Commands">
          <metrics complexity="1" methods="1" coveredmethods="0" conditionals="0" coveredconditionals="0" statements="6" coveredstatements="0" elements="7" coveredelements="0"/>
        </class>
        <line num="32" type="method" name="handle" visibility="public" complexity="1" crap="2" count="0"/>
        <line num="36" type="stmt" count="0"/>
        <line num="37" type="stmt" count="0"/>
        <line num="38" type="stmt" count="0"/>
        <line num="40" type="stmt" count="0"/>
        <line num="41" type="stmt" count="0"/>
        <line num="43" type="stmt" count="0"/>
        <metrics loc="44" ncloc="29" classes="1" methods="1" coveredmethods="0" conditionals="0" coveredconditionals="0" statements="6" coveredstatements="0" elements="7" coveredelements="0"/>
      </file>
      <file name="/build/framgia/ci-v3/api/app/Console/Commands/DownCommand.php">
        <class name="App\Console\Commands\DownCommand" namespace="App\Console\Commands">
          <metrics complexity="2" methods="1" coveredmethods="1" conditionals="0" coveredconditionals="0" statements="5" coveredstatements="5" elements="6" coveredelements="6"/>
        </class>
        <line num="29" type="method" name="handle" visibility="public" complexity="2" crap="2" count="2"/>
        <line num="31" type="stmt" count="2"/>
        <line num="32" type="stmt" count="1"/>
        <line num="34" type="stmt" count="1"/>
        <line num="35" type="stmt" count="1"/>
        <line num="37" type="stmt" count="2"/>
        <metrics loc="38" ncloc="23" classes="1" methods="1" coveredmethods="1" conditionals="0" coveredconditionals="0" statements="5" coveredstatements="5" elements="6" coveredelements="6"/>
      </file>
      <file name="/build/framgia/ci-v3/api/app/Console/Commands/FreeStuckJobsCommand.php">
        <class name="App\Console\Commands\FreeStuckJobsCommand" namespace="App\Console\Commands">
          <metrics complexity="5" methods="2" coveredmethods="1" conditionals="0" coveredconditionals="0" statements="19" coveredstatements="3" elements="21" coveredelements="4"/>
        </class>
        <line num="31" type="method" name="__construct" visibility="public" complexity="1" crap="1" count="4"/>
        <line num="33" type="stmt" count="4"/>
        <line num="34" type="stmt" count="4"/>
        <line num="35" type="stmt" count="4"/>
        <line num="42" type="method" name="handle" visibility="public" complexity="4" crap="20" count="0"/>
        <line num="45" type="stmt" count="0"/>
        <line num="46" type="stmt" count="0"/>
        <line num="48" type="stmt" count="0"/>
        <line num="49" type="stmt" count="0"/>
        <line num="50" type="stmt" count="0"/>
        <line num="51" type="stmt" count="0"/>
        <line num="53" type="stmt" count="0"/>
        <line num="55" type="stmt" count="0"/>
        <line num="56" type="stmt" count="0"/>
        <line num="58" type="stmt" count="0"/>
        <line num="60" type="stmt" count="0"/>
        <line num="61" type="stmt" count="0"/>
        <line num="62" type="stmt" count="0"/>
        <line num="66" type="stmt" count="0"/>
        <line num="67" type="stmt" count="0"/>
        <line num="68" type="stmt" count="0"/>
        <metrics loc="71" ncloc="56" classes="1" methods="2" coveredmethods="1" conditionals="0" coveredconditionals="0" statements="19" coveredstatements="3" elements="21" coveredelements="4"/>
      </file>
      <file name="/build/framgia/ci-v3/api/app/Console/Commands/RemoveExpireJobLogs.php">
        <class name="App\Console\Commands\RemoveExpireJobLogs" namespace="App\Console\Commands">
          <metrics complexity="5" methods="2" coveredmethods="1" conditionals="0" coveredconditionals="0" statements="14" coveredstatements="2" elements="16" coveredelements="3"/>
        </class>
        <line num="33" type="method" name="__construct" visibility="public" complexity="1" crap="1" count="4"/>
        <line num="35" type="stmt" count="4"/>
        <line num="36" type="stmt" count="4"/>
        <line num="43" type="method" name="handle" visibility="public" complexity="4" crap="20" count="0"/>
        <line num="45" type="stmt" count="0"/>
        <line num="46" type="stmt" count="0"/>
        <line num="47" type="stmt" count="0"/>
        <line num="49" type="stmt" count="0"/>
        <line num="50" type="stmt" count="0"/>
        <line num="53" type="stmt" count="0"/>
        <line num="54" type="stmt" count="0"/>
        <line num="55" type="stmt" count="0"/>
        <line num="58" type="stmt" count="0"/>
        <line num="59" type="stmt" count="0"/>
        <line num="62" type="stmt" count="0"/>
        <line num="63" type="stmt" count="0"/>
        <metrics loc="64" ncloc="44" classes="1" methods="2" coveredmethods="1" conditionals="0" coveredconditionals="0" statements="14" coveredstatements="2" elements="16" coveredelements="3"/>
      </file>
      <file name="/build/framgia/ci-v3/api/app/Console/Commands/UpCommand.php">
        <class name="App\Console\Commands\UpCommand" namespace="App\Console\Commands">
          <metrics complexity="2" methods="1" coveredmethods="1" conditionals="0" coveredconditionals="0" statements="5" coveredstatements="5" elements="6" coveredelements="6"/>
        </class>
        <line num="29" type="method" name="handle" visibility="public" complexity="2" crap="2" count="2"/>
        <line num="31" type="stmt" count="2"/>
        <line num="32" type="stmt" count="1"/>
        <line num="33" type="stmt" count="1"/>
        <line num="35" type="stmt" count="1"/>
        <line num="37" type="stmt" count="2"/>
        <metrics loc="38" ncloc="23" classes="1" methods="1" coveredmethods="1" conditionals="0" coveredconditionals="0" statements="5" coveredstatements="5" elements="6" coveredelements="6"/>
      </file>
    </package>
    <package name="App\Console">
      <file name="/build/framgia/ci-v3/api/app/Console/Kernel.php">
        <class name="App\Console\Kernel" namespace="App\Console">
          <metrics complexity="2" methods="2" coveredmethods="1" conditionals="0" coveredconditionals="0" statements="8" coveredstatements="3" elements="10" coveredelements="4"/>
        </class>
        <line num="23" type="method" name="schedule" visibility="protected" complexity="1" crap="2" count="0"/>
        <line num="25" type="stmt" count="0"/>
        <line num="27" type="stmt" count="0"/>
        <line num="28" type="stmt" count="0"/>
        <line num="30" type="stmt" count="0"/>
        <line num="31" type="stmt" count="0"/>
        <line num="38" type="method" name="commands" visibility="protected" complexity="1" crap="1" count="304"/>
        <line num="40" type="stmt" count="304"/>
        <line num="42" type="stmt" count="304"/>
        <line num="43" type="stmt" count="304"/>
        <metrics loc="44" ncloc="28" classes="1" methods="2" coveredmethods="1" conditionals="0" coveredconditionals="0" statements="8" coveredstatements="3" elements="10" coveredelements="4"/>
      </file>
    </package>
    <package name="App\Enums">
      <file name="/build/framgia/ci-v3/api/app/Enums/ArtifactStage.php">
        <class name="App\Enums\ArtifactStage" namespace="App\Enums">
          <metrics complexity="0" methods="0" coveredmethods="0" conditionals="0" coveredconditionals="0" statements="0" coveredstatements="0" elements="0" coveredelements="0"/>
        </class>
        <metrics loc="12" ncloc="12" classes="0" methods="0" coveredmethods="0" conditionals="0" coveredconditionals="0" statements="0" coveredstatements="0" elements="0" coveredelements="0"/>
      </file>
      <file name="/build/framgia/ci-v3/api/app/Enums/BuildStatus.php">
        <class name="App\Enums\BuildStatus" namespace="App\Enums">
          <metrics complexity="9" methods="9" coveredmethods="8" conditionals="0" coveredconditionals="0" statements="9" coveredstatements="8" elements="18" coveredelements="16"/>
        </class>
        <line num="37" type="method" name="isValid" visibility="public" complexity="1" crap="1" count="19"/>
        <line num="39" type="stmt" count="19"/>
        <line num="42" type="method" name="isPending" visibility="public" complexity="1" crap="1" count="23"/>
        <line num="44" type="stmt" count="23"/>
        <line num="47" type="method" name="isRunning" visibility="public" complexity="1" crap="1" count="16"/>
        <line num="49" type="stmt" count="16"/>
        <line num="52" type="method" name="isPassed" visibility="public" complexity="1" crap="1" count="16"/>
        <line num="54" type="stmt" count="16"/>
        <line num="57" type="method" name="isFailed" visibility="public" complexity="1" crap="1" count="8"/>
        <line num="59" type="stmt" count="8"/>
        <line num="62" type="method" name="isSkipped" visibility="public" complexity="1" crap="2" count="0"/>
        <line num="64" type="stmt" count="0"/>
        <line num="67" type="method" name="isUnfinished" visibility="public" complexity="1" crap="1" count="7"/>
        <line num="69" type="stmt" count="7"/>
        <line num="72" type="method" name="isFinished" visibility="public" complexity="1" crap="1" count="21"/>
        <line num="74" type="stmt" count="21"/>
        <line num="77" type="method" name="isAborted" visibility="public" complexity="1" crap="1" count="7"/>
        <line num="79" type="stmt" count="7"/>
        <metrics loc="81" ncloc="81" classes="1" methods="9" coveredmethods="8" conditionals="0" coveredconditionals="0" statements="9" coveredstatements="8" elements="18" coveredelements="16"/>
      </file>
      <file name="/build/framgia/ci-v3/api/app/Enums/BuildTrigger.php">
        <class name="App\Enums\BuildTrigger" namespace="App\Enums">
          <metrics complexity="0" methods="0" coveredmethods="0" conditionals="0" coveredconditionals="0" statements="0" coveredstatements="0" elements="0" coveredelements="0"/>
        </class>
        <metrics loc="10" ncloc="10" classes="0" methods="0" coveredmethods="0" conditionals="0" coveredconditionals="0" statements="0" coveredstatements="0" elements="0" coveredelements="0"/>
      </file>
      <file name="/build/framgia/ci-v3/api/app/Enums/LogStage.php">
        <class name="App\Enums\LogStage" namespace="App\Enums">
          <metrics complexity="0" methods="0" coveredmethods="0" conditionals="0" coveredconditionals="0" statements="0" coveredstatements="0" elements="0" coveredelements="0"/>
        </class>
        <metrics loc="11" ncloc="11" classes="0" methods="0" coveredmethods="0" conditionals="0" coveredconditionals="0" statements="0" coveredstatements="0" elements="0" coveredelements="0"/>
      </file>
    </package>
    <package name="App\Exceptions\CI">
      <file name="/build/framgia/ci-v3/api/app/Exceptions/CI/InvalidStateException.php">
        <class name="App\Exceptions\CI\InvalidStateException" namespace="App\Exceptions\CI">
          <metrics complexity="0" methods="0" coveredmethods="0" conditionals="0" coveredconditionals="0" statements="0" coveredstatements="0" elements="0" coveredelements="0"/>
        </class>
        <metrics loc="9" ncloc="9" classes="0" methods="0" coveredmethods="0" conditionals="0" coveredconditionals="0" statements="0" coveredstatements="0" elements="0" coveredelements="0"/>
      </file>
      <file name="/build/framgia/ci-v3/api/app/Exceptions/CI/ParseYamlException.php">
        <class name="App\Exceptions\CI\ParseYamlException" namespace="App\Exceptions\CI">
          <metrics complexity="0" methods="0" coveredmethods="0" conditionals="0" coveredconditionals="0" statements="0" coveredstatements="0" elements="0" coveredelements="0"/>
        </class>
        <metrics loc="12" ncloc="9" classes="0" methods="0" coveredmethods="0" conditionals="0" coveredconditionals="0" statements="0" coveredstatements="0" elements="0" coveredelements="0"/>
      </file>
    </package>
    <package name="App\Exceptions">
      <file name="/build/framgia/ci-v3/api/app/Exceptions/Handler.php">
        <class name="App\Exceptions\Handler" namespace="App\Exceptions">
          <metrics complexity="4" methods="3" coveredmethods="3" conditionals="0" coveredconditionals="0" statements="6" coveredstatements="6" elements="9" coveredelements="9"/>
        </class>
        <line num="35" type="method" name="report" visibility="public" complexity="1" crap="1" count="107"/>
        <line num="37" type="stmt" count="107"/>
        <line num="38" type="stmt" count="107"/>
        <line num="47" type="method" name="render" visibility="public" complexity="1" crap="1" count="107"/>
        <line num="49" type="stmt" count="107"/>
        <line num="55" type="method" name="prepareException" visibility="protected" complexity="2" crap="2" count="107"/>
        <line num="57" type="stmt" count="107"/>
        <line num="58" type="stmt" count="21"/>
        <line num="61" type="stmt" count="86"/>
        <metrics loc="63" ncloc="37" classes="1" methods="3" coveredmethods="3" conditionals="0" coveredconditionals="0" statements="6" coveredstatements="6" elements="9" coveredelements="9"/>
      </file>
      <file name="/build/framgia/ci-v3/api/app/Exceptions/InvalidPayloadSignatureException.php">
        <class name="App\Exceptions\InvalidPayloadSignatureException" namespace="App\Exceptions">
          <metrics complexity="0" methods="0" coveredmethods="0" conditionals="0" coveredconditionals="0" statements="0" coveredstatements="0" elements="0" coveredelements="0"/>
        </class>
        <metrics loc="9" ncloc="9" classes="0" methods="0" coveredmethods="0" conditionals="0" coveredconditionals="0" statements="0" coveredstatements="0" elements="0" coveredelements="0"/>
      </file>
      <file name="/build/framgia/ci-v3/api/app/Exceptions/UnsupportedActionException.php">
        <class name="App\Exceptions\UnsupportedActionException" namespace="App\Exceptions">
          <metrics complexity="0" methods="0" coveredmethods="0" conditionals="0" coveredconditionals="0" statements="0" coveredstatements="0" elements="0" coveredelements="0"/>
        </class>
        <metrics loc="9" ncloc="9" classes="0" methods="0" coveredmethods="0" conditionals="0" coveredconditionals="0" statements="0" coveredstatements="0" elements="0" coveredelements="0"/>
      </file>
      <file name="/build/framgia/ci-v3/api/app/Exceptions/UnsupportedEventException.php">
        <class name="App\Exceptions\UnsupportedEventException" namespace="App\Exceptions">
          <metrics complexity="0" methods="0" coveredmethods="0" conditionals="0" coveredconditionals="0" statements="0" coveredstatements="0" elements="0" coveredelements="0"/>
        </class>
        <metrics loc="9" ncloc="9" classes="0" methods="0" coveredmethods="0" conditionals="0" coveredconditionals="0" statements="0" coveredstatements="0" elements="0" coveredelements="0"/>
      </file>
    </package>
    <package name="App\Faker\Providers">
      <file name="/build/framgia/ci-v3/api/app/Faker/Providers/GitName.php">
        <class name="App\Faker\Providers\GitName" namespace="App\Faker\Providers">
          <metrics complexity="1" methods="1" coveredmethods="1" conditionals="0" coveredconditionals="0" statements="3" coveredstatements="3" elements="4" coveredelements="4"/>
        </class>
        <line num="14" type="method" name="gitName" visibility="public" complexity="1" crap="1" count="236"/>
        <line num="16" type="stmt" count="236"/>
        <line num="17" type="stmt" count="236"/>
        <line num="19" type="stmt" count="236"/>
        <metrics loc="21" ncloc="21" classes="1" methods="1" coveredmethods="1" conditionals="0" coveredconditionals="0" statements="3" coveredstatements="3" elements="4" coveredelements="4"/>
      </file>
      <file name="/build/framgia/ci-v3/api/app/Faker/Providers/Gravatar.php">
        <class name="App\Faker\Providers\Gravatar" namespace="App\Faker\Providers">
          <metrics complexity="1" methods="1" coveredmethods="1" conditionals="0" coveredconditionals="0" statements="3" coveredstatements="3" elements="4" coveredelements="4"/>
        </class>
        <line num="18" type="method" name="gravatarUrl" visibility="public" complexity="1" crap="1" count="221"/>
        <line num="20" type="stmt" count="221"/>
        <line num="21" type="stmt" count="221"/>
        <line num="23" type="stmt" count="221"/>
        <metrics loc="25" ncloc="25" classes="1" methods="1" coveredmethods="1" conditionals="0" coveredconditionals="0" statements="3" coveredstatements="3" elements="4" coveredelements="4"/>
      </file>
    </package>
    <package name="App\Git\Branch">
      <file name="/build/framgia/ci-v3/api/app/Git/Branch/GithubBranch.php">
        <class name="App\Git\Branch\GithubBranch" namespace="App\Git\Branch">
          <metrics complexity="1" methods="1" coveredmethods="0" conditionals="0" coveredconditionals="0" statements="1" coveredstatements="0" elements="2" coveredelements="0"/>
        </class>
        <line num="20" type="method" name="get" visibility="public" complexity="1" crap="2" count="0"/>
        <line num="22" type="stmt" count="0"/>
        <metrics loc="24" ncloc="16" classes="1" methods="1" coveredmethods="0" conditionals="0" coveredconditionals="0" statements="1" coveredstatements="0" elements="2" coveredelements="0"/>
      </file>
      <file name="/build/framgia/ci-v3/api/app/Git/Branch/GitlabBranch.php">
        <class name="App\Git\Branch\GitlabBranch" namespace="App\Git\Branch">
          <metrics complexity="1" methods="1" coveredmethods="0" conditionals="0" coveredconditionals="0" statements="2" coveredstatements="0" elements="3" coveredelements="0"/>
        </class>
        <line num="21" type="method" name="get" visibility="public" complexity="1" crap="2" count="0"/>
        <line num="23" type="stmt" count="0"/>
        <line num="25" type="stmt" count="0"/>
        <metrics loc="27" ncloc="19" classes="1" methods="1" coveredmethods="0" conditionals="0" coveredconditionals="0" statements="2" coveredstatements="0" elements="3" coveredelements="0"/>
      </file>
    </package>
    <file name="/build/framgia/ci-v3/api/app/Git/Contracts/Branch.php">
      <metrics loc="28" ncloc="12" classes="0" methods="0" coveredmethods="0" conditionals="0" coveredconditionals="0" statements="0" coveredstatements="0" elements="0" coveredelements="0"/>
    </file>
    <file name="/build/framgia/ci-v3/api/app/Git/Contracts/DeployKeys.php">
      <metrics loc="37" ncloc="14" classes="0" methods="0" coveredmethods="0" conditionals="0" coveredconditionals="0" statements="0" coveredstatements="0" elements="0" coveredelements="0"/>
    </file>
    <file name="/build/framgia/ci-v3/api/app/Git/Contracts/Files.php">
      <metrics loc="20" ncloc="12" classes="0" methods="0" coveredmethods="0" conditionals="0" coveredconditionals="0" statements="0" coveredstatements="0" elements="0" coveredelements="0"/>
    </file>
    <file name="/build/framgia/ci-v3/api/app/Git/Contracts/OAuth.php">
      <metrics loc="10" ncloc="10" classes="0" methods="0" coveredmethods="0" conditionals="0" coveredconditionals="0" statements="0" coveredstatements="0" elements="0" coveredelements="0"/>
    </file>
    <file name="/build/framgia/ci-v3/api/app/Git/Contracts/Repositories.php">
      <metrics loc="28" ncloc="17" classes="0" methods="0" coveredmethods="0" conditionals="0" coveredconditionals="0" statements="0" coveredstatements="0" elements="0" coveredelements="0"/>
    </file>
    <file name="/build/framgia/ci-v3/api/app/Git/Contracts/Statuses.php">
      <metrics loc="22" ncloc="14" classes="0" methods="0" coveredmethods="0" conditionals="0" coveredconditionals="0" statements="0" coveredstatements="0" elements="0" coveredelements="0"/>
    </file>
    <file name="/build/framgia/ci-v3/api/app/Git/Contracts/User.php">
      <metrics loc="18" ncloc="14" classes="0" methods="0" coveredmethods="0" conditionals="0" coveredconditionals="0" statements="0" coveredstatements="0" elements="0" coveredelements="0"/>
    </file>
    <file name="/build/framgia/ci-v3/api/app/Git/Contracts/Webhooks.php">
      <metrics loc="42" ncloc="23" classes="0" methods="0" coveredmethods="0" conditionals="0" coveredconditionals="0" statements="0" coveredstatements="0" elements="0" coveredelements="0"/>
    </file>
    <package name="App\Git\DeployKeys">
      <file name="/build/framgia/ci-v3/api/app/Git/DeployKeys/GithubDeployKeys.php">
        <class name="App\Git\DeployKeys\GithubDeployKeys" namespace="App\Git\DeployKeys">
          <metrics complexity="2" methods="2" coveredmethods="0" conditionals="0" coveredconditionals="0" statements="12" coveredstatements="0" elements="14" coveredelements="0"/>
        </class>
        <line num="12" type="method" name="create" visibility="public" complexity="1" crap="2" count="0"/>
        <line num="14" type="stmt" count="0"/>
        <line num="15" type="stmt" count="0"/>
        <line num="16" type="stmt" count="0"/>
        <line num="17" type="stmt" count="0"/>
        <line num="18" type="stmt" count="0"/>
        <line num="19" type="stmt" count="0"/>
        <line num="22" type="stmt" count="0"/>
        <line num="25" type="method" name="delete" visibility="public" complexity="1" crap="2" count="0"/>
        <line num="27" type="stmt" count="0"/>
        <line num="28" type="stmt" count="0"/>
        <line num="29" type="stmt" count="0"/>
        <line num="30" type="stmt" count="0"/>
        <line num="31" type="stmt" count="0"/>
        <metrics loc="32" ncloc="32" classes="1" methods="2" coveredmethods="0" conditionals="0" coveredconditionals="0" statements="12" coveredstatements="0" elements="14" coveredelements="0"/>
      </file>
      <file name="/build/framgia/ci-v3/api/app/Git/DeployKeys/GitlabDeployKeys.php">
        <class name="App\Git\DeployKeys\GitlabDeployKeys" namespace="App\Git\DeployKeys">
          <metrics complexity="3" methods="3" coveredmethods="0" conditionals="0" coveredconditionals="0" statements="13" coveredstatements="0" elements="16" coveredelements="0"/>
        </class>
        <line num="20" type="method" name="__construct" visibility="public" complexity="1" crap="2" count="0"/>
        <line num="22" type="stmt" count="0"/>
        <line num="23" type="stmt" count="0"/>
        <line num="24" type="stmt" count="0"/>
        <line num="26" type="method" name="create" visibility="public" complexity="1" crap="2" count="0"/>
        <line num="28" type="stmt" count="0"/>
        <line num="29" type="stmt" count="0"/>
        <line num="30" type="stmt" count="0"/>
        <line num="31" type="stmt" count="0"/>
        <line num="33" type="stmt" count="0"/>
        <line num="36" type="method" name="delete" visibility="public" complexity="1" crap="2" count="0"/>
        <line num="38" type="stmt" count="0"/>
        <line num="39" type="stmt" count="0"/>
        <line num="40" type="stmt" count="0"/>
        <line num="41" type="stmt" count="0"/>
        <line num="42" type="stmt" count="0"/>
        <metrics loc="43" ncloc="43" classes="1" methods="3" coveredmethods="0" conditionals="0" coveredconditionals="0" statements="13" coveredstatements="0" elements="16" coveredelements="0"/>
      </file>
    </package>
    <package name="App\Git\Files">
      <file name="/build/framgia/ci-v3/api/app/Git/Files/GithubFiles.php">
        <class name="App\Git\Files\GithubFiles" namespace="App\Git\Files">
          <metrics complexity="1" methods="1" coveredmethods="0" conditionals="0" coveredconditionals="0" statements="2" coveredstatements="0" elements="3" coveredelements="0"/>
        </class>
        <line num="12" type="method" name="getSunCIYaml" visibility="public" complexity="1" crap="2" count="0"/>
        <line num="14" type="stmt" count="0"/>
        <line num="16" type="stmt" count="0"/>
        <metrics loc="18" ncloc="18" classes="1" methods="1" coveredmethods="0" conditionals="0" coveredconditionals="0" statements="2" coveredstatements="0" elements="3" coveredelements="0"/>
      </file>
      <file name="/build/framgia/ci-v3/api/app/Git/Files/GitlabFiles.php">
        <class name="App\Git\Files\GitlabFiles" namespace="App\Git\Files">
          <metrics complexity="1" methods="1" coveredmethods="1" conditionals="0" coveredconditionals="0" statements="3" coveredstatements="3" elements="4" coveredelements="4"/>
        </class>
        <line num="13" type="method" name="getSunCIYaml" visibility="public" complexity="1" crap="1" count="1"/>
        <line num="16" type="stmt" count="1"/>
        <line num="17" type="stmt" count="1"/>
        <line num="19" type="stmt" count="1"/>
        <metrics loc="21" ncloc="19" classes="1" methods="1" coveredmethods="1" conditionals="0" coveredconditionals="0" statements="3" coveredstatements="3" elements="4" coveredelements="4"/>
      </file>
    </package>
    <package name="App\Git">
      <file name="/build/framgia/ci-v3/api/app/Git/GitService.php">
        <class name="App\Git\GitService" namespace="App\Git">
          <metrics complexity="11" methods="10" coveredmethods="4" conditionals="0" coveredconditionals="0" statements="13" coveredstatements="7" elements="23" coveredelements="11"/>
        </class>
        <line num="15" type="method" name="oauth" visibility="public" complexity="1" crap="1" count="3"/>
        <line num="17" type="stmt" count="3"/>
        <line num="24" type="method" name="branch" visibility="public" complexity="1" crap="2" count="0"/>
        <line num="26" type="stmt" count="0"/>
        <line num="33" type="method" name="deployKeys" visibility="public" complexity="1" crap="1" count="1"/>
        <line num="35" type="stmt" count="1"/>
        <line num="42" type="method" name="files" visibility="public" complexity="1" crap="2" count="0"/>
        <line num="44" type="stmt" count="0"/>
        <line num="51" type="method" name="repositories" visibility="public" complexity="1" crap="2" count="0"/>
        <line num="53" type="stmt" count="0"/>
        <line num="60" type="method" name="statuses" visibility="public" complexity="1" crap="2" count="0"/>
        <line num="62" type="stmt" count="0"/>
        <line num="69" type="method" name="webhooks" visibility="public" complexity="1" crap="1" count="19"/>
        <line num="71" type="stmt" count="19"/>
        <line num="78" type="method" name="user" visibility="public" complexity="1" crap="2" count="0"/>
        <line num="80" type="stmt" count="0"/>
        <line num="89" type="method" name="isSupportedProvider" visibility="public" complexity="1" crap="1" count="22"/>
        <line num="91" type="stmt" count="22"/>
        <line num="99" type="method" name="makeGitFeatureProvider" visibility="protected" complexity="2" crap="2.06" count="22"/>
        <line num="101" type="stmt" count="22"/>
        <line num="102" type="stmt" count="0"/>
        <line num="105" type="stmt" count="22"/>
        <line num="107" type="stmt" count="22"/>
        <metrics loc="109" ncloc="66" classes="1" methods="10" coveredmethods="4" conditionals="0" coveredconditionals="0" statements="13" coveredstatements="7" elements="23" coveredelements="11"/>
      </file>
    </package>
    <package name="App\Git\Github">
      <file name="/build/framgia/ci-v3/api/app/Git/Github/InteractsWithGithubAPI.php">
        <class name="InteractsWithGithubAPI" namespace="App\Git\Github">
          <metrics complexity="4" methods="3" coveredmethods="2" conditionals="0" coveredconditionals="0" statements="8" coveredstatements="7" elements="11" coveredelements="9"/>
        </class>
        <line num="13" type="method" name="__construct" visibility="public" complexity="1" crap="1" count="10"/>
        <line num="15" type="stmt" count="10"/>
        <line num="16" type="stmt" count="10"/>
        <line num="21" type="method" name="setAuth" visibility="public" complexity="1" crap="1" count="2"/>
        <line num="23" type="stmt" count="2"/>
        <line num="25" type="stmt" count="2"/>
        <line num="28" type="method" name="setBaseUrl" visibility="public" complexity="2" crap="2.06" count="10"/>
        <line num="30" type="stmt" count="10"/>
        <line num="31" type="stmt" count="0"/>
        <line num="34" type="stmt" count="10"/>
        <line num="36" type="stmt" count="10"/>
        <metrics loc="38" ncloc="34" classes="1" methods="3" coveredmethods="2" conditionals="0" coveredconditionals="0" statements="8" coveredstatements="7" elements="11" coveredelements="9"/>
      </file>
    </package>
    <package name="App\Git\Gitlab">
      <file name="/build/framgia/ci-v3/api/app/Git/Gitlab/InteractsWithGitlabAPI.php">
        <class name="InteractsWithGitlabAPI" namespace="App\Git\Gitlab">
          <metrics complexity="4" methods="3" coveredmethods="2" conditionals="0" coveredconditionals="0" statements="9" coveredstatements="8" elements="12" coveredelements="10"/>
        </class>
        <line num="18" type="method" name="__construct" visibility="public" complexity="1" crap="1" count="11"/>
        <line num="20" type="stmt" count="11"/>
        <line num="21" type="stmt" count="11"/>
        <line num="26" type="method" name="setAuth" visibility="public" complexity="1" crap="1" count="2"/>
        <line num="28" type="stmt" count="2"/>
        <line num="30" type="stmt" count="2"/>
        <line num="32" type="stmt" count="2"/>
        <line num="35" type="method" name="setBaseUrl" visibility="public" complexity="2" crap="2.06" count="12"/>
        <line num="37" type="stmt" count="12"/>
        <line num="38" type="stmt" count="0"/>
        <line num="41" type="stmt" count="12"/>
        <line num="43" type="stmt" count="12"/>
        <metrics loc="45" ncloc="39" classes="1" methods="3" coveredmethods="2" conditionals="0" coveredconditionals="0" statements="9" coveredstatements="8" elements="12" coveredelements="10"/>
      </file>
    </package>
    <package name="App\Git\OAuth">
      <file name="/build/framgia/ci-v3/api/app/Git/OAuth/GithubOAuth.php">
        <class name="App\Git\OAuth\GithubOAuth" namespace="App\Git\OAuth">
          <metrics complexity="1" methods="1" coveredmethods="1" conditionals="0" coveredconditionals="0" statements="1" coveredstatements="1" elements="2" coveredelements="2"/>
        </class>
        <line num="13" type="method" name="getDriver" visibility="public" complexity="1" crap="1" count="2"/>
        <line num="15" type="stmt" count="2"/>
        <metrics loc="17" ncloc="17" classes="1" methods="1" coveredmethods="1" conditionals="0" coveredconditionals="0" statements="1" coveredstatements="1" elements="2" coveredelements="2"/>
      </file>
      <file name="/build/framgia/ci-v3/api/app/Git/OAuth/GitlabOAuth.php">
        <class name="App\Git\OAuth\GitlabOAuth" namespace="App\Git\OAuth">
          <metrics complexity="1" methods="1" coveredmethods="1" conditionals="0" coveredconditionals="0" statements="1" coveredstatements="1" elements="2" coveredelements="2"/>
        </class>
        <line num="13" type="method" name="getDriver" visibility="public" complexity="1" crap="1" count="1"/>
        <line num="15" type="stmt" count="1"/>
        <metrics loc="17" ncloc="17" classes="1" methods="1" coveredmethods="1" conditionals="0" coveredconditionals="0" statements="1" coveredstatements="1" elements="2" coveredelements="2"/>
      </file>
    </package>
    <package name="App\Git\Repositories">
      <file name="/build/framgia/ci-v3/api/app/Git/Repositories/GithubRepositories.php">
        <class name="App\Git\Repositories\GithubRepositories" namespace="App\Git\Repositories">
          <metrics complexity="7" methods="4" coveredmethods="0" conditionals="0" coveredconditionals="0" statements="29" coveredstatements="14" elements="33" coveredelements="14"/>
        </class>
[...]
      </file>
      <file name="/build/framgia/ci-v3/api/app/Services/Repositories/JobQueueService.php">
        <class name="App\Services\Repositories\JobQueueService" namespace="App\Services\Repositories">
          <metrics complexity="3" methods="2" coveredmethods="0" conditionals="0" coveredconditionals="0" statements="20" coveredstatements="0" elements="22" coveredelements="0"/>
        </class>
        <line num="15" type="method" name="queue" visibility="public" complexity="2" crap="6" count="0"/>
        <line num="18" type="stmt" count="0"/>
        <line num="19" type="stmt" count="0"/>
        <line num="20" type="stmt" count="0"/>
        <line num="22" type="stmt" count="0"/>
        <line num="24" type="stmt" count="0"/>
        <line num="25" type="stmt" count="0"/>
        <line num="28" type="stmt" count="0"/>
        <line num="31" type="method" name="queueJobs" visibility="private" complexity="1" crap="2" count="0"/>
        <line num="33" type="stmt" count="0"/>
        <line num="34" type="stmt" count="0"/>
        <line num="35" type="stmt" count="0"/>
        <line num="37" type="stmt" count="0"/>
        <line num="38" type="stmt" count="0"/>
        <line num="39" type="stmt" count="0"/>
        <line num="40" type="stmt" count="0"/>
        <line num="41" type="stmt" count="0"/>
        <line num="42" type="stmt" count="0"/>
        <line num="43" type="stmt" count="0"/>
        <line num="44" type="stmt" count="0"/>
        <line num="45" type="stmt" count="0"/>
        <line num="46" type="stmt" count="0"/>
        <metrics loc="49" ncloc="44" classes="1" methods="2" coveredmethods="0" conditionals="0" coveredconditionals="0" statements="20" coveredstatements="0" elements="22" coveredelements="0"/>
      </file>
      <file name="/build/framgia/ci-v3/api/app/Services/Repositories/RepositoryUpsertService.php">
        <class name="App\Services\Repositories\RepositoryUpsertService" namespace="App\Services\Repositories">
          <metrics complexity="2" methods="1" coveredmethods="0" conditionals="0" coveredconditionals="0" statements="26" coveredstatements="25" elements="27" coveredelements="25"/>
        </class>
        <line num="9" type="method" name="upsert" visibility="public" complexity="2" crap="2" count="1"/>
        <line num="11" type="stmt" count="1"/>
        <line num="12" type="stmt" count="0"/>
        <line num="15" type="stmt" count="1"/>
        <line num="18" type="stmt" count="1"/>
        <line num="19" type="stmt" count="1"/>
        <line num="20" type="stmt" count="1"/>
        <line num="21" type="stmt" count="1"/>
        <line num="22" type="stmt" count="1"/>
        <line num="23" type="stmt" count="1"/>
        <line num="24" type="stmt" count="1"/>
        <line num="25" type="stmt" count="1"/>
        <line num="26" type="stmt" count="1"/>
        <line num="27" type="stmt" count="1"/>
        <line num="29" type="stmt" count="1"/>
        <line num="32" type="stmt" count="1"/>
        <line num="33" type="stmt" count="1"/>
        <line num="34" type="stmt" count="1"/>
        <line num="36" type="stmt" count="1"/>
        <line num="38" type="stmt" count="1"/>
        <line num="40" type="stmt" count="1"/>
        <line num="44" type="stmt" count="1"/>
        <line num="49" type="stmt" count="1"/>
        <line num="51" type="stmt" count="1"/>
        <line num="58" type="stmt" count="1"/>
        <line num="63" type="stmt" count="1"/>
        <line num="64" type="stmt" count="1"/>
        <metrics loc="65" ncloc="65" classes="1" methods="1" coveredmethods="0" conditionals="0" coveredconditionals="0" statements="26" coveredstatements="25" elements="27" coveredelements="25"/>
      </file>
      <file name="/build/framgia/ci-v3/api/app/Services/Repositories/StoreRepositoriesService.php">
        <class name="App\Services\Repositories\StoreRepositoriesService" namespace="App\Services\Repositories">
          <metrics complexity="7" methods="5" coveredmethods="4" conditionals="0" coveredconditionals="0" statements="48" coveredstatements="45" elements="53" coveredelements="49"/>
        </class>
        <line num="25" type="method" name="handle" visibility="public" complexity="2" crap="2.11" count="1"/>
        <line num="28" type="stmt" count="1"/>
        <line num="30" type="stmt" count="1"/>
        <line num="31" type="stmt" count="1"/>
        <line num="32" type="stmt" count="1"/>
        <line num="33" type="stmt" count="1"/>
        <line num="35" type="stmt" count="1"/>
        <line num="37" type="stmt" count="1"/>
        <line num="38" type="stmt" count="0"/>
        <line num="39" type="stmt" count="0"/>
        <line num="41" type="stmt" count="0"/>
        <line num="49" type="method" name="storeRepositories" visibility="protected" complexity="1" crap="1" count="1"/>
        <line num="51" type="stmt" count="1"/>
        <line num="53" type="stmt" count="1"/>
        <line num="56" type="stmt" count="1"/>
        <line num="57" type="stmt" count="1"/>
        <line num="59" type="stmt" count="1"/>
        <line num="60" type="stmt" count="1"/>
        <line num="61" type="stmt" count="1"/>
        <line num="62" type="stmt" count="1"/>
        <line num="71" type="method" name="storePermissions" visibility="protected" complexity="2" crap="2" count="1"/>
        <line num="73" type="stmt" count="1"/>
        <line num="77" type="stmt" count="1"/>
        <line num="78" type="stmt" count="1"/>
        <line num="79" type="stmt" count="1"/>
        <line num="81" type="stmt" count="1"/>
        <line num="82" type="stmt" count="1"/>
        <line num="83" type="stmt" count="1"/>
        <line num="84" type="stmt" count="1"/>
        <line num="85" type="stmt" count="1"/>
        <line num="87" type="stmt" count="1"/>
        <line num="89" type="stmt" count="1"/>
        <line num="90" type="stmt" count="1"/>
        <line num="96" type="method" name="storeWorkspace" visibility="public" complexity="1" crap="1" count="1"/>
        <line num="100" type="stmt" count="1"/>
        <line num="101" type="stmt" count="1"/>
        <line num="102" type="stmt" count="1"/>
        <line num="103" type="stmt" count="1"/>
        <line num="105" type="stmt" count="1"/>
        <line num="107" type="stmt" count="1"/>
        <line num="108" type="stmt" count="1"/>
        <line num="110" type="stmt" count="1"/>
        <line num="111" type="stmt" count="1"/>
        <line num="112" type="stmt" count="1"/>
        <line num="120" type="method" name="storeUserWorkspace" visibility="public" complexity="1" crap="1" count="1"/>
        <line num="122" type="stmt" count="1"/>
        <line num="125" type="stmt" count="1"/>
        <line num="126" type="stmt" count="1"/>
        <line num="127" type="stmt" count="1"/>
        <line num="128" type="stmt" count="1"/>
        <line num="130" type="stmt" count="1"/>
        <line num="132" type="stmt" count="1"/>
        <line num="133" type="stmt" count="1"/>
        <metrics loc="134" ncloc="108" classes="1" methods="5" coveredmethods="4" conditionals="0" coveredconditionals="0" statements="48" coveredstatements="45" elements="53" coveredelements="49"/>
      </file>
      <file name="/build/framgia/ci-v3/api/app/Services/Repositories/SyncAccountService.php">
        <class name="App\Services\Repositories\SyncAccountService" namespace="App\Services\Repositories">
          <metrics complexity="5" methods="4" coveredmethods="4" conditionals="0" coveredconditionals="0" statements="23" coveredstatements="23" elements="27" coveredelements="27"/>
        </class>
        <line num="21" type="method" name="__construct" visibility="public" complexity="1" crap="1" count="1"/>
        <line num="23" type="stmt" count="1"/>
        <line num="24" type="stmt" count="1"/>
        <line num="25" type="stmt" count="1"/>
        <line num="36" type="method" name="handle" visibility="public" complexity="1" crap="1" count="1"/>
        <line num="38" type="stmt" count="1"/>
        <line num="39" type="stmt" count="1"/>
        <line num="40" type="stmt" count="1"/>
        <line num="41" type="stmt" count="1"/>
        <line num="44" type="stmt" count="1"/>
        <line num="45" type="stmt" count="1"/>
        <line num="46" type="stmt" count="1"/>
        <line num="47" type="stmt" count="1"/>
        <line num="56" type="method" name="fetchAndStoreRepos" visibility="protected" complexity="2" crap="2" count="1"/>
        <line num="58" type="stmt" count="1"/>
        <line num="60" type="stmt" count="1"/>
        <line num="61" type="stmt" count="1"/>
        <line num="62" type="stmt" count="1"/>
        <line num="63" type="stmt" count="1"/>
        <line num="66" type="stmt" count="1"/>
        <line num="77" type="method" name="detachOldRepos" visibility="protected" complexity="1" crap="1" count="1"/>
        <line num="79" type="stmt" count="1"/>
        <line num="81" type="stmt" count="1"/>
        <line num="82" type="stmt" count="1"/>
        <line num="83" type="stmt" count="1"/>
        <line num="84" type="stmt" count="1"/>
        <line num="85" type="stmt" count="1"/>
        <metrics loc="86" ncloc="60" classes="1" methods="4" coveredmethods="4" conditionals="0" coveredconditionals="0" statements="23" coveredstatements="23" elements="27" coveredelements="27"/>
      </file>
    </package>
    <package name="App\Services\Runners">
      <file name="/build/framgia/ci-v3/api/app/Services/Runners/AssignJobsService.php">
        <class name="App\Services\Runners\AssignJobsService" namespace="App\Services\Runners">
          <metrics complexity="1" methods="1" coveredmethods="0" conditionals="0" coveredconditionals="0" statements="2" coveredstatements="0" elements="3" coveredelements="0"/>
        </class>
        <line num="17" type="method" name="handle" visibility="public" complexity="1" crap="2" count="0"/>
        <line num="19" type="stmt" count="0"/>
        <line num="20" type="stmt" count="0"/>
        <metrics loc="23" ncloc="17" classes="1" methods="1" coveredmethods="0" conditionals="0" coveredconditionals="0" statements="2" coveredstatements="0" elements="3" coveredelements="0"/>
      </file>
      <file name="/build/framgia/ci-v3/api/app/Services/Runners/CreateRunnerService.php">
        <class name="App\Services\Runners\CreateRunnerService" namespace="App\Services\Runners">
          <metrics complexity="5" methods="3" coveredmethods="3" conditionals="0" coveredconditionals="0" statements="34" coveredstatements="34" elements="37" coveredelements="37"/>
        </class>
        <line num="17" type="method" name="__construct" visibility="public" complexity="1" crap="1" count="9"/>
        <line num="19" type="stmt" count="9"/>
        <line num="20" type="stmt" count="9"/>
        <line num="22" type="method" name="handle" visibility="public" complexity="1" crap="1" count="2"/>
        <line num="25" type="stmt" count="2"/>
        <line num="26" type="stmt" count="2"/>
        <line num="27" type="stmt" count="2"/>
        <line num="28" type="stmt" count="2"/>
        <line num="31" type="stmt" count="2"/>
        <line num="32" type="stmt" count="2"/>
        <line num="34" type="stmt" count="2"/>
        <line num="35" type="stmt" count="2"/>
        <line num="43" type="method" name="assignRepositories" visibility="public" complexity="3" crap="3" count="3"/>
        <line num="45" type="stmt" count="3"/>
        <line num="47" type="stmt" count="3"/>
        <line num="48" type="stmt" count="3"/>
        <line num="51" type="stmt" count="3"/>
        <line num="52" type="stmt" count="3"/>
        <line num="53" type="stmt" count="3"/>
        <line num="54" type="stmt" count="3"/>
        <line num="56" type="stmt" count="3"/>
        <line num="57" type="stmt" count="3"/>
        <line num="58" type="stmt" count="3"/>
        <line num="59" type="stmt" count="3"/>
        <line num="61" type="stmt" count="3"/>
        <line num="63" type="stmt" count="3"/>
        <line num="64" type="stmt" count="3"/>
        <line num="65" type="stmt" count="3"/>
        <line num="66" type="stmt" count="3"/>
        <line num="67" type="stmt" count="3"/>
        <line num="68" type="stmt" count="3"/>
        <line num="70" type="stmt" count="3"/>
        <line num="71" type="stmt" count="3"/>
        <line num="72" type="stmt" count="3"/>
        <line num="73" type="stmt" count="3"/>
        <line num="75" type="stmt" count="3"/>
        <line num="76" type="stmt" count="3"/>
        <metrics loc="77" ncloc="71" classes="1" methods="3" coveredmethods="3" conditionals="0" coveredconditionals="0" statements="34" coveredstatements="34" elements="37" coveredelements="37"/>
      </file>
    </package>
    <package name="App\Services\Users">
      <file name="/build/framgia/ci-v3/api/app/Services/Users/CreateAccountService.php">
        <class name="App\Services\Users\CreateAccountService" namespace="App\Services\Users">
          <metrics complexity="2" methods="1" coveredmethods="1" conditionals="0" coveredconditionals="0" statements="17" coveredstatements="17" elements="18" coveredelements="18"/>
        </class>
        <line num="14" type="method" name="handle" visibility="public" complexity="2" crap="2" count="4"/>
        <line num="17" type="stmt" count="4"/>
        <line num="19" type="stmt" count="4"/>
        <line num="20" type="stmt" count="4"/>
        <line num="21" type="stmt" count="4"/>
        <line num="22" type="stmt" count="4"/>
        <line num="23" type="stmt" count="4"/>
        <line num="24" type="stmt" count="4"/>
        <line num="28" type="stmt" count="4"/>
        <line num="29" type="stmt" count="4"/>
        <line num="30" type="stmt" count="4"/>
        <line num="31" type="stmt" count="4"/>
        <line num="32" type="stmt" count="4"/>
        <line num="33" type="stmt" count="4"/>
        <line num="34" type="stmt" count="4"/>
        <line num="35" type="stmt" count="4"/>
        <line num="38" type="stmt" count="4"/>
        <line num="39" type="stmt" count="4"/>
        <metrics loc="41" ncloc="38" classes="1" methods="1" coveredmethods="1" conditionals="0" coveredconditionals="0" statements="17" coveredstatements="17" elements="18" coveredelements="18"/>
      </file>
      <file name="/build/framgia/ci-v3/api/app/Services/Users/UpdateAccountService.php">
        <class name="App\Services\Users\UpdateAccountService" namespace="App\Services\Users">
          <metrics complexity="3" methods="2" coveredmethods="1" conditionals="0" coveredconditionals="0" statements="21" coveredstatements="19" elements="23" coveredelements="20"/>
        </class>
        <line num="15" type="method" name="__construct" visibility="public" complexity="1" crap="1" count="5"/>
        <line num="17" type="stmt" count="5"/>
        <line num="18" type="stmt" count="5"/>
        <line num="20" type="method" name="handle" visibility="public" complexity="2" crap="2.00" count="1"/>
        <line num="22" type="stmt" count="1"/>
        <line num="23" type="stmt" count="1"/>
        <line num="24" type="stmt" count="1"/>
        <line num="25" type="stmt" count="1"/>
        <line num="26" type="stmt" count="1"/>
        <line num="28" type="stmt" count="1"/>
        <line num="29" type="stmt" count="0"/>
        <line num="31" type="stmt" count="0"/>
        <line num="36" type="stmt" count="1"/>
        <line num="37" type="stmt" count="1"/>
        <line num="38" type="stmt" count="1"/>
        <line num="40" type="stmt" count="1"/>
        <line num="41" type="stmt" count="1"/>
        <line num="42" type="stmt" count="1"/>
        <line num="43" type="stmt" count="1"/>
        <line num="44" type="stmt" count="1"/>
        <line num="45" type="stmt" count="1"/>
        <line num="46" type="stmt" count="1"/>
        <line num="49" type="stmt" count="1"/>
        <metrics loc="50" ncloc="49" classes="1" methods="2" coveredmethods="1" conditionals="0" coveredconditionals="0" statements="21" coveredstatements="19" elements="23" coveredelements="20"/>
      </file>
    </package>
    <package name="App\Support">
      <file name="/build/framgia/ci-v3/api/app/Support/Iteratees.php">
        <class name="App\Support\Iteratees" namespace="App\Support">
          <metrics complexity="3" methods="1" coveredmethods="1" conditionals="0" coveredconditionals="0" statements="5" coveredstatements="5" elements="6" coveredelements="6"/>
        </class>
        <line num="11" type="method" name="matches" visibility="public" complexity="3" crap="3" count="7"/>
        <line num="14" type="stmt" count="7"/>
        <line num="15" type="stmt" count="7"/>
        <line num="16" type="stmt" count="3"/>
        <line num="20" type="stmt" count="6"/>
        <line num="21" type="stmt" count="7"/>
        <metrics loc="23" ncloc="19" classes="1" methods="1" coveredmethods="1" conditionals="0" coveredconditionals="0" statements="5" coveredstatements="5" elements="6" coveredelements="6"/>
      </file>
      <file name="/build/framgia/ci-v3/api/app/Support/Math.php">
        <class name="App\Support\Math" namespace="App\Support">
          <metrics complexity="5" methods="2" coveredmethods="0" conditionals="0" coveredconditionals="0" statements="11" coveredstatements="3" elements="13" coveredelements="3"/>
        </class>
        <line num="17" type="method" name="clamp" visibility="public" complexity="3" crap="3.58" count="1"/>
        <line num="19" type="stmt" count="1"/>
        <line num="20" type="stmt" count="0"/>
        <line num="23" type="stmt" count="1"/>
        <line num="24" type="stmt" count="0"/>
        <line num="27" type="stmt" count="1"/>
        <line num="36" type="method" name="parseBytesExpression" visibility="public" complexity="2" crap="6" count="0"/>
        <line num="39" type="stmt" count="0"/>
        <line num="47" type="stmt" count="0"/>
        <line num="48" type="stmt" count="0"/>
        <line num="51" type="stmt" count="0"/>
        <line num="52" type="stmt" count="0"/>
        <line num="54" type="stmt" count="0"/>
        <metrics loc="56" ncloc="42" classes="1" methods="2" coveredmethods="0" conditionals="0" coveredconditionals="0" statements="11" coveredstatements="3" elements="13" coveredelements="3"/>
      </file>
      <file name="/build/framgia/ci-v3/api/app/Support/RSA.php">
        <class name="App\Support\RSA" namespace="App\Support">
          <metrics complexity="1" methods="1" coveredmethods="0" conditionals="0" coveredconditionals="0" statements="4" coveredstatements="0" elements="5" coveredelements="0"/>
        </class>
        <line num="14" type="method" name="generate" visibility="public" complexity="1" crap="2" count="0"/>
        <line num="16" type="stmt" count="0"/>
        <line num="17" type="stmt" count="0"/>
        <line num="18" type="stmt" count="0"/>
        <line num="20" type="stmt" count="0"/>
        <metrics loc="22" ncloc="17" classes="1" methods="1" coveredmethods="0" conditionals="0" coveredconditionals="0" statements="4" coveredstatements="0" elements="5" coveredelements="0"/>
      </file>
    </package>
    <file name="/build/framgia/ci-v3/api/app/Support/helpers.php">
      <line num="6" type="stmt" count="0"/>
      <line num="9" type="stmt" count="54"/>
      <line num="10" type="stmt" count="54"/>
      <line num="13" type="stmt" count="36"/>
      <line num="14" type="stmt" count="0"/>
      <line num="17" type="stmt" count="36"/>
      <metrics loc="19" ncloc="19" classes="0" methods="0" coveredmethods="0" conditionals="0" coveredconditionals="0" statements="6" coveredstatements="4" elements="6" coveredelements="4"/>
    </file>
    <metrics files="299" loc="15156" ncloc="12024" classes="269" methods="718" coveredmethods="436" conditionals="0" coveredconditionals="0" statements="3554" coveredstatements="2383" elements="4272" coveredelements="2819"/>
</coverage>
