<testsuites>
<testsuite name="" tests="653" assertions="3717" errors="3" warnings="0" failures="0" skipped="0" time="27.817690">
<testsuite name="Unit" tests="547" assertions="2705" errors="3" warnings="0" failures="0" skipped="0" time="20.535421">
<testsuite name="Tests\Unit\Enums\Category\CategoryStatusTest" file="/build/framgia/viblo-learning-api/tests/Unit/Enums/Category/CategoryStatusTest.php" tests="1" assertions="1" errors="0" warnings="0" failures="0" skipped="0" time="0.044412">
<testcase name="test_it_can_get_category_status_values" class="Tests\Unit\Enums\Category\CategoryStatusTest" classname="Tests.Unit.Enums.Category.CategoryStatusTest" file="/build/framgia/viblo-learning-api/tests/Unit/Enums/Category/CategoryStatusTest.php" line="11" assertions="1" time="0.044412"/>
</testsuite>
<testsuite name="Tests\Unit\Enums\Point\PointTypeTest" file="/build/framgia/viblo-learning-api/tests/Unit/Enums/Point/PointTypeTest.php" tests="1" assertions="1" errors="0" warnings="0" failures="0" skipped="0" time="0.044553">
<testcase name="test_it_can_get_contributions_point_type" class="Tests\Unit\Enums\Point\PointTypeTest" classname="Tests.Unit.Enums.Point.PointTypeTest" file="/build/framgia/viblo-learning-api/tests/Unit/Enums/Point/PointTypeTest.php" line="11" assertions="1" time="0.044553"/>
</testsuite>
<testsuite name="Tests\Unit\Enums\Question\QuestionStatusTest" file="/build/framgia/viblo-learning-api/tests/Unit/Enums/Question/QuestionStatusTest.php" tests="1" assertions="1" errors="0" warnings="0" failures="0" skipped="0" time="0.030467">
<testcase name="test_it_can_get_question_status_values" class="Tests\Unit\Enums\Question\QuestionStatusTest" classname="Tests.Unit.Enums.Question.QuestionStatusTest" file="/build/framgia/viblo-learning-api/tests/Unit/Enums/Question/QuestionStatusTest.php" line="11" assertions="1" time="0.030467"/>
</testsuite>
<testsuite name="Tests\Unit\Enums\Question\ReportTest" file="/build/framgia/viblo-learning-api/tests/Unit/Enums/Question/ReportTest.php" tests="1" assertions="1" errors="0" warnings="0" failures="0" skipped="0" time="0.029162">
<testcase name="test_it_can_get_report_values" class="Tests\Unit\Enums\Question\ReportTest" classname="Tests.Unit.Enums.Question.ReportTest" file="/build/framgia/viblo-learning-api/tests/Unit/Enums/Question/ReportTest.php" line="11" assertions="1" time="0.029162"/>
</testsuite>
<testsuite name="Tests\Unit\Enums\Ranking\RankingTypeTest" file="/build/framgia/viblo-learning-api/tests/Unit/Enums/Ranking/RankingTypeTest.php" tests="1" assertions="1" errors="0" warnings="0" failures="0" skipped="0" time="0.028987">
<testcase name="test_it_can_get_ranking_type_values" class="Tests\Unit\Enums\Ranking\RankingTypeTest" classname="Tests.Unit.Enums.Ranking.RankingTypeTest" file="/build/framgia/viblo-learning-api/tests/Unit/Enums/Ranking/RankingTypeTest.php" line="11" assertions="1" time="0.028987"/>
</testsuite>
<testsuite name="Tests\Unit\Enums\Snappy\SnappyTypeTest" file="/build/framgia/viblo-learning-api/tests/Unit/Enums/Snappy/SnappyTypeTest.php" tests="1" assertions="1" errors="0" warnings="0" failures="0" skipped="0" time="0.030068">
<testcase name="test_it_can_get_ranking_type_values" class="Tests\Unit\Enums\Snappy\SnappyTypeTest" classname="Tests.Unit.Enums.Snappy.SnappyTypeTest" file="/build/framgia/viblo-learning-api/tests/Unit/Enums/Snappy/SnappyTypeTest.php" line="11" assertions="1" time="0.030068"/>
</testsuite>
<testsuite name="Tests\Unit\Factory\Questions\ChoiceQuestion\ChoiceTest" file="/build/framgia/viblo-learning-api/tests/Unit/Factory/Questions/ChoiceQuestion/ChoiceTest.php" tests="2" assertions="15" errors="0" warnings="0" failures="0" skipped="0" time="0.105615">
<testcase name="test_it_can_build_answer_data" class="Tests\Unit\Factory\Questions\ChoiceQuestion\ChoiceTest" classname="Tests.Unit.Factory.Questions.ChoiceQuestion.ChoiceTest" file="/build/framgia/viblo-learning-api/tests/Unit/Factory/Questions/ChoiceQuestion/ChoiceTest.php" line="39" assertions="12" time="0.062594"/>
<testcase name="test_it_can_store_answer" class="Tests\Unit\Factory\Questions\ChoiceQuestion\ChoiceTest" classname="Tests.Unit.Factory.Questions.ChoiceQuestion.ChoiceTest" file="/build/framgia/viblo-learning-api/tests/Unit/Factory/Questions/ChoiceQuestion/ChoiceTest.php" line="90" assertions="3" time="0.043021"/>
</testsuite>
<testsuite name="Tests\Unit\Factory\Questions\FillTheBlank\FillTheBlankQuestionTest" file="/build/framgia/viblo-learning-api/tests/Unit/Factory/Questions/FillTheBlank/FillTheBlankQuestionTest.php" tests="2" assertions="15" errors="0" warnings="0" failures="0" skipped="0" time="0.056306">
<testcase name="test_it_can_build_answer_data" class="Tests\Unit\Factory\Questions\FillTheBlank\FillTheBlankQuestionTest" classname="Tests.Unit.Factory.Questions.FillTheBlank.FillTheBlankQuestionTest" file="/build/framgia/viblo-learning-api/tests/Unit/Factory/Questions/FillTheBlank/FillTheBlankQuestionTest.php" line="39" assertions="12" time="0.027990"/>
<testcase name="test_it_can_store_answer" class="Tests\Unit\Factory\Questions\FillTheBlank\FillTheBlankQuestionTest" classname="Tests.Unit.Factory.Questions.FillTheBlank.FillTheBlankQuestionTest" file="/build/framgia/viblo-learning-api/tests/Unit/Factory/Questions/FillTheBlank/FillTheBlankQuestionTest.php" line="74" assertions="3" time="0.028316"/>
</testsuite>
<testsuite name="Tests\Unit\Http\Controllers\Admin\ActivityLog\GetActivityLogTest" file="/build/framgia/viblo-learning-api/tests/Unit/Http/Controllers/Admin/ActivityLog/GetActivityLogTest.php" tests="1" assertions="1" errors="0" warnings="0" failures="0" skipped="0" time="0.039483">
<testcase name="test_it_can_get_activity_logs" class="Tests\Unit\Http\Controllers\Admin\ActivityLog\GetActivityLogTest" classname="Tests.Unit.Http.Controllers.Admin.ActivityLog.GetActivityLogTest" file="/build/framgia/viblo-learning-api/tests/Unit/Http/Controllers/Admin/ActivityLog/GetActivityLogTest.php" line="34" assertions="1" time="0.039483"/>
</testsuite>
<testsuite name="Tests\Unit\Http\Controllers\Admin\CategoryControllerTest" file="/build/framgia/viblo-learning-api/tests/Unit/Http/Controllers/Admin/CategoryControllerTest.php" tests="6" assertions="13" errors="0" warnings="0" failures="0" skipped="0" time="0.223293">
<testcase name="test_it_can_get_list_categories" class="Tests\Unit\Http\Controllers\Admin\CategoryControllerTest" classname="Tests.Unit.Http.Controllers.Admin.CategoryControllerTest" file="/build/framgia/viblo-learning-api/tests/Unit/Http/Controllers/Admin/CategoryControllerTest.php" line="45" assertions="3" time="0.051262"/>
<testcase name="test_it_can_store_category" class="Tests\Unit\Http\Controllers\Admin\CategoryControllerTest" classname="Tests.Unit.Http.Controllers.Admin.CategoryControllerTest" file="/build/framgia/viblo-learning-api/tests/Unit/Http/Controllers/Admin/CategoryControllerTest.php" line="60" assertions="2" time="0.044031"/>
<testcase name="test_it_can_show_category" class="Tests\Unit\Http\Controllers\Admin\CategoryControllerTest" classname="Tests.Unit.Http.Controllers.Admin.CategoryControllerTest" file="/build/framgia/viblo-learning-api/tests/Unit/Http/Controllers/Admin/CategoryControllerTest.php" line="84" assertions="2" time="0.040060"/>
<testcase name="test_it_can_update_category" class="Tests\Unit\Http\Controllers\Admin\CategoryControllerTest" classname="Tests.Unit.Http.Controllers.Admin.CategoryControllerTest" file="/build/framgia/viblo-learning-api/tests/Unit/Http/Controllers/Admin/CategoryControllerTest.php" line="97" assertions="2" time="0.028711"/>
<testcase name="test_it_can_destroy_category" class="Tests\Unit\Http\Controllers\Admin\CategoryControllerTest" classname="Tests.Unit.Http.Controllers.Admin.CategoryControllerTest" file="/build/framgia/viblo-learning-api/tests/Unit/Http/Controllers/Admin/CategoryControllerTest.php" line="121" assertions="2" time="0.027563"/>
<testcase name="test_it_can_restore_category" class="Tests\Unit\Http\Controllers\Admin\CategoryControllerTest" classname="Tests.Unit.Http.Controllers.Admin.CategoryControllerTest" file="/build/framgia/viblo-learning-api/tests/Unit/Http/Controllers/Admin/CategoryControllerTest.php" line="135" assertions="2" time="0.031666"/>
</testsuite>
<testsuite name="Tests\Unit\Http\Controllers\Admin\CertificateControllerTest" file="/build/framgia/viblo-learning-api/tests/Unit/Http/Controllers/Admin/CertificateControllerTest.php" tests="3" assertions="8" errors="0" warnings="0" failures="0" skipped="0" time="0.135487">
<testcase name="test_it_can_show_all_certificate" class="Tests\Unit\Http\Controllers\Admin\CertificateControllerTest" classname="Tests.Unit.Http.Controllers.Admin.CertificateControllerTest" file="/build/framgia/viblo-learning-api/tests/Unit/Http/Controllers/Admin/CertificateControllerTest.php" line="44" assertions="2" time="0.051896"/>
<testcase name="test_it_can_show_certificate_by_id" class="Tests\Unit\Http\Controllers\Admin\CertificateControllerTest" classname="Tests.Unit.Http.Controllers.Admin.CertificateControllerTest" file="/build/framgia/viblo-learning-api/tests/Unit/Http/Controllers/Admin/CertificateControllerTest.php" line="63" assertions="4" time="0.030651"/>
<testcase name="test_it_can_get_list_tag" class="Tests\Unit\Http\Controllers\Admin\CertificateControllerTest" classname="Tests.Unit.Http.Controllers.Admin.CertificateControllerTest" file="/build/framgia/viblo-learning-api/tests/Unit/Http/Controllers/Admin/CertificateControllerTest.php" line="84" assertions="2" time="0.052940"/>
</testsuite>
<testsuite name="Tests\Unit\Http\Controllers\Admin\ContributionControllerTest" file="/build/framgia/viblo-learning-api/tests/Unit/Http/Controllers/Admin/ContributionControllerTest.php" tests="3" assertions="35" errors="0" warnings="0" failures="0" skipped="0" time="0.162414">
<testcase name="test_it_can_get_list_contribution_admin" class="Tests\Unit\Http\Controllers\Admin\ContributionControllerTest" classname="Tests.Unit.Http.Controllers.Admin.ContributionControllerTest" file="/build/framgia/viblo-learning-api/tests/Unit/Http/Controllers/Admin/ContributionControllerTest.php" line="53" assertions="13" time="0.047577"/>
<testcase name="test_it_can_get_list_contribution_admin_with_trashed" class="Tests\Unit\Http\Controllers\Admin\ContributionControllerTest" classname="Tests.Unit.Http.Controllers.Admin.ContributionControllerTest" file="/build/framgia/viblo-learning-api/tests/Unit/Http/Controllers/Admin/ContributionControllerTest.php" line="87" assertions="13" time="0.026571"/>
<testcase name="test_it_can_update_contributions_admin" class="Tests\Unit\Http\Controllers\Admin\ContributionControllerTest" classname="Tests.Unit.Http.Controllers.Admin.ContributionControllerTest" file="/build/framgia/viblo-learning-api/tests/Unit/Http/Controllers/Admin/ContributionControllerTest.php" line="121" assertions="9" time="0.088266"/>
</testsuite>
<testsuite name="Tests\Unit\Http\Controllers\Admin\ExamControllerTest" file="/build/framgia/viblo-learning-api/tests/Unit/Http/Controllers/Admin/ExamControllerTest.php" tests="4" assertions="13" errors="0" warnings="0" failures="0" skipped="0" time="0.141355">
<testcase name="test_it_can_show_exam" class="Tests\Unit\Http\Controllers\Admin\ExamControllerTest" classname="Tests.Unit.Http.Controllers.Admin.ExamControllerTest" file="/build/framgia/viblo-learning-api/tests/Unit/Http/Controllers/Admin/ExamControllerTest.php" line="39" assertions="4" time="0.040493"/>
<testcase name="test_it_can_get_list_exam" class="Tests\Unit\Http\Controllers\Admin\ExamControllerTest" classname="Tests.Unit.Http.Controllers.Admin.ExamControllerTest" file="/build/framgia/viblo-learning-api/tests/Unit/Http/Controllers/Admin/ExamControllerTest.php" line="51" assertions="3" time="0.042301"/>
<testcase name="test_it_can_get_show_exam_by_certificate_id" class="Tests\Unit\Http\Controllers\Admin\ExamControllerTest" classname="Tests.Unit.Http.Controllers.Admin.ExamControllerTest" file="/build/framgia/viblo-learning-api/tests/Unit/Http/Controllers/Admin/ExamControllerTest.php" line="68" assertions="3" time="0.027341"/>
<testcase name="test_it_store_new_exam" class="Tests\Unit\Http\Controllers\Admin\ExamControllerTest" classname="Tests.Unit.Http.Controllers.Admin.ExamControllerTest" file="/build/framgia/viblo-learning-api/tests/Unit/Http/Controllers/Admin/ExamControllerTest.php" line="88" assertions="3" time="0.031220"/>
</testsuite>
<testsuite name="Tests\Unit\Http\Controllers\Admin\Objective\FetchObjectivesByCourseTest" file="/build/framgia/viblo-learning-api/tests/Unit/Http/Controllers/Admin/Objective/FetchObjectivesByCourseTest.php" tests="1" assertions="6" errors="0" warnings="0" failures="0" skipped="0" time="0.067871">
<testcase name="test_it_can_fetch_objective_by_course" class="Tests\Unit\Http\Controllers\Admin\Objective\FetchObjectivesByCourseTest" classname="Tests.Unit.Http.Controllers.Admin.Objective.FetchObjectivesByCourseTest" file="/build/framgia/viblo-learning-api/tests/Unit/Http/Controllers/Admin/Objective/FetchObjectivesByCourseTest.php" line="44" assertions="6" time="0.067871"/>
</testsuite>
<testsuite name="Tests\Unit\Http\Controllers\Admin\ObjectiveControllerTest" file="/build/framgia/viblo-learning-api/tests/Unit/Http/Controllers/Admin/ObjectiveControllerTest.php" tests="5" assertions="16" errors="0" warnings="0" failures="0" skipped="0" time="0.250164">
<testcase name="test_it_can_get_list_objective" class="Tests\Unit\Http\Controllers\Admin\ObjectiveControllerTest" classname="Tests.Unit.Http.Controllers.Admin.ObjectiveControllerTest" file="/build/framgia/viblo-learning-api/tests/Unit/Http/Controllers/Admin/ObjectiveControllerTest.php" line="53" assertions="2" time="0.095594"/>
<testcase name="test_it_can_get_store_objective" class="Tests\Unit\Http\Controllers\Admin\ObjectiveControllerTest" classname="Tests.Unit.Http.Controllers.Admin.ObjectiveControllerTest" file="/build/framgia/viblo-learning-api/tests/Unit/Http/Controllers/Admin/ObjectiveControllerTest.php" line="63" assertions="6" time="0.036014"/>
<testcase name="test_it_can_show_objective" class="Tests\Unit\Http\Controllers\Admin\ObjectiveControllerTest" classname="Tests.Unit.Http.Controllers.Admin.ObjectiveControllerTest" file="/build/framgia/viblo-learning-api/tests/Unit/Http/Controllers/Admin/ObjectiveControllerTest.php" line="108" assertions="3" time="0.028306"/>
<testcase name="test_it_can_destroy_objective" class="Tests\Unit\Http\Controllers\Admin\ObjectiveControllerTest" classname="Tests.Unit.Http.Controllers.Admin.ObjectiveControllerTest" file="/build/framgia/viblo-learning-api/tests/Unit/Http/Controllers/Admin/ObjectiveControllerTest.php" line="126" assertions="3" time="0.032558"/>
<testcase name="test_it_can_update_objective" class="Tests\Unit\Http\Controllers\Admin\ObjectiveControllerTest" classname="Tests.Unit.Http.Controllers.Admin.ObjectiveControllerTest" file="/build/framgia/viblo-learning-api/tests/Unit/Http/Controllers/Admin/ObjectiveControllerTest.php" line="139" assertions="2" time="0.057692"/>
</testsuite>
<testsuite name="Tests\Unit\Http\Controllers\Admin\Question\UpdateStatusTest" file="/build/framgia/viblo-learning-api/tests/Unit/Http/Controllers/Admin/Question/UpdateStatusTest.php" tests="1" assertions="0" errors="1" warnings="0" failures="0" skipped="0" time="0.027681">
<testcase name="test_it_can_update_question_status" class="Tests\Unit\Http\Controllers\Admin\Question\UpdateStatusTest" classname="Tests.Unit.Http.Controllers.Admin.Question.UpdateStatusTest" file="/build/framgia/viblo-learning-api/tests/Unit/Http/Controllers/Admin/Question/UpdateStatusTest.php" line="45" assertions="0" time="0.027681">
<error type="PHPUnit\Framework\RiskyTestError">Risky Test </error>
</testcase>
</testsuite>
<testsuite name="Tests\Unit\Http\Controllers\Admin\QuestionControllerTest" file="/build/framgia/viblo-learning-api/tests/Unit/Http/Controllers/Admin/QuestionControllerTest.php" tests="3" assertions="15" errors="0" warnings="0" failures="0" skipped="0" time="0.130235">
<testcase name="test_it_can_get" class="Tests\Unit\Http\Controllers\Admin\QuestionControllerTest" classname="Tests.Unit.Http.Controllers.Admin.QuestionControllerTest" file="/build/framgia/viblo-learning-api/tests/Unit/Http/Controllers/Admin/QuestionControllerTest.php" line="42" assertions="7" time="0.048497"/>
<testcase name="test_it_can_store_choice_question" class="Tests\Unit\Http\Controllers\Admin\QuestionControllerTest" classname="Tests.Unit.Http.Controllers.Admin.QuestionControllerTest" file="/build/framgia/viblo-learning-api/tests/Unit/Http/Controllers/Admin/QuestionControllerTest.php" line="111" assertions="4" time="0.039150"/>
<testcase name="test_it_can_store_fill_the_blank_question" class="Tests\Unit\Http\Controllers\Admin\QuestionControllerTest" classname="Tests.Unit.Http.Controllers.Admin.QuestionControllerTest" file="/build/framgia/viblo-learning-api/tests/Unit/Http/Controllers/Admin/QuestionControllerTest.php" line="153" assertions="4" time="0.042588"/>
</testsuite>
<testsuite name="Tests\Unit\Http\Controllers\Admin\ReferenceControllerTest" file="/build/framgia/viblo-learning-api/tests/Unit/Http/Controllers/Admin/ReferenceControllerTest.php" tests="5" assertions="9" errors="0" warnings="0" failures="0" skipped="0" time="0.160547">
<testcase name="test_it_can_get_list_references" class="Tests\Unit\Http\Controllers\Admin\ReferenceControllerTest" classname="Tests.Unit.Http.Controllers.Admin.ReferenceControllerTest" file="/build/framgia/viblo-learning-api/tests/Unit/Http/Controllers/Admin/ReferenceControllerTest.php" line="48" assertions="2" time="0.045738"/>
<testcase name="test_it_can_get_store_reference" class="Tests\Unit\Http\Controllers\Admin\ReferenceControllerTest" classname="Tests.Unit.Http.Controllers.Admin.ReferenceControllerTest" file="/build/framgia/viblo-learning-api/tests/Unit/Http/Controllers/Admin/ReferenceControllerTest.php" line="62" assertions="2" time="0.029618"/>
<testcase name="test_it_can_show_reference" class="Tests\Unit\Http\Controllers\Admin\ReferenceControllerTest" classname="Tests.Unit.Http.Controllers.Admin.ReferenceControllerTest" file="/build/framgia/viblo-learning-api/tests/Unit/Http/Controllers/Admin/ReferenceControllerTest.php" line="85" assertions="1" time="0.027204"/>
<testcase name="test_it_can_update_reference" class="Tests\Unit\Http\Controllers\Admin\ReferenceControllerTest" classname="Tests.Unit.Http.Controllers.Admin.ReferenceControllerTest" file="/build/framgia/viblo-learning-api/tests/Unit/Http/Controllers/Admin/ReferenceControllerTest.php" line="93" assertions="2" time="0.029902"/>
<testcase name="test_it_can_destroy_reference" class="Tests\Unit\Http\Controllers\Admin\ReferenceControllerTest" classname="Tests.Unit.Http.Controllers.Admin.ReferenceControllerTest" file="/build/framgia/viblo-learning-api/tests/Unit/Http/Controllers/Admin/ReferenceControllerTest.php" line="120" assertions="2" time="0.028085"/>
</testsuite>
<testsuite name="Tests\Unit\Http\Controllers\Admin\TagControllerTest" file="/build/framgia/viblo-learning-api/tests/Unit/Http/Controllers/Admin/TagControllerTest.php" tests="5" assertions="12" errors="0" warnings="0" failures="0" skipped="0" time="0.177574">
<testcase name="test_index" class="Tests\Unit\Http\Controllers\Admin\TagControllerTest" classname="Tests.Unit.Http.Controllers.Admin.TagControllerTest" file="/build/framgia/viblo-learning-api/tests/Unit/Http/Controllers/Admin/TagControllerTest.php" line="32" assertions="2" time="0.036433"/>
<testcase name="test_it_can_store" class="Tests\Unit\Http\Controllers\Admin\TagControllerTest" classname="Tests.Unit.Http.Controllers.Admin.TagControllerTest" file="/build/framgia/viblo-learning-api/tests/Unit/Http/Controllers/Admin/TagControllerTest.php" line="51" assertions="2" time="0.030998"/>
<testcase name="test_it_can_show" class="Tests\Unit\Http\Controllers\Admin\TagControllerTest" classname="Tests.Unit.Http.Controllers.Admin.TagControllerTest" file="/build/framgia/viblo-learning-api/tests/Unit/Http/Controllers/Admin/TagControllerTest.php" line="65" assertions="2" time="0.030931"/>
<testcase name="test_it_can_update" class="Tests\Unit\Http\Controllers\Admin\TagControllerTest" classname="Tests.Unit.Http.Controllers.Admin.TagControllerTest" file="/build/framgia/viblo-learning-api/tests/Unit/Http/Controllers/Admin/TagControllerTest.php" line="76" assertions="2" time="0.031310"/>
<testcase name="test_it_can_destroy" class="Tests\Unit\Http\Controllers\Admin\TagControllerTest" classname="Tests.Unit.Http.Controllers.Admin.TagControllerTest" file="/build/framgia/viblo-learning-api/tests/Unit/Http/Controllers/Admin/TagControllerTest.php" line="91" assertions="4" time="0.047902"/>
</testsuite>
<testsuite name="Tests\Unit\Http\Controllers\Admin\Version\GetCourseVersionTest" file="/build/framgia/viblo-learning-api/tests/Unit/Http/Controllers/Admin/Version/GetCourseVersionTest.php" tests="1" assertions="6" errors="0" warnings="0" failures="0" skipped="0" time="0.080344">
<testcase name="test_it_can_get_list_course_version" class="Tests\Unit\Http\Controllers\Admin\Version\GetCourseVersionTest" classname="Tests.Unit.Http.Controllers.Admin.Version.GetCourseVersionTest" file="/build/framgia/viblo-learning-api/tests/Unit/Http/Controllers/Admin/Version/GetCourseVersionTest.php" line="37" assertions="6" time="0.080344"/>
</testsuite>
<testsuite name="Tests\Unit\Http\Controllers\Admin\Version\GetExamVersionTest" file="/build/framgia/viblo-learning-api/tests/Unit/Http/Controllers/Admin/Version/GetExamVersionTest.php" tests="1" assertions="1" errors="0" warnings="0" failures="0" skipped="0" time="0.036311">
<testcase name="test_it_can_get_list_exam_version" class="Tests\Unit\Http\Controllers\Admin\Version\GetExamVersionTest" classname="Tests.Unit.Http.Controllers.Admin.Version.GetExamVersionTest" file="/build/framgia/viblo-learning-api/tests/Unit/Http/Controllers/Admin/Version/GetExamVersionTest.php" line="34" assertions="1" time="0.036311"/>
</testsuite>
<testsuite name="Tests\Unit\Http\Controllers\Admin\VoucherControllerTest" file="/build/framgia/viblo-learning-api/tests/Unit/Http/Controllers/Admin/VoucherControllerTest.php" tests="5" assertions="9" errors="0" warnings="0" failures="0" skipped="0" time="0.199415">
<testcase name="test_it_can_run_index" class="Tests\Unit\Http\Controllers\Admin\VoucherControllerTest" classname="Tests.Unit.Http.Controllers.Admin.VoucherControllerTest" file="/build/framgia/viblo-learning-api/tests/Unit/Http/Controllers/Admin/VoucherControllerTest.php" line="41" assertions="2" time="0.035274"/>
<testcase name="test_it_can_run_store" class="Tests\Unit\Http\Controllers\Admin\VoucherControllerTest" classname="Tests.Unit.Http.Controllers.Admin.VoucherControllerTest" file="/build/framgia/viblo-learning-api/tests/Unit/Http/Controllers/Admin/VoucherControllerTest.php" line="53" assertions="2" time="0.032314"/>
<testcase name="test_it_can_run_show" class="Tests\Unit\Http\Controllers\Admin\VoucherControllerTest" classname="Tests.Unit.Http.Controllers.Admin.VoucherControllerTest" file="/build/framgia/viblo-learning-api/tests/Unit/Http/Controllers/Admin/VoucherControllerTest.php" line="65" assertions="1" time="0.060569"/>
<testcase name="test_it_can_run_update" class="Tests\Unit\Http\Controllers\Admin\VoucherControllerTest" classname="Tests.Unit.Http.Controllers.Admin.VoucherControllerTest" file="/build/framgia/viblo-learning-api/tests/Unit/Http/Controllers/Admin/VoucherControllerTest.php" line="74" assertions="2" time="0.041267"/>
<testcase name="test_it_can_run_destroy" class="Tests\Unit\Http\Controllers\Admin\VoucherControllerTest" classname="Tests.Unit.Http.Controllers.Admin.VoucherControllerTest" file="/build/framgia/viblo-learning-api/tests/Unit/Http/Controllers/Admin/VoucherControllerTest.php" line="87" assertions="2" time="0.029992"/>
</testsuite>
<testsuite name="Tests\Unit\Http\Controllers\Web\Certificates\CertificateControllerTest" file="/build/framgia/viblo-learning-api/tests/Unit/Http/Controllers/Web/Certificates/CertificateControllerTest.php" tests="1" assertions="2" errors="0" warnings="0" failures="0" skipped="0" time="0.045147">
<testcase name="test_it_can_show_certificate_by_hashId_public_course_status" class="Tests\Unit\Http\Controllers\Web\Certificates\CertificateControllerTest" classname="Tests.Unit.Http.Controllers.Web.Certificates.CertificateControllerTest" file="/build/framgia/viblo-learning-api/tests/Unit/Http/Controllers/Web/Certificates/CertificateControllerTest.php" line="37" assertions="2" time="0.045147"/>
</testsuite>
<testsuite name="Tests\Unit\Http\Controllers\Web\Contribution\ContributionControllerTest" file="/build/framgia/viblo-learning-api/tests/Unit/Http/Controllers/Web/Contribution/ContributionControllerTest.php" tests="4" assertions="9" errors="0" warnings="0" failures="0" skipped="0" time="0.135139">
<testcase name="test_user_can_get_list_contribute" class="Tests\Unit\Http\Controllers\Web\Contribution\ContributionControllerTest" classname="Tests.Unit.Http.Controllers.Web.Contribution.ContributionControllerTest" file="/build/framgia/viblo-learning-api/tests/Unit/Http/Controllers/Web/Contribution/ContributionControllerTest.php" line="47" assertions="1" time="0.031964"/>
<testcase name="test_user_can_get_list_contribute_with_trashed" class="Tests\Unit\Http\Controllers\Web\Contribution\ContributionControllerTest" classname="Tests.Unit.Http.Controllers.Web.Contribution.ContributionControllerTest" file="/build/framgia/viblo-learning-api/tests/Unit/Http/Controllers/Web/Contribution/ContributionControllerTest.php" line="74" assertions="1" time="0.031478"/>
<testcase name="test_user_can_restore_contribution" class="Tests\Unit\Http\Controllers\Web\Contribution\ContributionControllerTest" classname="Tests.Unit.Http.Controllers.Web.Contribution.ContributionControllerTest" file="/build/framgia/viblo-learning-api/tests/Unit/Http/Controllers/Web/Contribution/ContributionControllerTest.php" line="101" assertions="5" time="0.031627"/>
<testcase name="test_user_can_destroy_contribution" class="Tests\Unit\Http\Controllers\Web\Contribution\ContributionControllerTest" classname="Tests.Unit.Http.Controllers.Web.Contribution.ContributionControllerTest" file="/build/framgia/viblo-learning-api/tests/Unit/Http/Controllers/Web/Contribution/ContributionControllerTest.php" line="117" assertions="2" time="0.040070"/>
</testsuite>
<testsuite name="Tests\Unit\Http\Controllers\Web\Contribution\ForceCreateContributionTest" file="/build/framgia/viblo-learning-api/tests/Unit/Http/Controllers/Web/Contribution/ForceCreateContributionTest.php" tests="1" assertions="2" errors="0" warnings="0" failures="0" skipped="0" time="0.055257">
<testcase name="test_user_can_get_list_contribute" class="Tests\Unit\Http\Controllers\Web\Contribution\ForceCreateContributionTest" classname="Tests.Unit.Http.Controllers.Web.Contribution.ForceCreateContributionTest" file="/build/framgia/viblo-learning-api/tests/Unit/Http/Controllers/Web/Contribution/ForceCreateContributionTest.php" line="44" assertions="2" time="0.055257"/>
</testsuite>
<testsuite name="Tests\Unit\Http\Controllers\Web\Contribution\SaveContributionTest" file="/build/framgia/viblo-learning-api/tests/Unit/Http/Controllers/Web/Contribution/SaveContributionTest.php" tests="2" assertions="22" errors="0" warnings="0" failures="0" skipped="0" time="0.119996">
<testcase name="test_it_can_save_new_contribution" class="Tests\Unit\Http\Controllers\Web\Contribution\SaveContributionTest" classname="Tests.Unit.Http.Controllers.Web.Contribution.SaveContributionTest" file="/build/framgia/viblo-learning-api/tests/Unit/Http/Controllers/Web/Contribution/SaveContributionTest.php" line="44" assertions="11" time="0.078337"/>
<testcase name="test_it_can_create_contribution" class="Tests\Unit\Http\Controllers\Web\Contribution\SaveContributionTest" classname="Tests.Unit.Http.Controllers.Web.Contribution.SaveContributionTest" file="/build/framgia/viblo-learning-api/tests/Unit/Http/Controllers/Web/Contribution/SaveContributionTest.php" line="83" assertions="11" time="0.041659"/>
</testsuite>
<testsuite name="Tests\Unit\Http\Controllers\Web\Courses\EnrollCourseTest" file="/build/framgia/viblo-learning-api/tests/Unit/Http/Controllers/Web/Courses/EnrollCourseTest.php" tests="1" assertions="1" errors="0" warnings="0" failures="0" skipped="0" time="0.037202">
<testcase name="test_it_can_enroll_course" class="Tests\Unit\Http\Controllers\Web\Courses\EnrollCourseTest" classname="Tests.Unit.Http.Controllers.Web.Courses.EnrollCourseTest" file="/build/framgia/viblo-learning-api/tests/Unit/Http/Controllers/Web/Courses/EnrollCourseTest.php" line="69" assertions="1" time="0.037202"/>
</testsuite>
<testsuite name="Tests\Unit\Http\Controllers\Web\Courses\ViewCounterControllerTest" file="/build/framgia/viblo-learning-api/tests/Unit/Http/Controllers/Web/Courses/ViewCounterControllerTest.php" tests="1" assertions="4" errors="0" warnings="0" failures="0" skipped="0" time="0.054898">
<testcase name="test_it_can_count_course_view" class="Tests\Unit\Http\Controllers\Web\Courses\ViewCounterControllerTest" classname="Tests.Unit.Http.Controllers.Web.Courses.ViewCounterControllerTest" file="/build/framgia/viblo-learning-api/tests/Unit/Http/Controllers/Web/Courses/ViewCounterControllerTest.php" line="35" assertions="4" time="0.054898"/>
</testsuite>
<testsuite name="Tests\Unit\Http\Controllers\Web\ExamControllerTest" file="/build/framgia/viblo-learning-api/tests/Unit/Http/Controllers/Web/ExamControllerTest.php" tests="2" assertions="6" errors="0" warnings="0" failures="0" skipped="0" time="0.130895">
<testcase name="test_it_can_get_list_exam_by_certificate_id" class="Tests\Unit\Http\Controllers\Web\ExamControllerTest" classname="Tests.Unit.Http.Controllers.Web.ExamControllerTest" file="/build/framgia/viblo-learning-api/tests/Unit/Http/Controllers/Web/ExamControllerTest.php" line="60" assertions="3" time="0.073381"/>
<testcase name="test_it_can_show_exam" class="Tests\Unit\Http\Controllers\Web\ExamControllerTest" classname="Tests.Unit.Http.Controllers.Web.ExamControllerTest" file="/build/framgia/viblo-learning-api/tests/Unit/Http/Controllers/Web/ExamControllerTest.php" line="80" assertions="3" time="0.057514"/>
</testsuite>
<testsuite name="Tests\Unit\Http\Controllers\Web\Exams\ViewCounterControllerTest" file="/build/framgia/viblo-learning-api/tests/Unit/Http/Controllers/Web/Exams/ViewCounterControllerTest.php" tests="1" assertions="3" errors="0" warnings="0" failures="0" skipped="0" time="0.029243">
<testcase name="test_it_can_count_view_exam" class="Tests\Unit\Http\Controllers\Web\Exams\ViewCounterControllerTest" classname="Tests.Unit.Http.Controllers.Web.Exams.ViewCounterControllerTest" file="/build/framgia/viblo-learning-api/tests/Unit/Http/Controllers/Web/Exams/ViewCounterControllerTest.php" line="36" assertions="3" time="0.029243"/>
</testsuite>
<testsuite name="Tests\Unit\Http\Controllers\Web\Feedbacks\StoreTest" file="/build/framgia/viblo-learning-api/tests/Unit/Http/Controllers/Web/Feedbacks/StoreTest.php" tests="1" assertions="1" errors="0" warnings="0" failures="0" skipped="0" time="0.039596">
<testcase name="test_it_can_store_feedback" class="Tests\Unit\Http\Controllers\Web\Feedbacks\StoreTest" classname="Tests.Unit.Http.Controllers.Web.Feedbacks.StoreTest" file="/build/framgia/viblo-learning-api/tests/Unit/Http/Controllers/Web/Feedbacks/StoreTest.php" line="14" assertions="1" time="0.039596"/>
</testsuite>
<testsuite name="Tests\Unit\Http\Controllers\Web\Notifications\NotificationControllerTest" file="/build/framgia/viblo-learning-api/tests/Unit/Http/Controllers/Web/Notifications/NotificationControllerTest.php" tests="3" assertions="9" errors="0" warnings="0" failures="0" skipped="0" time="0.151386">
<testcase name="test_it_can_get_notifications" class="Tests\Unit\Http\Controllers\Web\Notifications\NotificationControllerTest" classname="Tests.Unit.Http.Controllers.Web.Notifications.NotificationControllerTest" file="/build/framgia/viblo-learning-api/tests/Unit/Http/Controllers/Web/Notifications/NotificationControllerTest.php" line="37" assertions="5" time="0.033308"/>
<testcase name="test_it_can_process_all" class="Tests\Unit\Http\Controllers\Web\Notifications\NotificationControllerTest" classname="Tests.Unit.Http.Controllers.Web.Notifications.NotificationControllerTest" file="/build/framgia/viblo-learning-api/tests/Unit/Http/Controllers/Web/Notifications/NotificationControllerTest.php" line="60" assertions="2" time="0.038891"/>
<testcase name="test_it_can_toggle_notification" class="Tests\Unit\Http\Controllers\Web\Notifications\NotificationControllerTest" classname="Tests.Unit.Http.Controllers.Web.Notifications.NotificationControllerTest" file="/build/framgia/viblo-learning-api/tests/Unit/Http/Controllers/Web/Notifications/NotificationControllerTest.php" line="76" assertions="2" time="0.079187"/>
</testsuite>
<testsuite name="Tests\Unit\Http\Controllers\Web\Objectives\GetObjectiveTrackingByCourseTest" file="/build/framgia/viblo-learning-api/tests/Unit/Http/Controllers/Web/Objectives/GetObjectiveTrackingByCourseTest.php" tests="1" assertions="5" errors="0" warnings="0" failures="0" skipped="0" time="0.033720">
<testcase name="test_it_can_get_data" class="Tests\Unit\Http\Controllers\Web\Objectives\GetObjectiveTrackingByCourseTest" classname="Tests.Unit.Http.Controllers.Web.Objectives.GetObjectiveTrackingByCourseTest" file="/build/framgia/viblo-learning-api/tests/Unit/Http/Controllers/Web/Objectives/GetObjectiveTrackingByCourseTest.php" line="33" assertions="5" time="0.033720"/>
</testsuite>
<testsuite name="Tests\Unit\Http\Controllers\Web\Objectives\TrackingObjectivesTest" file="/build/framgia/viblo-learning-api/tests/Unit/Http/Controllers/Web/Objectives/TrackingObjectivesTest.php" tests="1" assertions="2" errors="0" warnings="0" failures="0" skipped="0" time="0.030634">
<testcase name="test_it_can_get_data" class="Tests\Unit\Http\Controllers\Web\Objectives\TrackingObjectivesTest" classname="Tests.Unit.Http.Controllers.Web.Objectives.TrackingObjectivesTest" file="/build/framgia/viblo-learning-api/tests/Unit/Http/Controllers/Web/Objectives/TrackingObjectivesTest.php" line="36" assertions="2" time="0.030634"/>
</testsuite>
<testsuite name="Tests\Unit\Http\Controllers\Web\Questions\ContributeQuestionControllerTest" file="/build/framgia/viblo-learning-api/tests/Unit/Http/Controllers/Web/Questions/ContributeQuestionControllerTest.php" tests="1" assertions="2" errors="0" warnings="0" failures="0" skipped="0" time="0.031220">
<testcase name="test_it_can_get_data" class="Tests\Unit\Http\Controllers\Web\Questions\ContributeQuestionControllerTest" classname="Tests.Unit.Http.Controllers.Web.Questions.ContributeQuestionControllerTest" file="/build/framgia/viblo-learning-api/tests/Unit/Http/Controllers/Web/Questions/ContributeQuestionControllerTest.php" line="35" assertions="2" time="0.031220"/>
</testsuite>
<testsuite name="Tests\Unit\Http\Controllers\Web\Questions\GetContributedQuestionsControllerTest" file="/build/framgia/viblo-learning-api/tests/Unit/Http/Controllers/Web/Questions/GetContributedQuestionsControllerTest.php" tests="1" assertions="9" errors="0" warnings="0" failures="0" skipped="0" time="0.035890">
<testcase name="test_it_get_contributed_questions" class="Tests\Unit\Http\Controllers\Web\Questions\GetContributedQuestionsControllerTest" classname="Tests.Unit.Http.Controllers.Web.Questions.GetContributedQuestionsControllerTest" file="/build/framgia/viblo-learning-api/tests/Unit/Http/Controllers/Web/Questions/GetContributedQuestionsControllerTest.php" line="39" assertions="9" time="0.035890"/>
</testsuite>
<testsuite name="Tests\Unit\Http\Controllers\Web\Questions\ReportControllerTest" file="/build/framgia/viblo-learning-api/tests/Unit/Http/Controllers/Web/Questions/ReportControllerTest.php" tests="2" assertions="12" errors="0" warnings="0" failures="0" skipped="0" time="0.115533">
<testcase name="test_it_can_report_question" class="Tests\Unit\Http\Controllers\Web\Questions\ReportControllerTest" classname="Tests.Unit.Http.Controllers.Web.Questions.ReportControllerTest" file="/build/framgia/viblo-learning-api/tests/Unit/Http/Controllers/Web/Questions/ReportControllerTest.php" line="46" assertions="6" time="0.088349"/>
<testcase name="test_it_can_report_question_with_exception" class="Tests\Unit\Http\Controllers\Web\Questions\ReportControllerTest" classname="Tests.Unit.Http.Controllers.Web.Questions.ReportControllerTest" file="/build/framgia/viblo-learning-api/tests/Unit/Http/Controllers/Web/Questions/ReportControllerTest.php" line="77" assertions="6" time="0.027184"/>
</testsuite>
<testsuite name="Tests\Unit\Http\Controllers\Web\Questions\ReviewQuestionTest" file="/build/framgia/viblo-learning-api/tests/Unit/Http/Controllers/Web/Questions/ReviewQuestionTest.php" tests="3" assertions="9" errors="0" warnings="0" failures="0" skipped="0" time="0.129043">
<testcase name="test_it_can_get_reviewed_questions" class="Tests\Unit\Http\Controllers\Web\Questions\ReviewQuestionTest" classname="Tests.Unit.Http.Controllers.Web.Questions.ReviewQuestionTest" file="/build/framgia/viblo-learning-api/tests/Unit/Http/Controllers/Web/Questions/ReviewQuestionTest.php" line="47" assertions="4" time="0.040729"/>
<testcase name="test_it_can_get_reviewed_questions_without_status" class="Tests\Unit\Http\Controllers\Web\Questions\ReviewQuestionTest" classname="Tests.Unit.Http.Controllers.Web.Questions.ReviewQuestionTest" file="/build/framgia/viblo-learning-api/tests/Unit/Http/Controllers/Web/Questions/ReviewQuestionTest.php" line="80" assertions="4" time="0.053341"/>
<testcase name="test_it_can_get_assign_course" class="Tests\Unit\Http\Controllers\Web\Questions\ReviewQuestionTest" classname="Tests.Unit.Http.Controllers.Web.Questions.ReviewQuestionTest" file="/build/framgia/viblo-learning-api/tests/Unit/Http/Controllers/Web/Questions/ReviewQuestionTest.php" line="111" assertions="1" time="0.034973"/>
</testsuite>
<testsuite name="Tests\Unit\Http\Controllers\Web\Questions\StoreContributeQuestionControllerTest" file="/build/framgia/viblo-learning-api/tests/Unit/Http/Controllers/Web/Questions/StoreContributeQuestionControllerTest.php" tests="3" assertions="11" errors="0" warnings="0" failures="0" skipped="0" time="0.159798">
<testcase name="test_it_can_store_choice_question" class="Tests\Unit\Http\Controllers\Web\Questions\StoreContributeQuestionControllerTest" classname="Tests.Unit.Http.Controllers.Web.Questions.StoreContributeQuestionControllerTest" file="/build/framgia/viblo-learning-api/tests/Unit/Http/Controllers/Web/Questions/StoreContributeQuestionControllerTest.php" line="40" assertions="4" time="0.047268"/>
<testcase name="test_it_can_store_fill_the_blank_question" class="Tests\Unit\Http\Controllers\Web\Questions\StoreContributeQuestionControllerTest" classname="Tests.Unit.Http.Controllers.Web.Questions.StoreContributeQuestionControllerTest" file="/build/framgia/viblo-learning-api/tests/Unit/Http/Controllers/Web/Questions/StoreContributeQuestionControllerTest.php" line="82" assertions="4" time="0.053854"/>
<testcase name="test_it_can_detect_null_type" class="Tests\Unit\Http\Controllers\Web\Questions\StoreContributeQuestionControllerTest" classname="Tests.Unit.Http.Controllers.Web.Questions.StoreContributeQuestionControllerTest" file="/build/framgia/viblo-learning-api/tests/Unit/Http/Controllers/Web/Questions/StoreContributeQuestionControllerTest.php" line="124" assertions="3" time="0.058676"/>
</testsuite>
<testsuite name="Tests\Unit\Http\Controllers\Web\Rankings\GetContributionTest" file="/build/framgia/viblo-learning-api/tests/Unit/Http/Controllers/Web/Rankings/GetContributionTest.php" tests="4" assertions="8" errors="0" warnings="0" failures="0" skipped="0" time="0.132895">
<testcase name="test_it_can_get_contribution_all" class="Tests\Unit\Http\Controllers\Web\Rankings\GetContributionTest" classname="Tests.Unit.Http.Controllers.Web.Rankings.GetContributionTest" file="/build/framgia/viblo-learning-api/tests/Unit/Http/Controllers/Web/Rankings/GetContributionTest.php" line="41" assertions="2" time="0.038456"/>
<testcase name="test_it_can_get_contribution_is_null_type" class="Tests\Unit\Http\Controllers\Web\Rankings\GetContributionTest" classname="Tests.Unit.Http.Controllers.Web.Rankings.GetContributionTest" file="/build/framgia/viblo-learning-api/tests/Unit/Http/Controllers/Web/Rankings/GetContributionTest.php" line="55" assertions="2" time="0.034444"/>
<testcase name="test_it_can_get_contribution_monthly" class="Tests\Unit\Http\Controllers\Web\Rankings\GetContributionTest" classname="Tests.Unit.Http.Controllers.Web.Rankings.GetContributionTest" file="/build/framgia/viblo-learning-api/tests/Unit/Http/Controllers/Web/Rankings/GetContributionTest.php" line="69" assertions="2" time="0.030437"/>
<testcase name="test_it_can_get_contribution_weekly" class="Tests\Unit\Http\Controllers\Web\Rankings\GetContributionTest" classname="Tests.Unit.Http.Controllers.Web.Rankings.GetContributionTest" file="/build/framgia/viblo-learning-api/tests/Unit/Http/Controllers/Web/Rankings/GetContributionTest.php" line="80" assertions="2" time="0.029558"/>
</testsuite>
<testsuite name="Tests\Unit\Http\Controllers\Web\Rankings\GetRankingTest" file="/build/framgia/viblo-learning-api/tests/Unit/Http/Controllers/Web/Rankings/GetRankingTest.php" tests="4" assertions="8" errors="0" warnings="0" failures="0" skipped="0" time="0.130120">
<testcase name="test_it_can_get_ranking_all" class="Tests\Unit\Http\Controllers\Web\Rankings\GetRankingTest" classname="Tests.Unit.Http.Controllers.Web.Rankings.GetRankingTest" file="/build/framgia/viblo-learning-api/tests/Unit/Http/Controllers/Web/Rankings/GetRankingTest.php" line="41" assertions="2" time="0.030939"/>
<testcase name="test_it_can_get_ranking_is_null_type" class="Tests\Unit\Http\Controllers\Web\Rankings\GetRankingTest" classname="Tests.Unit.Http.Controllers.Web.Rankings.GetRankingTest" file="/build/framgia/viblo-learning-api/tests/Unit/Http/Controllers/Web/Rankings/GetRankingTest.php" line="55" assertions="2" time="0.035373"/>
<testcase name="test_it_can_get_ranking_monthly" class="Tests\Unit\Http\Controllers\Web\Rankings\GetRankingTest" classname="Tests.Unit.Http.Controllers.Web.Rankings.GetRankingTest" file="/build/framgia/viblo-learning-api/tests/Unit/Http/Controllers/Web/Rankings/GetRankingTest.php" line="69" assertions="2" time="0.029647"/>
<testcase name="test_it_can_get_ranking_weekly" class="Tests\Unit\Http\Controllers\Web\Rankings\GetRankingTest" classname="Tests.Unit.Http.Controllers.Web.Rankings.GetRankingTest" file="/build/framgia/viblo-learning-api/tests/Unit/Http/Controllers/Web/Rankings/GetRankingTest.php" line="83" assertions="2" time="0.034161"/>
</testsuite>
<testsuite name="Tests\Unit\Http\Controllers\Web\Roadmaps\RoadmapControllerTest" file="/build/framgia/viblo-learning-api/tests/Unit/Http/Controllers/Web/Roadmaps/RoadmapControllerTest.php" tests="2" assertions="2" errors="1" warnings="0" failures="0" skipped="0" time="0.074537">
<testcase name="test_it_can_get_roadmap_tree" class="Tests\Unit\Http\Controllers\Web\Roadmaps\RoadmapControllerTest" classname="Tests.Unit.Http.Controllers.Web.Roadmaps.RoadmapControllerTest" file="/build/framgia/viblo-learning-api/tests/Unit/Http/Controllers/Web/Roadmaps/RoadmapControllerTest.php" line="32" assertions="0" time="0.033688">
<error type="PHPUnit\Framework\RiskyTestError">Risky Test </error>
</testcase>
<testcase name="test_it_can_show_roadmap_tree_from_node" class="Tests\Unit\Http\Controllers\Web\Roadmaps\RoadmapControllerTest" classname="Tests.Unit.Http.Controllers.Web.Roadmaps.RoadmapControllerTest" file="/build/framgia/viblo-learning-api/tests/Unit/Http/Controllers/Web/Roadmaps/RoadmapControllerTest.php" line="52" assertions="2" time="0.040849"/>
</testsuite>
<testsuite name="Tests\Unit\Http\Controllers\Web\Tests\GetContinueTest" file="/build/framgia/viblo-learning-api/tests/Unit/Http/Controllers/Web/Tests/GetContinueTest.php" tests="2" assertions="2" errors="0" warnings="0" failures="0" skipped="0" time="0.103819">
<testcase name="test_it_can_get_continue" class="Tests\Unit\Http\Controllers\Web\Tests\GetContinueTest" classname="Tests.Unit.Http.Controllers.Web.Tests.GetContinueTest" file="/build/framgia/viblo-learning-api/tests/Unit/Http/Controllers/Web/Tests/GetContinueTest.php" line="39" assertions="1" time="0.062749"/>
<testcase name="test_it_can_not_get_continue" class="Tests\Unit\Http\Controllers\Web\Tests\GetContinueTest" classname="Tests.Unit.Http.Controllers.Web.Tests.GetContinueTest" file="/build/framgia/viblo-learning-api/tests/Unit/Http/Controllers/Web/Tests/GetContinueTest.php" line="60" assertions="1" time="0.041070"/>
</testsuite>
<testsuite name="Tests\Unit\Http\Controllers\Web\Tests\StoreSubmissionTest" file="/build/framgia/viblo-learning-api/tests/Unit/Http/Controllers/Web/Tests/StoreSubmissionTest.php" tests="2" assertions="6" errors="0" warnings="0" failures="0" skipped="0" time="0.138913">
<testcase name="test_it_should_using_database_transaction" class="Tests\Unit\Http\Controllers\Web\Tests\StoreSubmissionTest" classname="Tests.Unit.Http.Controllers.Web.Tests.StoreSubmissionTest" file="/build/framgia/viblo-learning-api/tests/Unit/Http/Controllers/Web/Tests/StoreSubmissionTest.php" line="43" assertions="3" time="0.079486"/>
<testcase name="test_it_can_store_test_answers" class="Tests\Unit\Http\Controllers\Web\Tests\StoreSubmissionTest" classname="Tests.Unit.Http.Controllers.Web.Tests.StoreSubmissionTest" file="/build/framgia/viblo-learning-api/tests/Unit/Http/Controllers/Web/Tests/StoreSubmissionTest.php" line="70" assertions="3" time="0.059427"/>
</testsuite>
<testsuite name="Tests\Unit\Http\Controllers\Web\User\GetUserCertificateTest" file="/build/framgia/viblo-learning-api/tests/Unit/Http/Controllers/Web/User/GetUserCertificateTest.php" tests="2" assertions="13" errors="0" warnings="0" failures="0" skipped="0" time="0.126071">
<testcase name="test_it_can_get_new_user_certificate" class="Tests\Unit\Http\Controllers\Web\User\GetUserCertificateTest" classname="Tests.Unit.Http.Controllers.Web.User.GetUserCertificateTest" file="/build/framgia/viblo-learning-api/tests/Unit/Http/Controllers/Web/User/GetUserCertificateTest.php" line="53" assertions="8" time="0.078732"/>
<testcase name="test_it_can_get_old_user_certificate" class="Tests\Unit\Http\Controllers\Web\User\GetUserCertificateTest" classname="Tests.Unit.Http.Controllers.Web.User.GetUserCertificateTest" file="/build/framgia/viblo-learning-api/tests/Unit/Http/Controllers/Web/User/GetUserCertificateTest.php" line="86" assertions="5" time="0.047339"/>
</testsuite>
<testsuite name="Tests\Unit\Http\Controllers\WebInitTest" file="/build/framgia/viblo-learning-api/tests/Unit/Http/Controllers/WebInitTest.php" tests="2" assertions="8" errors="0" warnings="0" failures="0" skipped="0" time="0.085920">
<testcase name="test_it_can_not_init_data" class="Tests\Unit\Http\Controllers\WebInitTest" classname="Tests.Unit.Http.Controllers.WebInitTest" file="/build/framgia/viblo-learning-api/tests/Unit/Http/Controllers/WebInitTest.php" line="37" assertions="3" time="0.027019"/>
<testcase name="test_it_can_init_data" class="Tests\Unit\Http\Controllers\WebInitTest" classname="Tests.Unit.Http.Controllers.WebInitTest" file="/build/framgia/viblo-learning-api/tests/Unit/Http/Controllers/WebInitTest.php" line="48" assertions="5" time="0.058901"/>
</testsuite>
<testsuite name="Tests\Unit\Http\Middleware\AdminTest" file="/build/framgia/viblo-learning-api/tests/Unit/Http/Middleware/AdminTest.php" tests="3" assertions="5" errors="0" warnings="0" failures="0" skipped="0" time="0.093829">
<testcase name="test_it_passes_for_admin" class="Tests\Unit\Http\Middleware\AdminTest" classname="Tests.Unit.Http.Middleware.AdminTest" file="/build/framgia/viblo-learning-api/tests/Unit/Http/Middleware/AdminTest.php" line="16" assertions="2" time="0.029229"/>
<testcase name="test_it_fail_for_normal_user" class="Tests\Unit\Http\Middleware\AdminTest" classname="Tests.Unit.Http.Middleware.AdminTest" file="/build/framgia/viblo-learning-api/tests/Unit/Http/Middleware/AdminTest.php" line="28" assertions="2" time="0.031000"/>
<testcase name="test_it_fail_when_user_isnt_login" class="Tests\Unit\Http\Middleware\AdminTest" classname="Tests.Unit.Http.Middleware.AdminTest" file="/build/framgia/viblo-learning-api/tests/Unit/Http/Middleware/AdminTest.php" line="39" assertions="1" time="0.033600"/>
</testsuite>
<testsuite name="Tests\Unit\Http\Middleware\RoleTest" file="/build/framgia/viblo-learning-api/tests/Unit/Http/Middleware/RoleTest.php" tests="2" assertions="5" errors="0" warnings="0" failures="0" skipped="0" time="0.056263">
<testcase name="test_it_passes_role" class="Tests\Unit\Http\Middleware\RoleTest" classname="Tests.Unit.Http.Middleware.RoleTest" file="/build/framgia/viblo-learning-api/tests/Unit/Http/Middleware/RoleTest.php" line="16" assertions="3" time="0.026810"/>
<testcase name="test_it_fail_role" class="Tests\Unit\Http\Middleware\RoleTest" classname="Tests.Unit.Http.Middleware.RoleTest" file="/build/framgia/viblo-learning-api/tests/Unit/Http/Middleware/RoleTest.php" line="29" assertions="2" time="0.029453"/>
</testsuite>
<testsuite name="Tests\Unit\Http\Requests\Categories\StoreCategoryTest" file="/build/framgia/viblo-learning-api/tests/Unit/Http/Requests/Categories/StoreCategoryTest.php" tests="2" assertions="2" errors="0" warnings="0" failures="0" skipped="0" time="0.055175">
<testcase name="test_it_authorize_rules" class="Tests\Unit\Http\Requests\Categories\StoreCategoryTest" classname="Tests.Unit.Http.Requests.Categories.StoreCategoryTest" file="/build/framgia/viblo-learning-api/tests/Unit/Http/Requests/Categories/StoreCategoryTest.php" line="11" assertions="1" time="0.029820"/>
<testcase name="test_it_contain_valid_rules" class="Tests\Unit\Http\Requests\Categories\StoreCategoryTest" classname="Tests.Unit.Http.Requests.Categories.StoreCategoryTest" file="/build/framgia/viblo-learning-api/tests/Unit/Http/Requests/Categories/StoreCategoryTest.php" line="17" assertions="1" time="0.025355"/>
</testsuite>
<testsuite name="Tests\Unit\Http\Requests\Certificate\FilterCertificateTest" file="/build/framgia/viblo-learning-api/tests/Unit/Http/Requests/Certificate/FilterCertificateTest.php" tests="2" assertions="2" errors="0" warnings="0" failures="0" skipped="0" time="0.051623">
<testcase name="test_it_authorize_rules" class="Tests\Unit\Http\Requests\Certificate\FilterCertificateTest" classname="Tests.Unit.Http.Requests.Certificate.FilterCertificateTest" file="/build/framgia/viblo-learning-api/tests/Unit/Http/Requests/Certificate/FilterCertificateTest.php" line="12" assertions="1" time="0.025942"/>
<testcase name="test_it_contain_valid_rules" class="Tests\Unit\Http\Requests\Certificate\FilterCertificateTest" classname="Tests.Unit.Http.Requests.Certificate.FilterCertificateTest" file="/build/framgia/viblo-learning-api/tests/Unit/Http/Requests/Certificate/FilterCertificateTest.php" line="18" assertions="1" time="0.025681"/>
</testsuite>
<testsuite name="Tests\Unit\Http\Requests\Certificate\StoreCertificateTest" file="/build/framgia/viblo-learning-api/tests/Unit/Http/Requests/Certificate/StoreCertificateTest.php" tests="2" assertions="2" errors="0" warnings="0" failures="0" skipped="0" time="0.051477">
<testcase name="test_it_authorize_rules" class="Tests\Unit\Http\Requests\Certificate\StoreCertificateTest" classname="Tests.Unit.Http.Requests.Certificate.StoreCertificateTest" file="/build/framgia/viblo-learning-api/tests/Unit/Http/Requests/Certificate/StoreCertificateTest.php" line="13" assertions="1" time="0.025987"/>
<testcase name="test_it_contain_valid_rules" class="Tests\Unit\Http\Requests\Certificate\StoreCertificateTest" classname="Tests.Unit.Http.Requests.Certificate.StoreCertificateTest" file="/build/framgia/viblo-learning-api/tests/Unit/Http/Requests/Certificate/StoreCertificateTest.php" line="19" assertions="1" time="0.025490"/>
</testsuite>
<testsuite name="Tests\Unit\Http\Requests\Certificate\UpdateCertificateTest" file="/build/framgia/viblo-learning-api/tests/Unit/Http/Requests/Certificate/UpdateCertificateTest.php" tests="2" assertions="3" errors="0" warnings="0" failures="0" skipped="0" time="0.064781">
<testcase name="test_it_authorize_rules" class="Tests\Unit\Http\Requests\Certificate\UpdateCertificateTest" classname="Tests.Unit.Http.Requests.Certificate.UpdateCertificateTest" file="/build/framgia/viblo-learning-api/tests/Unit/Http/Requests/Certificate/UpdateCertificateTest.php" line="15" assertions="1" time="0.026195"/>
<testcase name="test_it_contain_valid_rules" class="Tests\Unit\Http\Requests\Certificate\UpdateCertificateTest" classname="Tests.Unit.Http.Requests.Certificate.UpdateCertificateTest" file="/build/framgia/viblo-learning-api/tests/Unit/Http/Requests/Certificate/UpdateCertificateTest.php" line="21" assertions="2" time="0.038586"/>
</testsuite>
<testsuite name="Tests\Unit\Http\Requests\Courses\CreateCourseTest" file="/build/framgia/viblo-learning-api/tests/Unit/Http/Requests/Courses/CreateCourseTest.php" tests="2" assertions="2" errors="0" warnings="0" failures="0" skipped="0" time="0.073040">
<testcase name="test_it_authorize_rules" class="Tests\Unit\Http\Requests\Courses\CreateCourseTest" classname="Tests.Unit.Http.Requests.Courses.CreateCourseTest" file="/build/framgia/viblo-learning-api/tests/Unit/Http/Requests/Courses/CreateCourseTest.php" line="11" assertions="1" time="0.047546"/>
<testcase name="test_it_contain_valid_rules" class="Tests\Unit\Http\Requests\Courses\CreateCourseTest" classname="Tests.Unit.Http.Requests.Courses.CreateCourseTest" file="/build/framgia/viblo-learning-api/tests/Unit/Http/Requests/Courses/CreateCourseTest.php" line="17" assertions="1" time="0.025494"/>
</testsuite>
<testsuite name="Tests\Unit\Http\Requests\Courses\SetTrendingOrderRequestTest" file="/build/framgia/viblo-learning-api/tests/Unit/Http/Requests/Courses/SetTrendingOrderRequestTest.php" tests="2" assertions="2" errors="0" warnings="0" failures="0" skipped="0" time="0.051701">
<testcase name="test_it_authorize_rules" class="Tests\Unit\Http\Requests\Courses\SetTrendingOrderRequestTest" classname="Tests.Unit.Http.Requests.Courses.SetTrendingOrderRequestTest" file="/build/framgia/viblo-learning-api/tests/Unit/Http/Requests/Courses/SetTrendingOrderRequestTest.php" line="12" assertions="1" time="0.025679"/>
<testcase name="test_it_contain_valid_rules" class="Tests\Unit\Http\Requests\Courses\SetTrendingOrderRequestTest" classname="Tests.Unit.Http.Requests.Courses.SetTrendingOrderRequestTest" file="/build/framgia/viblo-learning-api/tests/Unit/Http/Requests/Courses/SetTrendingOrderRequestTest.php" line="18" assertions="1" time="0.026022"/>
</testsuite>
<testsuite name="Tests\Unit\Http\Requests\Exams\CreateExamTest" file="/build/framgia/viblo-learning-api/tests/Unit/Http/Requests/Exams/CreateExamTest.php" tests="2" assertions="2" errors="0" warnings="0" failures="0" skipped="0" time="0.051261">
<testcase name="test_it_authorize_rules" class="Tests\Unit\Http\Requests\Exams\CreateExamTest" classname="Tests.Unit.Http.Requests.Exams.CreateExamTest" file="/build/framgia/viblo-learning-api/tests/Unit/Http/Requests/Exams/CreateExamTest.php" line="11" assertions="1" time="0.025435"/>
<testcase name="test_it_contain_valid_rules" class="Tests\Unit\Http\Requests\Exams\CreateExamTest" classname="Tests.Unit.Http.Requests.Exams.CreateExamTest" file="/build/framgia/viblo-learning-api/tests/Unit/Http/Requests/Exams/CreateExamTest.php" line="17" assertions="1" time="0.025826"/>
</testsuite>
<testsuite name="Tests\Unit\Http\Requests\Exams\UpdateExamTest" file="/build/framgia/viblo-learning-api/tests/Unit/Http/Requests/Exams/UpdateExamTest.php" tests="5" assertions="8" errors="0" warnings="0" failures="0" skipped="0" time="0.214073">
<testcase name="test_it_authorize_rules" class="Tests\Unit\Http\Requests\Exams\UpdateExamTest" classname="Tests.Unit.Http.Requests.Exams.UpdateExamTest" file="/build/framgia/viblo-learning-api/tests/Unit/Http/Requests/Exams/UpdateExamTest.php" line="18" assertions="1" time="0.025456"/>
<testcase name="test_it_contain_valid_rules" class="Tests\Unit\Http\Requests\Exams\UpdateExamTest" classname="Tests.Unit.Http.Requests.Exams.UpdateExamTest" file="/build/framgia/viblo-learning-api/tests/Unit/Http/Requests/Exams/UpdateExamTest.php" line="24" assertions="1" time="0.025520"/>
<testcase name="test_it_contain_get_input_data_mode_picked" class="Tests\Unit\Http\Requests\Exams\UpdateExamTest" classname="Tests.Unit.Http.Requests.Exams.UpdateExamTest" file="/build/framgia/viblo-learning-api/tests/Unit/Http/Requests/Exams/UpdateExamTest.php" line="51" assertions="2" time="0.081149"/>
<testcase name="test_it_contain_get_input_data_mode_weight" class="Tests\Unit\Http\Requests\Exams\UpdateExamTest" classname="Tests.Unit.Http.Requests.Exams.UpdateExamTest" file="/build/framgia/viblo-learning-api/tests/Unit/Http/Requests/Exams/UpdateExamTest.php" line="61" assertions="2" time="0.039024"/>
<testcase name="test_it_contain_get_input_data_null_mode" class="Tests\Unit\Http\Requests\Exams\UpdateExamTest" classname="Tests.Unit.Http.Requests.Exams.UpdateExamTest" file="/build/framgia/viblo-learning-api/tests/Unit/Http/Requests/Exams/UpdateExamTest.php" line="71" assertions="2" time="0.042924"/>
</testsuite>
<testsuite name="Tests\Unit\Http\Requests\Objectives\StoreObjectivesTest" file="/build/framgia/viblo-learning-api/tests/Unit/Http/Requests/Objectives/StoreObjectivesTest.php" tests="2" assertions="2" errors="0" warnings="0" failures="0" skipped="0" time="0.052783">
<testcase name="test_it_authorize_rules" class="Tests\Unit\Http\Requests\Objectives\StoreObjectivesTest" classname="Tests.Unit.Http.Requests.Objectives.StoreObjectivesTest" file="/build/framgia/viblo-learning-api/tests/Unit/Http/Requests/Objectives/StoreObjectivesTest.php" line="11" assertions="1" time="0.025339"/>
<testcase name="test_it_contain_valid_rules" class="Tests\Unit\Http\Requests\Objectives\StoreObjectivesTest" classname="Tests.Unit.Http.Requests.Objectives.StoreObjectivesTest" file="/build/framgia/viblo-learning-api/tests/Unit/Http/Requests/Objectives/StoreObjectivesTest.php" line="17" assertions="1" time="0.027444"/>
</testsuite>
<testsuite name="Tests\Unit\Http\Requests\Questions\Admin\RemoveQuestionTest" file="/build/framgia/viblo-learning-api/tests/Unit/Http/Requests/Questions/Admin/RemoveQuestionTest.php" tests="2" assertions="2" errors="0" warnings="0" failures="0" skipped="0" time="0.052814">
<testcase name="test_it_authorize_rules" class="Tests\Unit\Http\Requests\Questions\Admin\RemoveQuestionTest" classname="Tests.Unit.Http.Requests.Questions.Admin.RemoveQuestionTest" file="/build/framgia/viblo-learning-api/tests/Unit/Http/Requests/Questions/Admin/RemoveQuestionTest.php" line="13" assertions="1" time="0.025657"/>
<testcase name="test_it_contain_rule_remove_question" class="Tests\Unit\Http\Requests\Questions\Admin\RemoveQuestionTest" classname="Tests.Unit.Http.Requests.Questions.Admin.RemoveQuestionTest" file="/build/framgia/viblo-learning-api/tests/Unit/Http/Requests/Questions/Admin/RemoveQuestionTest.php" line="19" assertions="1" time="0.027157"/>
</testsuite>
<testsuite name="Tests\Unit\Http\Requests\Questions\Admin\ShowQuestionTest" file="/build/framgia/viblo-learning-api/tests/Unit/Http/Requests/Questions/Admin/ShowQuestionTest.php" tests="2" assertions="2" errors="0" warnings="0" failures="0" skipped="0" time="0.092976">
<testcase name="test_it_authorize_rules" class="Tests\Unit\Http\Requests\Questions\Admin\ShowQuestionTest" classname="Tests.Unit.Http.Requests.Questions.Admin.ShowQuestionTest" file="/build/framgia/viblo-learning-api/tests/Unit/Http/Requests/Questions/Admin/ShowQuestionTest.php" line="14" assertions="1" time="0.066376"/>
<testcase name="test_it_contain_default_rules" class="Tests\Unit\Http\Requests\Questions\Admin\ShowQuestionTest" classname="Tests.Unit.Http.Requests.Questions.Admin.ShowQuestionTest" file="/build/framgia/viblo-learning-api/tests/Unit/Http/Requests/Questions/Admin/ShowQuestionTest.php" line="20" assertions="1" time="0.026600"/>
</testsuite>
<testsuite name="Tests\Unit\Http\Requests\Questions\Admin\UpdateContributeQuestionTest" file="/build/framgia/viblo-learning-api/tests/Unit/Http/Requests/Questions/Admin/UpdateContributeQuestionTest.php" tests="5" assertions="5" errors="0" warnings="0" failures="0" skipped="0" time="0.151478">
<testcase name="test_it_authorize_rules" class="Tests\Unit\Http\Requests\Questions\Admin\UpdateContributeQuestionTest" classname="Tests.Unit.Http.Requests.Questions.Admin.UpdateContributeQuestionTest" file="/build/framgia/viblo-learning-api/tests/Unit/Http/Requests/Questions/Admin/UpdateContributeQuestionTest.php" line="15" assertions="1" time="0.026573"/>
<testcase name="test_it_contain_default_rules" class="Tests\Unit\Http\Requests\Questions\Admin\UpdateContributeQuestionTest" classname="Tests.Unit.Http.Requests.Questions.Admin.UpdateContributeQuestionTest" file="/build/framgia/viblo-learning-api/tests/Unit/Http/Requests/Questions/Admin/UpdateContributeQuestionTest.php" line="21" assertions="1" time="0.032510"/>
<testcase name="test_it_contain_rule_for_multi_choice_question" class="Tests\Unit\Http\Requests\Questions\Admin\UpdateContributeQuestionTest" classname="Tests.Unit.Http.Requests.Questions.Admin.UpdateContributeQuestionTest" file="/build/framgia/viblo-learning-api/tests/Unit/Http/Requests/Questions/Admin/UpdateContributeQuestionTest.php" line="42" assertions="1" time="0.033724"/>
<testcase name="test_it_contain_rule_for_single_choice_question" class="Tests\Unit\Http\Requests\Questions\Admin\UpdateContributeQuestionTest" classname="Tests.Unit.Http.Requests.Questions.Admin.UpdateContributeQuestionTest" file="/build/framgia/viblo-learning-api/tests/Unit/Http/Requests/Questions/Admin/UpdateContributeQuestionTest.php" line="72" assertions="1" time="0.027767"/>
<testcase name="test_it_contain_rules_for_fill_the_blank" class="Tests\Unit\Http\Requests\Questions\Admin\UpdateContributeQuestionTest" classname="Tests.Unit.Http.Requests.Questions.Admin.UpdateContributeQuestionTest" file="/build/framgia/viblo-learning-api/tests/Unit/Http/Requests/Questions/Admin/UpdateContributeQuestionTest.php" line="102" assertions="1" time="0.030904"/>
</testsuite>
<testsuite name="Tests\Unit\Http\Requests\Questions\Admin\UpdateMultipleRequestTest" file="/build/framgia/viblo-learning-api/tests/Unit/Http/Requests/Questions/Admin/UpdateMultipleRequestTest.php" tests="2" assertions="2" errors="0" warnings="0" failures="0" skipped="0" time="0.060273">
<testcase name="test_it_authorize_rules" class="Tests\Unit\Http\Requests\Questions\Admin\UpdateMultipleRequestTest" classname="Tests.Unit.Http.Requests.Questions.Admin.UpdateMultipleRequestTest" file="/build/framgia/viblo-learning-api/tests/Unit/Http/Requests/Questions/Admin/UpdateMultipleRequestTest.php" line="14" assertions="1" time="0.027346"/>
<testcase name="test_it_contain_rule_for_update_multiple_questions" class="Tests\Unit\Http\Requests\Questions\Admin\UpdateMultipleRequestTest" classname="Tests.Unit.Http.Requests.Questions.Admin.UpdateMultipleRequestTest" file="/build/framgia/viblo-learning-api/tests/Unit/Http/Requests/Questions/Admin/UpdateMultipleRequestTest.php" line="20" assertions="1" time="0.032927"/>
</testsuite>
<testsuite name="Tests\Unit\Http\Requests\Questions\Admin\UpdateObjectiveRequestTest" file="/build/framgia/viblo-learning-api/tests/Unit/Http/Requests/Questions/Admin/UpdateObjectiveRequestTest.php" tests="2" assertions="2" errors="0" warnings="0" failures="0" skipped="0" time="0.057666">
<testcase name="test_it_authorize_rules" class="Tests\Unit\Http\Requests\Questions\Admin\UpdateObjectiveRequestTest" classname="Tests.Unit.Http.Requests.Questions.Admin.UpdateObjectiveRequestTest" file="/build/framgia/viblo-learning-api/tests/Unit/Http/Requests/Questions/Admin/UpdateObjectiveRequestTest.php" line="14" assertions="1" time="0.029081"/>
<testcase name="test_it_contain_rule_for_update_objective_multiple_questions" class="Tests\Unit\Http\Requests\Questions\Admin\UpdateObjectiveRequestTest" classname="Tests.Unit.Http.Requests.Questions.Admin.UpdateObjectiveRequestTest" file="/build/framgia/viblo-learning-api/tests/Unit/Http/Requests/Questions/Admin/UpdateObjectiveRequestTest.php" line="20" assertions="1" time="0.028585"/>
</testsuite>
<testsuite name="Tests\Unit\Http\Requests\Questions\ImportQuestionRequestTest" file="/build/framgia/viblo-learning-api/tests/Unit/Http/Requests/Questions/ImportQuestionRequestTest.php" tests="2" assertions="2" errors="0" warnings="0" failures="0" skipped="0" time="0.056628">
<testcase name="test_it_authorize_rules" class="Tests\Unit\Http\Requests\Questions\ImportQuestionRequestTest" classname="Tests.Unit.Http.Requests.Questions.ImportQuestionRequestTest" file="/build/framgia/viblo-learning-api/tests/Unit/Http/Requests/Questions/ImportQuestionRequestTest.php" line="12" assertions="1" time="0.027984"/>
<testcase name="test_it_contain_default_rules" class="Tests\Unit\Http\Requests\Questions\ImportQuestionRequestTest" classname="Tests.Unit.Http.Requests.Questions.ImportQuestionRequestTest" file="/build/framgia/viblo-learning-api/tests/Unit/Http/Requests/Questions/ImportQuestionRequestTest.php" line="18" assertions="1" time="0.028644"/>
</testsuite>
<testsuite name="Tests\Unit\Http\Requests\Questions\ImportQuestionTest" file="/build/framgia/viblo-learning-api/tests/Unit/Http/Requests/Questions/ImportQuestionTest.php" tests="2" assertions="2" errors="0" warnings="0" failures="0" skipped="0" time="0.056152">
<testcase name="test_it_authorize_rules" class="Tests\Unit\Http\Requests\Questions\ImportQuestionTest" classname="Tests.Unit.Http.Requests.Questions.ImportQuestionTest" file="/build/framgia/viblo-learning-api/tests/Unit/Http/Requests/Questions/ImportQuestionTest.php" line="19" assertions="1" time="0.027684"/>
<testcase name="test_it_contain_default_rules" class="Tests\Unit\Http\Requests\Questions\ImportQuestionTest" classname="Tests.Unit.Http.Requests.Questions.ImportQuestionTest" file="/build/framgia/viblo-learning-api/tests/Unit/Http/Requests/Questions/ImportQuestionTest.php" line="25" assertions="1" time="0.028468"/>
</testsuite>
<testsuite name="Tests\Unit\Http\Requests\Questions\MarkQuestionAsReviewRequestTest" file="/build/framgia/viblo-learning-api/tests/Unit/Http/Requests/Questions/MarkQuestionAsReviewRequestTest.php" tests="1" assertions="1" errors="0" warnings="0" failures="0" skipped="0" time="0.027083">
<testcase name="test_it_authorize_rules" class="Tests\Unit\Http\Requests\Questions\MarkQuestionAsReviewRequestTest" classname="Tests.Unit.Http.Requests.Questions.MarkQuestionAsReviewRequestTest" file="/build/framgia/viblo-learning-api/tests/Unit/Http/Requests/Questions/MarkQuestionAsReviewRequestTest.php" line="11" assertions="1" time="0.027083"/>
</testsuite>
<testsuite name="Tests\Unit\Http\Requests\Questions\ReportRequestTest" file="/build/framgia/viblo-learning-api/tests/Unit/Http/Requests/Questions/ReportRequestTest.php" tests="2" assertions="2" errors="0" warnings="0" failures="0" skipped="0" time="0.081498">
<testcase name="test_it_authorize_rules" class="Tests\Unit\Http\Requests\Questions\ReportRequestTest" classname="Tests.Unit.Http.Requests.Questions.ReportRequestTest" file="/build/framgia/viblo-learning-api/tests/Unit/Http/Requests/Questions/ReportRequestTest.php" line="11" assertions="1" time="0.053831"/>
<testcase name="test_it_contain_default_rules" class="Tests\Unit\Http\Requests\Questions\ReportRequestTest" classname="Tests.Unit.Http.Requests.Questions.ReportRequestTest" file="/build/framgia/viblo-learning-api/tests/Unit/Http/Requests/Questions/ReportRequestTest.php" line="17" assertions="1" time="0.027667"/>
</testsuite>
<testsuite name="Tests\Unit\Http\Requests\Questions\ReviewQuestionTest" file="/build/framgia/viblo-learning-api/tests/Unit/Http/Requests/Questions/ReviewQuestionTest.php" tests="5" assertions="5" errors="0" warnings="0" failures="0" skipped="0" time="0.140727">
<testcase name="test_it_authorize_rules" class="Tests\Unit\Http\Requests\Questions\ReviewQuestionTest" classname="Tests.Unit.Http.Requests.Questions.ReviewQuestionTest" file="/build/framgia/viblo-learning-api/tests/Unit/Http/Requests/Questions/ReviewQuestionTest.php" line="15" assertions="1" time="0.028652"/>
<testcase name="test_it_contain_default_rules" class="Tests\Unit\Http\Requests\Questions\ReviewQuestionTest" classname="Tests.Unit.Http.Requests.Questions.ReviewQuestionTest" file="/build/framgia/viblo-learning-api/tests/Unit/Http/Requests/Questions/ReviewQuestionTest.php" line="21" assertions="1" time="0.028185"/>
<testcase name="test_it_contain_rule_for_multi_choice_question" class="Tests\Unit\Http\Requests\Questions\ReviewQuestionTest" classname="Tests.Unit.Http.Requests.Questions.ReviewQuestionTest" file="/build/framgia/viblo-learning-api/tests/Unit/Http/Requests/Questions/ReviewQuestionTest.php" line="51" assertions="1" time="0.028020"/>
<testcase name="test_it_contain_rule_for_single_choice_question" class="Tests\Unit\Http\Requests\Questions\ReviewQuestionTest" classname="Tests.Unit.Http.Requests.Questions.ReviewQuestionTest" file="/build/framgia/viblo-learning-api/tests/Unit/Http/Requests/Questions/ReviewQuestionTest.php" line="89" assertions="1" time="0.027653"/>
<testcase name="test_it_contain_rules_for_fill_the_blank" class="Tests\Unit\Http\Requests\Questions\ReviewQuestionTest" classname="Tests.Unit.Http.Requests.Questions.ReviewQuestionTest" file="/build/framgia/viblo-learning-api/tests/Unit/Http/Requests/Questions/ReviewQuestionTest.php" line="127" assertions="1" time="0.028217"/>
</testsuite>
<testsuite name="Tests\Unit\Http\Requests\Questions\StoreContributeQuestionTest" file="/build/framgia/viblo-learning-api/tests/Unit/Http/Requests/Questions/StoreContributeQuestionTest.php" tests="5" assertions="10" errors="0" warnings="0" failures="0" skipped="0" time="0.221076">
<testcase name="test_it_authorize_rules" class="Tests\Unit\Http\Requests\Questions\StoreContributeQuestionTest" classname="Tests.Unit.Http.Requests.Questions.StoreContributeQuestionTest" file="/build/framgia/viblo-learning-api/tests/Unit/Http/Requests/Questions/StoreContributeQuestionTest.php" line="16" assertions="2" time="0.078552"/>
<testcase name="test_it_contain_default_rules" class="Tests\Unit\Http\Requests\Questions\StoreContributeQuestionTest" classname="Tests.Unit.Http.Requests.Questions.StoreContributeQuestionTest" file="/build/framgia/viblo-learning-api/tests/Unit/Http/Requests/Questions/StoreContributeQuestionTest.php" line="27" assertions="2" time="0.035025"/>
<testcase name="test_it_contain_rule_for_multi_choice_question" class="Tests\Unit\Http\Requests\Questions\StoreContributeQuestionTest" classname="Tests.Unit.Http.Requests.Questions.StoreContributeQuestionTest" file="/build/framgia/viblo-learning-api/tests/Unit/Http/Requests/Questions/StoreContributeQuestionTest.php" line="50" assertions="2" time="0.035661"/>
<testcase name="test_it_contain_rule_for_single_choice_question" class="Tests\Unit\Http\Requests\Questions\StoreContributeQuestionTest" classname="Tests.Unit.Http.Requests.Questions.StoreContributeQuestionTest" file="/build/framgia/viblo-learning-api/tests/Unit/Http/Requests/Questions/StoreContributeQuestionTest.php" line="81" assertions="2" time="0.034697"/>
<testcase name="test_it_contain_rules_for_fill_the_blank" class="Tests\Unit\Http\Requests\Questions\StoreContributeQuestionTest" classname="Tests.Unit.Http.Requests.Questions.StoreContributeQuestionTest" file="/build/framgia/viblo-learning-api/tests/Unit/Http/Requests/Questions/StoreContributeQuestionTest.php" line="112" assertions="2" time="0.037141"/>
</testsuite>
<testsuite name="Tests\Unit\Http\Requests\Questions\UpdateContributeQuestionTest" file="/build/framgia/viblo-learning-api/tests/Unit/Http/Requests/Questions/UpdateContributeQuestionTest.php" tests="5" assertions="5" errors="0" warnings="0" failures="0" skipped="0" time="0.167590">
<testcase name="test_it_authorize_rules" class="Tests\Unit\Http\Requests\Questions\UpdateContributeQuestionTest" classname="Tests.Unit.Http.Requests.Questions.UpdateContributeQuestionTest" file="/build/framgia/viblo-learning-api/tests/Unit/Http/Requests/Questions/UpdateContributeQuestionTest.php" line="15" assertions="1" time="0.028649"/>
<testcase name="test_it_contain_default_rules" class="Tests\Unit\Http\Requests\Questions\UpdateContributeQuestionTest" classname="Tests.Unit.Http.Requests.Questions.UpdateContributeQuestionTest" file="/build/framgia/viblo-learning-api/tests/Unit/Http/Requests/Questions/UpdateContributeQuestionTest.php" line="21" assertions="1" time="0.028282"/>
<testcase name="test_it_contain_rule_for_multi_choice_question" class="Tests\Unit\Http\Requests\Questions\UpdateContributeQuestionTest" classname="Tests.Unit.Http.Requests.Questions.UpdateContributeQuestionTest" file="/build/framgia/viblo-learning-api/tests/Unit/Http/Requests/Questions/UpdateContributeQuestionTest.php" line="48" assertions="1" time="0.027171"/>
<testcase name="test_it_contain_rule_for_single_choice_question" class="Tests\Unit\Http\Requests\Questions\UpdateContributeQuestionTest" classname="Tests.Unit.Http.Requests.Questions.UpdateContributeQuestionTest" file="/build/framgia/viblo-learning-api/tests/Unit/Http/Requests/Questions/UpdateContributeQuestionTest.php" line="83" assertions="1" time="0.056265"/>
<testcase name="test_it_contain_rules_for_fill_the_blank" class="Tests\Unit\Http\Requests\Questions\UpdateContributeQuestionTest" classname="Tests.Unit.Http.Requests.Questions.UpdateContributeQuestionTest" file="/build/framgia/viblo-learning-api/tests/Unit/Http/Requests/Questions/UpdateContributeQuestionTest.php" line="118" assertions="1" time="0.027223"/>
</testsuite>
<testsuite name="Tests\Unit\Http\Requests\Questions\UpdateObjectiveRequestTest" file="/build/framgia/viblo-learning-api/tests/Unit/Http/Requests/Questions/UpdateObjectiveRequestTest.php" tests="2" assertions="2" errors="0" warnings="0" failures="0" skipped="0" time="0.053793">
<testcase name="test_it_authorize_rules" class="Tests\Unit\Http\Requests\Questions\UpdateObjectiveRequestTest" classname="Tests.Unit.Http.Requests.Questions.UpdateObjectiveRequestTest" file="/build/framgia/viblo-learning-api/tests/Unit/Http/Requests/Questions/UpdateObjectiveRequestTest.php" line="13" assertions="1" time="0.026567"/>
<testcase name="test_it_contain_default_rules" class="Tests\Unit\Http\Requests\Questions\UpdateObjectiveRequestTest" classname="Tests.Unit.Http.Requests.Questions.UpdateObjectiveRequestTest" file="/build/framgia/viblo-learning-api/tests/Unit/Http/Requests/Questions/UpdateObjectiveRequestTest.php" line="19" assertions="1" time="0.027226"/>
</testsuite>
<testsuite name="Tests\Unit\Http\Requests\RecentUpdate\CreateRecentUpdateTest" file="/build/framgia/viblo-learning-api/tests/Unit/Http/Requests/RecentUpdate/CreateRecentUpdateTest.php" tests="2" assertions="2" errors="0" warnings="0" failures="0" skipped="0" time="0.053441">
<testcase name="test_it_authorize_rules" class="Tests\Unit\Http\Requests\RecentUpdate\CreateRecentUpdateTest" classname="Tests.Unit.Http.Requests.RecentUpdate.CreateRecentUpdateTest" file="/build/framgia/viblo-learning-api/tests/Unit/Http/Requests/RecentUpdate/CreateRecentUpdateTest.php" line="14" assertions="1" time="0.026785"/>
<testcase name="test_it_contain_valid_rules" class="Tests\Unit\Http\Requests\RecentUpdate\CreateRecentUpdateTest" classname="Tests.Unit.Http.Requests.RecentUpdate.CreateRecentUpdateTest" file="/build/framgia/viblo-learning-api/tests/Unit/Http/Requests/RecentUpdate/CreateRecentUpdateTest.php" line="20" assertions="1" time="0.026656"/>
</testsuite>
<testsuite name="Tests\Unit\Http\Requests\RecentUpdate\UpdateRecentUpdateTest" file="/build/framgia/viblo-learning-api/tests/Unit/Http/Requests/RecentUpdate/UpdateRecentUpdateTest.php" tests="2" assertions="2" errors="0" warnings="0" failures="0" skipped="0" time="0.052947">
<testcase name="test_it_authorize_rules" class="Tests\Unit\Http\Requests\RecentUpdate\UpdateRecentUpdateTest" classname="Tests.Unit.Http.Requests.RecentUpdate.UpdateRecentUpdateTest" file="/build/framgia/viblo-learning-api/tests/Unit/Http/Requests/RecentUpdate/UpdateRecentUpdateTest.php" line="13" assertions="1" time="0.026168"/>
<testcase name="test_it_contain_valid_rules" class="Tests\Unit\Http\Requests\RecentUpdate\UpdateRecentUpdateTest" classname="Tests.Unit.Http.Requests.RecentUpdate.UpdateRecentUpdateTest" file="/build/framgia/viblo-learning-api/tests/Unit/Http/Requests/RecentUpdate/UpdateRecentUpdateTest.php" line="19" assertions="1" time="0.026779"/>
</testsuite>
<testsuite name="Tests\Unit\Http\Requests\References\StoreReferenceTest" file="/build/framgia/viblo-learning-api/tests/Unit/Http/Requests/References/StoreReferenceTest.php" tests="2" assertions="2" errors="0" warnings="0" failures="0" skipped="0" time="0.052449">
<testcase name="test_it_authorize_rules" class="Tests\Unit\Http\Requests\References\StoreReferenceTest" classname="Tests.Unit.Http.Requests.References.StoreReferenceTest" file="/build/framgia/viblo-learning-api/tests/Unit/Http/Requests/References/StoreReferenceTest.php" line="11" assertions="1" time="0.026984"/>
<testcase name="test_it_contain_valid_rules" class="Tests\Unit\Http\Requests\References\StoreReferenceTest" classname="Tests.Unit.Http.Requests.References.StoreReferenceTest" file="/build/framgia/viblo-learning-api/tests/Unit/Http/Requests/References/StoreReferenceTest.php" line="17" assertions="1" time="0.025465"/>
</testsuite>
<testsuite name="Tests\Unit\Http\Requests\Roadmaps\ChangeOrderTest" file="/build/framgia/viblo-learning-api/tests/Unit/Http/Requests/Roadmaps/ChangeOrderTest.php" tests="2" assertions="3" errors="0" warnings="0" failures="0" skipped="0" time="0.069315">
<testcase name="test_it_authorize_rules" class="Tests\Unit\Http\Requests\Roadmaps\ChangeOrderTest" classname="Tests.Unit.Http.Requests.Roadmaps.ChangeOrderTest" file="/build/framgia/viblo-learning-api/tests/Unit/Http/Requests/Roadmaps/ChangeOrderTest.php" line="13" assertions="1" time="0.026247"/>
<testcase name="test_it_contain_default_rules" class="Tests\Unit\Http\Requests\Roadmaps\ChangeOrderTest" classname="Tests.Unit.Http.Requests.Roadmaps.ChangeOrderTest" file="/build/framgia/viblo-learning-api/tests/Unit/Http/Requests/Roadmaps/ChangeOrderTest.php" line="19" assertions="2" time="0.043068"/>
</testsuite>
<testsuite name="Tests\Unit\Http\Requests\Roadmaps\StoreRoadmapTest" file="/build/framgia/viblo-learning-api/tests/Unit/Http/Requests/Roadmaps/StoreRoadmapTest.php" tests="2" assertions="2" errors="0" warnings="0" failures="0" skipped="0" time="0.066772">
<testcase name="test_it_authorize_rules" class="Tests\Unit\Http\Requests\Roadmaps\StoreRoadmapTest" classname="Tests.Unit.Http.Requests.Roadmaps.StoreRoadmapTest" file="/build/framgia/viblo-learning-api/tests/Unit/Http/Requests/Roadmaps/StoreRoadmapTest.php" line="12" assertions="1" time="0.041208"/>
<testcase name="test_it_contain_default_rules" class="Tests\Unit\Http\Requests\Roadmaps\StoreRoadmapTest" classname="Tests.Unit.Http.Requests.Roadmaps.StoreRoadmapTest" file="/build/framgia/viblo-learning-api/tests/Unit/Http/Requests/Roadmaps/StoreRoadmapTest.php" line="18" assertions="1" time="0.025564"/>
</testsuite>
<testsuite name="Tests\Unit\Http\Requests\Roadmaps\UpdateRoadmapTest" file="/build/framgia/viblo-learning-api/tests/Unit/Http/Requests/Roadmaps/UpdateRoadmapTest.php" tests="2" assertions="2" errors="0" warnings="0" failures="0" skipped="0" time="0.075808">
<testcase name="test_it_authorize_rules" class="Tests\Unit\Http\Requests\Roadmaps\UpdateRoadmapTest" classname="Tests.Unit.Http.Requests.Roadmaps.UpdateRoadmapTest" file="/build/framgia/viblo-learning-api/tests/Unit/Http/Requests/Roadmaps/UpdateRoadmapTest.php" line="12" assertions="1" time="0.049829"/>
[...]
<testcase name="test_it_can_get_objectives_by_certificate" class="Tests\Feature\Http\Controllers\Web\Objectives\GetObjectivesByCertificateTest" classname="Tests.Feature.Http.Controllers.Web.Objectives.GetObjectivesByCertificateTest" file="/build/framgia/viblo-learning-api/tests/Feature/Http/Controllers/Web/Objectives/GetObjectivesByCertificateTest.php" line="28" assertions="3" time="0.050255"/>
</testsuite>
<testsuite name="Tests\Feature\Http\Controllers\Web\Objectives\Practice\MakePracticeTest" file="/build/framgia/viblo-learning-api/tests/Feature/Http/Controllers/Web/Objectives/Practice/MakePracticeTest.php" tests="3" assertions="4" errors="0" warnings="0" failures="0" skipped="0" time="0.424641">
<testcase name="test_it_can_get_new_practice" class="Tests\Feature\Http\Controllers\Web\Objectives\Practice\MakePracticeTest" classname="Tests.Feature.Http.Controllers.Web.Objectives.Practice.MakePracticeTest" file="/build/framgia/viblo-learning-api/tests/Feature/Http/Controllers/Web/Objectives/Practice/MakePracticeTest.php" line="50" assertions="2" time="0.140189"/>
<testcase name="test_it_can_get_existed_practice" class="Tests\Feature\Http\Controllers\Web\Objectives\Practice\MakePracticeTest" classname="Tests.Feature.Http.Controllers.Web.Objectives.Practice.MakePracticeTest" file="/build/framgia/viblo-learning-api/tests/Feature/Http/Controllers/Web/Objectives/Practice/MakePracticeTest.php" line="77" assertions="1" time="0.117442"/>
<testcase name="test_it_can_not_get_existed_practice" class="Tests\Feature\Http\Controllers\Web\Objectives\Practice\MakePracticeTest" classname="Tests.Feature.Http.Controllers.Web.Objectives.Practice.MakePracticeTest" file="/build/framgia/viblo-learning-api/tests/Feature/Http/Controllers/Web/Objectives/Practice/MakePracticeTest.php" line="102" assertions="1" time="0.167010"/>
</testsuite>
<testsuite name="Tests\Feature\Http\Controllers\Web\Questions\DeleteContributeQuestionTest" file="/build/framgia/viblo-learning-api/tests/Feature/Http/Controllers/Web/Questions/DeleteContributeQuestionTest.php" tests="1" assertions="3" errors="0" warnings="0" failures="0" skipped="0" time="0.053511">
<testcase name="test_it_can_delete_contributed_question" class="Tests\Feature\Http\Controllers\Web\Questions\DeleteContributeQuestionTest" classname="Tests.Feature.Http.Controllers.Web.Questions.DeleteContributeQuestionTest" file="/build/framgia/viblo-learning-api/tests/Feature/Http/Controllers/Web/Questions/DeleteContributeQuestionTest.php" line="26" assertions="3" time="0.053511"/>
</testsuite>
<testsuite name="Tests\Feature\Http\Controllers\Web\Questions\DownloadExcelTest" file="/build/framgia/viblo-learning-api/tests/Feature/Http/Controllers/Web/Questions/DownloadExcelTest.php" tests="1" assertions="1" errors="0" warnings="0" failures="0" skipped="0" time="0.157480">
<testcase name="test_it_can_download_excel" class="Tests\Feature\Http\Controllers\Web\Questions\DownloadExcelTest" classname="Tests.Feature.Http.Controllers.Web.Questions.DownloadExcelTest" file="/build/framgia/viblo-learning-api/tests/Feature/Http/Controllers/Web/Questions/DownloadExcelTest.php" line="28" assertions="1" time="0.157480"/>
</testsuite>
<testsuite name="Tests\Feature\Http\Controllers\Web\Questions\FetchMyQuestionTest" file="/build/framgia/viblo-learning-api/tests/Feature/Http/Controllers/Web/Questions/FetchMyQuestionTest.php" tests="1" assertions="7" errors="0" warnings="0" failures="0" skipped="0" time="0.041397">
<testcase name="test_it_fetch_my_questions" class="Tests\Feature\Http\Controllers\Web\Questions\FetchMyQuestionTest" classname="Tests.Feature.Http.Controllers.Web.Questions.FetchMyQuestionTest" file="/build/framgia/viblo-learning-api/tests/Feature/Http/Controllers/Web/Questions/FetchMyQuestionTest.php" line="25" assertions="7" time="0.041397"/>
</testsuite>
<testsuite name="Tests\Feature\Http\Controllers\Web\Questions\GetParentByQuestionTest" file="/build/framgia/viblo-learning-api/tests/Feature/Http/Controllers/Web/Questions/GetParentByQuestionTest.php" tests="1" assertions="12" errors="0" warnings="0" failures="0" skipped="0" time="0.052455">
<testcase name="test_it_can_get_parent_by_question" class="Tests\Feature\Http\Controllers\Web\Questions\GetParentByQuestionTest" classname="Tests.Feature.Http.Controllers.Web.Questions.GetParentByQuestionTest" file="/build/framgia/viblo-learning-api/tests/Feature/Http/Controllers/Web/Questions/GetParentByQuestionTest.php" line="32" assertions="12" time="0.052455"/>
</testsuite>
<testsuite name="Tests\Feature\Http\Controllers\Web\Questions\MarkQuestionsAsReviewTest" file="/build/framgia/viblo-learning-api/tests/Feature/Http/Controllers/Web/Questions/MarkQuestionsAsReviewTest.php" tests="1" assertions="5" errors="0" warnings="0" failures="0" skipped="0" time="0.106904">
<testcase name="test_it_can_mark_questions_as_review" class="Tests\Feature\Http\Controllers\Web\Questions\MarkQuestionsAsReviewTest" classname="Tests.Feature.Http.Controllers.Web.Questions.MarkQuestionsAsReviewTest" file="/build/framgia/viblo-learning-api/tests/Feature/Http/Controllers/Web/Questions/MarkQuestionsAsReviewTest.php" line="25" assertions="5" time="0.106904"/>
</testsuite>
<testsuite name="Tests\Feature\Http\Controllers\Web\Questions\RestoreContributeQuestionTest" file="/build/framgia/viblo-learning-api/tests/Feature/Http/Controllers/Web/Questions/RestoreContributeQuestionTest.php" tests="1" assertions="3" errors="0" warnings="0" failures="0" skipped="0" time="0.051346">
<testcase name="test_it_can_restore_question_feature" class="Tests\Feature\Http\Controllers\Web\Questions\RestoreContributeQuestionTest" classname="Tests.Feature.Http.Controllers.Web.Questions.RestoreContributeQuestionTest" file="/build/framgia/viblo-learning-api/tests/Feature/Http/Controllers/Web/Questions/RestoreContributeQuestionTest.php" line="30" assertions="3" time="0.051346"/>
</testsuite>
<testsuite name="Tests\Feature\Http\Controllers\Web\Questions\ShowContributedQuestionTest" file="/build/framgia/viblo-learning-api/tests/Feature/Http/Controllers/Web/Questions/ShowContributedQuestionTest.php" tests="1" assertions="13" errors="0" warnings="0" failures="0" skipped="0" time="0.060666">
<testcase name="test_it_can_show_contributed_question" class="Tests\Feature\Http\Controllers\Web\Questions\ShowContributedQuestionTest" classname="Tests.Feature.Http.Controllers.Web.Questions.ShowContributedQuestionTest" file="/build/framgia/viblo-learning-api/tests/Feature/Http/Controllers/Web/Questions/ShowContributedQuestionTest.php" line="26" assertions="13" time="0.060666"/>
</testsuite>
<testsuite name="Tests\Feature\Http\Controllers\Web\Questions\StoreContributeQuestionControllerTest" file="/build/framgia/viblo-learning-api/tests/Feature/Http/Controllers/Web/Questions/StoreContributeQuestionControllerTest.php" tests="2" assertions="27" errors="0" warnings="0" failures="0" skipped="0" time="0.112880">
<testcase name="test_it_can_store_multi_choice_question" class="Tests\Feature\Http\Controllers\Web\Questions\StoreContributeQuestionControllerTest" classname="Tests.Feature.Http.Controllers.Web.Questions.StoreContributeQuestionControllerTest" file="/build/framgia/viblo-learning-api/tests/Feature/Http/Controllers/Web/Questions/StoreContributeQuestionControllerTest.php" line="27" assertions="14" time="0.060703"/>
<testcase name="test_it_can_store_fill_the_blank_question" class="Tests\Feature\Http\Controllers\Web\Questions\StoreContributeQuestionControllerTest" classname="Tests.Feature.Http.Controllers.Web.Questions.StoreContributeQuestionControllerTest" file="/build/framgia/viblo-learning-api/tests/Feature/Http/Controllers/Web/Questions/StoreContributeQuestionControllerTest.php" line="99" assertions="13" time="0.052177"/>
</testsuite>
<testsuite name="Tests\Feature\Http\Controllers\Web\Questions\StoreImportQuestionTest" file="/build/framgia/viblo-learning-api/tests/Feature/Http/Controllers/Web/Questions/StoreImportQuestionTest.php" tests="3" assertions="4" errors="0" warnings="0" failures="0" skipped="0" time="0.193160">
<testcase name="test_it_can_import_question_single_choice" class="Tests\Feature\Http\Controllers\Web\Questions\StoreImportQuestionTest" classname="Tests.Feature.Http.Controllers.Web.Questions.StoreImportQuestionTest" file="/build/framgia/viblo-learning-api/tests/Feature/Http/Controllers/Web/Questions/StoreImportQuestionTest.php" line="29" assertions="2" time="0.099985"/>
<testcase name="test_it_can_import_question_multi_choices" class="Tests\Feature\Http\Controllers\Web\Questions\StoreImportQuestionTest" classname="Tests.Feature.Http.Controllers.Web.Questions.StoreImportQuestionTest" file="/build/framgia/viblo-learning-api/tests/Feature/Http/Controllers/Web/Questions/StoreImportQuestionTest.php" line="55" assertions="1" time="0.047218"/>
<testcase name="test_it_can_import_question_fill_the_blank" class="Tests\Feature\Http\Controllers\Web\Questions\StoreImportQuestionTest" classname="Tests.Feature.Http.Controllers.Web.Questions.StoreImportQuestionTest" file="/build/framgia/viblo-learning-api/tests/Feature/Http/Controllers/Web/Questions/StoreImportQuestionTest.php" line="79" assertions="1" time="0.045957"/>
</testsuite>
<testsuite name="Tests\Feature\Http\Controllers\Web\Questions\UpdateContributedQuestionTest" file="/build/framgia/viblo-learning-api/tests/Feature/Http/Controllers/Web/Questions/UpdateContributedQuestionTest.php" tests="2" assertions="39" errors="0" warnings="0" failures="0" skipped="0" time="0.200507">
<testcase name="test_it_can_update_multi_choice_question" class="Tests\Feature\Http\Controllers\Web\Questions\UpdateContributedQuestionTest" classname="Tests.Feature.Http.Controllers.Web.Questions.UpdateContributedQuestionTest" file="/build/framgia/viblo-learning-api/tests/Feature/Http/Controllers/Web/Questions/UpdateContributedQuestionTest.php" line="28" assertions="20" time="0.109384"/>
<testcase name="test_it_can_update_fill_the_blank_question" class="Tests\Feature\Http\Controllers\Web\Questions\UpdateContributedQuestionTest" classname="Tests.Feature.Http.Controllers.Web.Questions.UpdateContributedQuestionTest" file="/build/framgia/viblo-learning-api/tests/Feature/Http/Controllers/Web/Questions/UpdateContributedQuestionTest.php" line="122" assertions="19" time="0.091123"/>
</testsuite>
<testsuite name="Tests\Feature\Http\Controllers\Web\RecentUpdate\GetRecentUpdateTest" file="/build/framgia/viblo-learning-api/tests/Feature/Http/Controllers/Web/RecentUpdate/GetRecentUpdateTest.php" tests="1" assertions="3" errors="0" warnings="0" failures="0" skipped="0" time="0.033487">
<testcase name="test_it_can_get_recent_update" class="Tests\Feature\Http\Controllers\Web\RecentUpdate\GetRecentUpdateTest" classname="Tests.Feature.Http.Controllers.Web.RecentUpdate.GetRecentUpdateTest" file="/build/framgia/viblo-learning-api/tests/Feature/Http/Controllers/Web/RecentUpdate/GetRecentUpdateTest.php" line="14" assertions="3" time="0.033487"/>
</testsuite>
<testsuite name="Tests\Feature\Http\Controllers\Web\Roadmaps\RoadmapControllerTest" file="/build/framgia/viblo-learning-api/tests/Feature/Http/Controllers/Web/Roadmaps/RoadmapControllerTest.php" tests="2" assertions="13" errors="0" warnings="0" failures="0" skipped="0" time="0.141570">
<testcase name="test_it_can_get_roadmap_tree" class="Tests\Feature\Http\Controllers\Web\Roadmaps\RoadmapControllerTest" classname="Tests.Feature.Http.Controllers.Web.Roadmaps.RoadmapControllerTest" file="/build/framgia/viblo-learning-api/tests/Feature/Http/Controllers/Web/Roadmaps/RoadmapControllerTest.php" line="14" assertions="3" time="0.095704"/>
<testcase name="test_it_can_get_roadmap_tree_from_node" class="Tests\Feature\Http\Controllers\Web\Roadmaps\RoadmapControllerTest" classname="Tests.Feature.Http.Controllers.Web.Roadmaps.RoadmapControllerTest" file="/build/framgia/viblo-learning-api/tests/Feature/Http/Controllers/Web/Roadmaps/RoadmapControllerTest.php" line="35" assertions="10" time="0.045866"/>
</testsuite>
<testsuite name="Tests\Feature\Http\Controllers\Web\Tags\GetCoursesByTagTest" file="/build/framgia/viblo-learning-api/tests/Feature/Http/Controllers/Web/Tags/GetCoursesByTagTest.php" tests="1" assertions="75" errors="0" warnings="0" failures="0" skipped="0" time="0.065769">
<testcase name="test_it_can_get_courses_by_category" class="Tests\Feature\Http\Controllers\Web\Tags\GetCoursesByTagTest" classname="Tests.Feature.Http.Controllers.Web.Tags.GetCoursesByTagTest" file="/build/framgia/viblo-learning-api/tests/Feature/Http/Controllers/Web/Tags/GetCoursesByTagTest.php" line="16" assertions="75" time="0.065769"/>
</testsuite>
<testsuite name="Tests\Feature\Http\Controllers\Web\Tags\GetTagTest" file="/build/framgia/viblo-learning-api/tests/Feature/Http/Controllers/Web/Tags/GetTagTest.php" tests="1" assertions="24" errors="0" warnings="0" failures="0" skipped="0" time="0.041137">
<testcase name="test_it_can_get_tags" class="Tests\Feature\Http\Controllers\Web\Tags\GetTagTest" classname="Tests.Feature.Http.Controllers.Web.Tags.GetTagTest" file="/build/framgia/viblo-learning-api/tests/Feature/Http/Controllers/Web/Tags/GetTagTest.php" line="15" assertions="24" time="0.041137"/>
</testsuite>
<testsuite name="Tests\Feature\Http\Controllers\Web\Tests\StoreSubmissionTest" file="/build/framgia/viblo-learning-api/tests/Feature/Http/Controllers/Web/Tests/StoreSubmissionTest.php" tests="1" assertions="2" errors="0" warnings="0" failures="0" skipped="0" time="0.057424">
<testcase name="test_it_can_store_submission" class="Tests\Feature\Http\Controllers\Web\Tests\StoreSubmissionTest" classname="Tests.Feature.Http.Controllers.Web.Tests.StoreSubmissionTest" file="/build/framgia/viblo-learning-api/tests/Feature/Http/Controllers/Web/Tests/StoreSubmissionTest.php" line="26" assertions="2" time="0.057424"/>
</testsuite>
<testsuite name="Tests\Feature\Http\Controllers\Web\UploadControllerTest" file="/build/framgia/viblo-learning-api/tests/Feature/Http/Controllers/Web/UploadControllerTest.php" tests="2" assertions="8" errors="0" warnings="0" failures="0" skipped="0" time="0.071258">
<testcase name="test_it_can_get_media" class="Tests\Feature\Http\Controllers\Web\UploadControllerTest" classname="Tests.Feature.Http.Controllers.Web.UploadControllerTest" file="/build/framgia/viblo-learning-api/tests/Feature/Http/Controllers/Web/UploadControllerTest.php" line="25" assertions="7" time="0.034233"/>
<testcase name="test_it_can_not_destroy_media" class="Tests\Feature\Http\Controllers\Web\UploadControllerTest" classname="Tests.Feature.Http.Controllers.Web.UploadControllerTest" file="/build/framgia/viblo-learning-api/tests/Feature/Http/Controllers/Web/UploadControllerTest.php" line="49" assertions="1" time="0.037025"/>
</testsuite>
<testsuite name="Tests\Feature\Http\Controllers\Web\User\GetDashboardMyQuestionTest" file="/build/framgia/viblo-learning-api/tests/Feature/Http/Controllers/Web/User/GetDashboardMyQuestionTest.php" tests="1" assertions="7" errors="0" warnings="0" failures="0" skipped="0" time="0.038171">
<testcase name="test_it_can_get_dashboard_my_question" class="Tests\Feature\Http\Controllers\Web\User\GetDashboardMyQuestionTest" classname="Tests.Feature.Http.Controllers.Web.User.GetDashboardMyQuestionTest" file="/build/framgia/viblo-learning-api/tests/Feature/Http/Controllers/Web/User/GetDashboardMyQuestionTest.php" line="25" assertions="7" time="0.038171"/>
</testsuite>
<testsuite name="Tests\Feature\Http\Controllers\Web\User\GetProfileTest" file="/build/framgia/viblo-learning-api/tests/Feature/Http/Controllers/Web/User/GetProfileTest.php" tests="4" assertions="39" errors="0" warnings="0" failures="0" skipped="0" time="0.229586">
<testcase name="test_it_can_get_profile" class="Tests\Feature\Http\Controllers\Web\User\GetProfileTest" classname="Tests.Feature.Http.Controllers.Web.User.GetProfileTest" file="/build/framgia/viblo-learning-api/tests/Feature/Http/Controllers/Web/User/GetProfileTest.php" line="25" assertions="11" time="0.058726"/>
<testcase name="test_it_can_get_profile_history_tests" class="Tests\Feature\Http\Controllers\Web\User\GetProfileTest" classname="Tests.Feature.Http.Controllers.Web.User.GetProfileTest" file="/build/framgia/viblo-learning-api/tests/Feature/Http/Controllers/Web/User/GetProfileTest.php" line="46" assertions="14" time="0.060569"/>
<testcase name="test_it_can_get_profile_activity_logs" class="Tests\Feature\Http\Controllers\Web\User\GetProfileTest" classname="Tests.Feature.Http.Controllers.Web.User.GetProfileTest" file="/build/framgia/viblo-learning-api/tests/Feature/Http/Controllers/Web/User/GetProfileTest.php" line="72" assertions="7" time="0.052655"/>
<testcase name="test_it_can_get_enrolled_courses" class="Tests\Feature\Http\Controllers\Web\User\GetProfileTest" classname="Tests.Feature.Http.Controllers.Web.User.GetProfileTest" file="/build/framgia/viblo-learning-api/tests/Feature/Http/Controllers/Web/User/GetProfileTest.php" line="101" assertions="7" time="0.057636"/>
</testsuite>
</testsuite>
<testsuite name="Integration" tests="4" assertions="4" errors="0" warnings="0" failures="0" skipped="0" time="0.208286">
<testsuite name="Tests\Integration\Jobs\Questions\Contribute\CreateChoiceQuestionTest" file="/build/framgia/viblo-learning-api/tests/Integration/Jobs/Questions/Contribute/CreateChoiceQuestionTest.php" tests="1" assertions="1" errors="0" warnings="0" failures="0" skipped="0" time="0.049122">
<testcase name="test_it_can_create_choice_question_test" class="Tests\Integration\Jobs\Questions\Contribute\CreateChoiceQuestionTest" classname="Tests.Integration.Jobs.Questions.Contribute.CreateChoiceQuestionTest" file="/build/framgia/viblo-learning-api/tests/Integration/Jobs/Questions/Contribute/CreateChoiceQuestionTest.php" line="18" assertions="1" time="0.049122"/>
</testsuite>
<testsuite name="Tests\Integration\Jobs\Questions\Contribute\CreateFillTheBlankQuestionTest" file="/build/framgia/viblo-learning-api/tests/Integration/Jobs/Questions/Contribute/CreateFillTheBlankQuestionTest.php" tests="1" assertions="1" errors="0" warnings="0" failures="0" skipped="0" time="0.032762">
<testcase name="test_it_can_create_fill_the_blank_question_test" class="Tests\Integration\Jobs\Questions\Contribute\CreateFillTheBlankQuestionTest" classname="Tests.Integration.Jobs.Questions.Contribute.CreateFillTheBlankQuestionTest" file="/build/framgia/viblo-learning-api/tests/Integration/Jobs/Questions/Contribute/CreateFillTheBlankQuestionTest.php" line="29" assertions="1" time="0.032762"/>
</testsuite>
<testsuite name="Tests\Integration\Jobs\Tests\CalculateResultTest" file="/build/framgia/viblo-learning-api/tests/Integration/Jobs/Tests/CalculateResultTest.php" tests="1" assertions="1" errors="0" warnings="0" failures="0" skipped="0" time="0.061058">
<testcase name="test_it_can_calculate_result_test" class="Tests\Integration\Jobs\Tests\CalculateResultTest" classname="Tests.Integration.Jobs.Tests.CalculateResultTest" file="/build/framgia/viblo-learning-api/tests/Integration/Jobs/Tests/CalculateResultTest.php" line="30" assertions="1" time="0.061058"/>
</testsuite>
<testsuite name="Tests\Integration\Repositories\Implementations\ExamRepositoryTest" file="/build/framgia/viblo-learning-api/tests/Integration/Repositories/Implementations/ExamRepositoryTest.php" tests="1" assertions="1" errors="0" warnings="0" failures="0" skipped="0" time="0.065344">
<testcase name="test_it_can_get_status_test_exam" class="Tests\Integration\Repositories\Implementations\ExamRepositoryTest" classname="Tests.Integration.Repositories.Implementations.ExamRepositoryTest" file="/build/framgia/viblo-learning-api/tests/Integration/Repositories/Implementations/ExamRepositoryTest.php" line="30" assertions="1" time="0.065344"/>
</testsuite>
</testsuite>
</testsuite>
</testsuites>
